2022-02-22 23:38:56,095 INFO    MainThread:34712 [internal.py:wandb_internal():87] W&B internal server running at pid: 34712, started at: 2022-02-22 23:38:56.090779
2022-02-22 23:38:56,098 INFO    WriterThread:34712 [datastore.py:open_for_write():77] open: E:\learn\github_project\yolov5-face\wandb\run-20220222_233854-2h3jsiyn\run-2h3jsiyn.wandb
2022-02-22 23:38:56,099 DEBUG   HandlerThread:34712 [handler.py:handle_request():130] handle_request: check_version
2022-02-22 23:38:56,108 DEBUG   SenderThread:34712 [sender.py:send():234] send: header
2022-02-22 23:38:56,108 DEBUG   SenderThread:34712 [sender.py:send_request():248] send_request: check_version
2022-02-22 23:38:56,534 DEBUG   SenderThread:34712 [sender.py:send():234] send: run
2022-02-22 23:38:56,549 INFO    SenderThread:34712 [sender.py:_maybe_setup_resume():484] checking resume status for None/YOLOv5/2h3jsiyn
2022-02-22 23:38:57,311 INFO    SenderThread:34712 [dir_watcher.py:__init__():169] watching files in: E:\learn\github_project\yolov5-face\wandb\run-20220222_233854-2h3jsiyn\files
2022-02-22 23:38:57,311 INFO    SenderThread:34712 [sender.py:_start_run_threads():804] run started: 2h3jsiyn with start time 1645544334
2022-02-22 23:38:57,312 DEBUG   SenderThread:34712 [sender.py:send():234] send: summary
2022-02-22 23:38:57,315 DEBUG   HandlerThread:34712 [handler.py:handle_request():130] handle_request: run_start
2022-02-22 23:38:57,316 INFO    SenderThread:34712 [sender.py:_save_file():939] saving file wandb-summary.json with policy end
2022-02-22 23:38:57,349 DEBUG   HandlerThread:34712 [meta.py:__init__():40] meta init
2022-02-22 23:38:57,349 DEBUG   HandlerThread:34712 [meta.py:__init__():54] meta init done
2022-02-22 23:38:57,349 DEBUG   HandlerThread:34712 [meta.py:probe():214] probe
2022-02-22 23:38:57,425 DEBUG   HandlerThread:34712 [git.py:repo():33] git repository is invalid
2022-02-22 23:38:57,425 DEBUG   HandlerThread:34712 [meta.py:_save_pip():58] save pip
2022-02-22 23:38:57,427 DEBUG   HandlerThread:34712 [meta.py:_save_pip():72] save pip done
2022-02-22 23:38:57,427 DEBUG   HandlerThread:34712 [meta.py:_save_conda():79] save conda
2022-02-22 23:38:58,312 INFO    Thread-12 :34712 [dir_watcher.py:_on_file_created():217] file/dir created: E:\learn\github_project\yolov5-face\wandb\run-20220222_233854-2h3jsiyn\files\wandb-summary.json
2022-02-22 23:38:58,313 INFO    Thread-12 :34712 [dir_watcher.py:_on_file_created():217] file/dir created: E:\learn\github_project\yolov5-face\wandb\run-20220222_233854-2h3jsiyn\files\requirements.txt
2022-02-22 23:38:58,313 INFO    Thread-12 :34712 [dir_watcher.py:_on_file_created():217] file/dir created: E:\learn\github_project\yolov5-face\wandb\run-20220222_233854-2h3jsiyn\files\conda-environment.yaml
2022-02-22 23:39:03,315 INFO    Thread-12 :34712 [dir_watcher.py:_on_file_modified():230] file/dir modified: E:\learn\github_project\yolov5-face\wandb\run-20220222_233854-2h3jsiyn\files\conda-environment.yaml
2022-02-22 23:39:03,315 INFO    Thread-12 :34712 [dir_watcher.py:_on_file_created():217] file/dir created: E:\learn\github_project\yolov5-face\wandb\run-20220222_233854-2h3jsiyn\files\output.log
2022-02-22 23:39:03,418 DEBUG   HandlerThread:34712 [meta.py:_save_conda():89] save conda done
2022-02-22 23:39:03,418 DEBUG   HandlerThread:34712 [meta.py:probe():252] probe done
2022-02-22 23:39:03,766 DEBUG   HandlerThread:34712 [handler.py:handle_request():130] handle_request: stop_status
2022-02-22 23:39:03,767 DEBUG   SenderThread:34712 [sender.py:send_request():248] send_request: stop_status
2022-02-22 23:39:04,143 DEBUG   SenderThread:34712 [sender.py:send():234] send: files
2022-02-22 23:39:04,143 INFO    SenderThread:34712 [sender.py:_save_file():939] saving file wandb-metadata.json with policy now
2022-02-22 23:39:04,314 INFO    Thread-12 :34712 [dir_watcher.py:_on_file_modified():230] file/dir modified: E:\learn\github_project\yolov5-face\wandb\run-20220222_233854-2h3jsiyn\files\conda-environment.yaml
2022-02-22 23:39:04,315 INFO    Thread-12 :34712 [dir_watcher.py:_on_file_created():217] file/dir created: E:\learn\github_project\yolov5-face\wandb\run-20220222_233854-2h3jsiyn\files\wandb-metadata.json
2022-02-22 23:39:04,647 ERROR   Thread-15 :34712 [internal_api.py:upload_file():1574] upload_file exception https://storage.googleapis.com/wandb-production.appspot.com/heene/YOLOv5/2h3jsiyn/wandb-metadata.json?Expires=1645630745&GoogleAccessId=wandb-production%40appspot.gserviceaccount.com&Signature=Dn699jLT021CUdURO%2F0tQzyds1kY3EUENuJLLct9BGJ5wt69S%2BPpbfSYQEcp4ZsX%2FWksIwsA4gwvP%2F%2FQsM1nSdkM3p%2BHU5aVtbNRYEASk%2F0%2BnmAYy6fJ2XyXJpHURKPBokIntVqFAw5w21XZ3d7FRCuAFL8mG4Zy7wkyBK%2FZW22R7jgLO4jQDS7hwUypZ6TvTRhcDF4M%2FSoHSOm2cIXzz2P6%2BEv7GIIY7cs6ljNSbjhUp6TcijWlDm9i%2BsScf%2Ba6DCRuKax2XaF%2F8f5q2qlCsvvLD1xKUYm7skSWk6hgn%2FL6WEgoFIWIU%2BFPZhrkH1b6GIaw%2F%2BbpU9%2By%2BKdFf%2BWk4A%3D%3D: HTTPSConnectionPool(host='storage.googleapis.com', port=443): Max retries exceeded with url: /wandb-production.appspot.com/heene/YOLOv5/2h3jsiyn/wandb-metadata.json?Expires=1645630745&GoogleAccessId=wandb-production%40appspot.gserviceaccount.com&Signature=Dn699jLT021CUdURO%2F0tQzyds1kY3EUENuJLLct9BGJ5wt69S%2BPpbfSYQEcp4ZsX%2FWksIwsA4gwvP%2F%2FQsM1nSdkM3p%2BHU5aVtbNRYEASk%2F0%2BnmAYy6fJ2XyXJpHURKPBokIntVqFAw5w21XZ3d7FRCuAFL8mG4Zy7wkyBK%2FZW22R7jgLO4jQDS7hwUypZ6TvTRhcDF4M%2FSoHSOm2cIXzz2P6%2BEv7GIIY7cs6ljNSbjhUp6TcijWlDm9i%2BsScf%2Ba6DCRuKax2XaF%2F8f5q2qlCsvvLD1xKUYm7skSWk6hgn%2FL6WEgoFIWIU%2BFPZhrkH1b6GIaw%2F%2BbpU9%2By%2BKdFf%2BWk4A%3D%3D (Caused by SSLError(SSLEOFError(8, 'EOF occurred in violation of protocol (_ssl.c:1131)')))
2022-02-22 23:39:04,647 ERROR   Thread-15 :34712 [internal_api.py:upload_file():1576] upload_file request headers: {'User-Agent': 'python-requests/2.25.1', 'Accept-Encoding': 'gzip, deflate', 'Accept': '*/*', 'Connection': 'keep-alive', 'Content-Length': '561'}
2022-02-22 23:39:04,647 ERROR   Thread-15 :34712 [internal_api.py:upload_file():1578] upload_file response body: 
2022-02-22 23:39:05,316 INFO    Thread-12 :34712 [dir_watcher.py:_on_file_modified():230] file/dir modified: E:\learn\github_project\yolov5-face\wandb\run-20220222_233854-2h3jsiyn\files\output.log
2022-02-22 23:39:05,945 ERROR   Thread-15 :34712 [internal_api.py:upload_file():1574] upload_file exception https://storage.googleapis.com/wandb-production.appspot.com/heene/YOLOv5/2h3jsiyn/wandb-metadata.json?Expires=1645630745&GoogleAccessId=wandb-production%40appspot.gserviceaccount.com&Signature=Dn699jLT021CUdURO%2F0tQzyds1kY3EUENuJLLct9BGJ5wt69S%2BPpbfSYQEcp4ZsX%2FWksIwsA4gwvP%2F%2FQsM1nSdkM3p%2BHU5aVtbNRYEASk%2F0%2BnmAYy6fJ2XyXJpHURKPBokIntVqFAw5w21XZ3d7FRCuAFL8mG4Zy7wkyBK%2FZW22R7jgLO4jQDS7hwUypZ6TvTRhcDF4M%2FSoHSOm2cIXzz2P6%2BEv7GIIY7cs6ljNSbjhUp6TcijWlDm9i%2BsScf%2Ba6DCRuKax2XaF%2F8f5q2qlCsvvLD1xKUYm7skSWk6hgn%2FL6WEgoFIWIU%2BFPZhrkH1b6GIaw%2F%2BbpU9%2By%2BKdFf%2BWk4A%3D%3D: HTTPSConnectionPool(host='storage.googleapis.com', port=443): Max retries exceeded with url: /wandb-production.appspot.com/heene/YOLOv5/2h3jsiyn/wandb-metadata.json?Expires=1645630745&GoogleAccessId=wandb-production%40appspot.gserviceaccount.com&Signature=Dn699jLT021CUdURO%2F0tQzyds1kY3EUENuJLLct9BGJ5wt69S%2BPpbfSYQEcp4ZsX%2FWksIwsA4gwvP%2F%2FQsM1nSdkM3p%2BHU5aVtbNRYEASk%2F0%2BnmAYy6fJ2XyXJpHURKPBokIntVqFAw5w21XZ3d7FRCuAFL8mG4Zy7wkyBK%2FZW22R7jgLO4jQDS7hwUypZ6TvTRhcDF4M%2FSoHSOm2cIXzz2P6%2BEv7GIIY7cs6ljNSbjhUp6TcijWlDm9i%2BsScf%2Ba6DCRuKax2XaF%2F8f5q2qlCsvvLD1xKUYm7skSWk6hgn%2FL6WEgoFIWIU%2BFPZhrkH1b6GIaw%2F%2BbpU9%2By%2BKdFf%2BWk4A%3D%3D (Caused by SSLError(SSLEOFError(8, 'EOF occurred in violation of protocol (_ssl.c:1131)')))
2022-02-22 23:39:05,945 ERROR   Thread-15 :34712 [internal_api.py:upload_file():1576] upload_file request headers: {'User-Agent': 'python-requests/2.25.1', 'Accept-Encoding': 'gzip, deflate', 'Accept': '*/*', 'Connection': 'keep-alive', 'Content-Length': '561'}
2022-02-22 23:39:05,945 ERROR   Thread-15 :34712 [internal_api.py:upload_file():1578] upload_file response body: 
2022-02-22 23:39:08,312 ERROR   Thread-15 :34712 [internal_api.py:upload_file():1574] upload_file exception https://storage.googleapis.com/wandb-production.appspot.com/heene/YOLOv5/2h3jsiyn/wandb-metadata.json?Expires=1645630745&GoogleAccessId=wandb-production%40appspot.gserviceaccount.com&Signature=Dn699jLT021CUdURO%2F0tQzyds1kY3EUENuJLLct9BGJ5wt69S%2BPpbfSYQEcp4ZsX%2FWksIwsA4gwvP%2F%2FQsM1nSdkM3p%2BHU5aVtbNRYEASk%2F0%2BnmAYy6fJ2XyXJpHURKPBokIntVqFAw5w21XZ3d7FRCuAFL8mG4Zy7wkyBK%2FZW22R7jgLO4jQDS7hwUypZ6TvTRhcDF4M%2FSoHSOm2cIXzz2P6%2BEv7GIIY7cs6ljNSbjhUp6TcijWlDm9i%2BsScf%2Ba6DCRuKax2XaF%2F8f5q2qlCsvvLD1xKUYm7skSWk6hgn%2FL6WEgoFIWIU%2BFPZhrkH1b6GIaw%2F%2BbpU9%2By%2BKdFf%2BWk4A%3D%3D: HTTPSConnectionPool(host='storage.googleapis.com', port=443): Max retries exceeded with url: /wandb-production.appspot.com/heene/YOLOv5/2h3jsiyn/wandb-metadata.json?Expires=1645630745&GoogleAccessId=wandb-production%40appspot.gserviceaccount.com&Signature=Dn699jLT021CUdURO%2F0tQzyds1kY3EUENuJLLct9BGJ5wt69S%2BPpbfSYQEcp4ZsX%2FWksIwsA4gwvP%2F%2FQsM1nSdkM3p%2BHU5aVtbNRYEASk%2F0%2BnmAYy6fJ2XyXJpHURKPBokIntVqFAw5w21XZ3d7FRCuAFL8mG4Zy7wkyBK%2FZW22R7jgLO4jQDS7hwUypZ6TvTRhcDF4M%2FSoHSOm2cIXzz2P6%2BEv7GIIY7cs6ljNSbjhUp6TcijWlDm9i%2BsScf%2Ba6DCRuKax2XaF%2F8f5q2qlCsvvLD1xKUYm7skSWk6hgn%2FL6WEgoFIWIU%2BFPZhrkH1b6GIaw%2F%2BbpU9%2By%2BKdFf%2BWk4A%3D%3D (Caused by SSLError(SSLEOFError(8, 'EOF occurred in violation of protocol (_ssl.c:1131)')))
2022-02-22 23:39:08,312 ERROR   Thread-15 :34712 [internal_api.py:upload_file():1576] upload_file request headers: {'User-Agent': 'python-requests/2.25.1', 'Accept-Encoding': 'gzip, deflate', 'Accept': '*/*', 'Connection': 'keep-alive', 'Content-Length': '561'}
2022-02-22 23:39:08,312 ERROR   Thread-15 :34712 [internal_api.py:upload_file():1578] upload_file response body: 
2022-02-22 23:39:08,312 ERROR   Thread-15 :34712 [retry.py:__call__():126] Retry attempt failed:
Traceback (most recent call last):
  File "C:\ProgramData\Anaconda3\envs\pytorch171\lib\site-packages\urllib3\connectionpool.py", line 699, in urlopen
    httplib_response = self._make_request(
  File "C:\ProgramData\Anaconda3\envs\pytorch171\lib\site-packages\urllib3\connectionpool.py", line 382, in _make_request
    self._validate_conn(conn)
  File "C:\ProgramData\Anaconda3\envs\pytorch171\lib\site-packages\urllib3\connectionpool.py", line 1010, in _validate_conn
    conn.connect()
  File "C:\ProgramData\Anaconda3\envs\pytorch171\lib\site-packages\urllib3\connection.py", line 416, in connect
    self.sock = ssl_wrap_socket(
  File "C:\ProgramData\Anaconda3\envs\pytorch171\lib\site-packages\urllib3\util\ssl_.py", line 449, in ssl_wrap_socket
    ssl_sock = _ssl_wrap_socket_impl(
  File "C:\ProgramData\Anaconda3\envs\pytorch171\lib\site-packages\urllib3\util\ssl_.py", line 493, in _ssl_wrap_socket_impl
    return ssl_context.wrap_socket(sock, server_hostname=server_hostname)
  File "C:\ProgramData\Anaconda3\envs\pytorch171\lib\ssl.py", line 500, in wrap_socket
    return self.sslsocket_class._create(
  File "C:\ProgramData\Anaconda3\envs\pytorch171\lib\ssl.py", line 1040, in _create
    self.do_handshake()
  File "C:\ProgramData\Anaconda3\envs\pytorch171\lib\ssl.py", line 1309, in do_handshake
    self._sslobj.do_handshake()
ssl.SSLEOFError: EOF occurred in violation of protocol (_ssl.c:1131)

During handling of the above exception, another exception occurred:

Traceback (most recent call last):
  File "C:\ProgramData\Anaconda3\envs\pytorch171\lib\site-packages\requests\adapters.py", line 439, in send
    resp = conn.urlopen(
  File "C:\ProgramData\Anaconda3\envs\pytorch171\lib\site-packages\urllib3\connectionpool.py", line 755, in urlopen
    retries = retries.increment(
  File "C:\ProgramData\Anaconda3\envs\pytorch171\lib\site-packages\urllib3\util\retry.py", line 574, in increment
    raise MaxRetryError(_pool, url, error or ResponseError(cause))
urllib3.exceptions.MaxRetryError: HTTPSConnectionPool(host='storage.googleapis.com', port=443): Max retries exceeded with url: /wandb-production.appspot.com/heene/YOLOv5/2h3jsiyn/wandb-metadata.json?Expires=1645630745&GoogleAccessId=wandb-production%40appspot.gserviceaccount.com&Signature=Dn699jLT021CUdURO%2F0tQzyds1kY3EUENuJLLct9BGJ5wt69S%2BPpbfSYQEcp4ZsX%2FWksIwsA4gwvP%2F%2FQsM1nSdkM3p%2BHU5aVtbNRYEASk%2F0%2BnmAYy6fJ2XyXJpHURKPBokIntVqFAw5w21XZ3d7FRCuAFL8mG4Zy7wkyBK%2FZW22R7jgLO4jQDS7hwUypZ6TvTRhcDF4M%2FSoHSOm2cIXzz2P6%2BEv7GIIY7cs6ljNSbjhUp6TcijWlDm9i%2BsScf%2Ba6DCRuKax2XaF%2F8f5q2qlCsvvLD1xKUYm7skSWk6hgn%2FL6WEgoFIWIU%2BFPZhrkH1b6GIaw%2F%2BbpU9%2By%2BKdFf%2BWk4A%3D%3D (Caused by SSLError(SSLEOFError(8, 'EOF occurred in violation of protocol (_ssl.c:1131)')))

During handling of the above exception, another exception occurred:

Traceback (most recent call last):
  File "C:\ProgramData\Anaconda3\envs\pytorch171\lib\site-packages\wandb\sdk\internal\internal_api.py", line 1571, in upload_file
    response = requests.put(url, data=progress, headers=extra_headers)
  File "C:\ProgramData\Anaconda3\envs\pytorch171\lib\site-packages\requests\api.py", line 134, in put
    return request('put', url, data=data, **kwargs)
  File "C:\ProgramData\Anaconda3\envs\pytorch171\lib\site-packages\requests\api.py", line 61, in request
    return session.request(method=method, url=url, **kwargs)
  File "C:\ProgramData\Anaconda3\envs\pytorch171\lib\site-packages\requests\sessions.py", line 542, in request
    resp = self.send(prep, **send_kwargs)
  File "C:\ProgramData\Anaconda3\envs\pytorch171\lib\site-packages\requests\sessions.py", line 655, in send
    r = adapter.send(request, **kwargs)
  File "C:\ProgramData\Anaconda3\envs\pytorch171\lib\site-packages\requests\adapters.py", line 514, in send
    raise SSLError(e, request=request)
requests.exceptions.SSLError: HTTPSConnectionPool(host='storage.googleapis.com', port=443): Max retries exceeded with url: /wandb-production.appspot.com/heene/YOLOv5/2h3jsiyn/wandb-metadata.json?Expires=1645630745&GoogleAccessId=wandb-production%40appspot.gserviceaccount.com&Signature=Dn699jLT021CUdURO%2F0tQzyds1kY3EUENuJLLct9BGJ5wt69S%2BPpbfSYQEcp4ZsX%2FWksIwsA4gwvP%2F%2FQsM1nSdkM3p%2BHU5aVtbNRYEASk%2F0%2BnmAYy6fJ2XyXJpHURKPBokIntVqFAw5w21XZ3d7FRCuAFL8mG4Zy7wkyBK%2FZW22R7jgLO4jQDS7hwUypZ6TvTRhcDF4M%2FSoHSOm2cIXzz2P6%2BEv7GIIY7cs6ljNSbjhUp6TcijWlDm9i%2BsScf%2Ba6DCRuKax2XaF%2F8f5q2qlCsvvLD1xKUYm7skSWk6hgn%2FL6WEgoFIWIU%2BFPZhrkH1b6GIaw%2F%2BbpU9%2By%2BKdFf%2BWk4A%3D%3D (Caused by SSLError(SSLEOFError(8, 'EOF occurred in violation of protocol (_ssl.c:1131)')))

During handling of the above exception, another exception occurred:

Traceback (most recent call last):
  File "C:\ProgramData\Anaconda3\envs\pytorch171\lib\site-packages\wandb\sdk\lib\retry.py", line 102, in __call__
    result = self._call_fn(*args, **kwargs)
  File "C:\ProgramData\Anaconda3\envs\pytorch171\lib\site-packages\wandb\sdk\internal\internal_api.py", line 1587, in upload_file
    six.reraise(type(e), e, sys.exc_info()[2])
  File "C:\ProgramData\Anaconda3\envs\pytorch171\lib\site-packages\six.py", line 718, in reraise
    raise value.with_traceback(tb)
  File "C:\ProgramData\Anaconda3\envs\pytorch171\lib\site-packages\wandb\sdk\internal\internal_api.py", line 1571, in upload_file
    response = requests.put(url, data=progress, headers=extra_headers)
  File "C:\ProgramData\Anaconda3\envs\pytorch171\lib\site-packages\requests\api.py", line 134, in put
    return request('put', url, data=data, **kwargs)
  File "C:\ProgramData\Anaconda3\envs\pytorch171\lib\site-packages\requests\api.py", line 61, in request
    return session.request(method=method, url=url, **kwargs)
  File "C:\ProgramData\Anaconda3\envs\pytorch171\lib\site-packages\requests\sessions.py", line 542, in request
    resp = self.send(prep, **send_kwargs)
  File "C:\ProgramData\Anaconda3\envs\pytorch171\lib\site-packages\requests\sessions.py", line 655, in send
    r = adapter.send(request, **kwargs)
  File "C:\ProgramData\Anaconda3\envs\pytorch171\lib\site-packages\requests\adapters.py", line 514, in send
    raise SSLError(e, request=request)
wandb.sdk.lib.retry.TransientError: None
2022-02-22 23:39:13,357 ERROR   Thread-15 :34712 [internal_api.py:upload_file():1574] upload_file exception https://storage.googleapis.com/wandb-production.appspot.com/heene/YOLOv5/2h3jsiyn/wandb-metadata.json?Expires=1645630745&GoogleAccessId=wandb-production%40appspot.gserviceaccount.com&Signature=Dn699jLT021CUdURO%2F0tQzyds1kY3EUENuJLLct9BGJ5wt69S%2BPpbfSYQEcp4ZsX%2FWksIwsA4gwvP%2F%2FQsM1nSdkM3p%2BHU5aVtbNRYEASk%2F0%2BnmAYy6fJ2XyXJpHURKPBokIntVqFAw5w21XZ3d7FRCuAFL8mG4Zy7wkyBK%2FZW22R7jgLO4jQDS7hwUypZ6TvTRhcDF4M%2FSoHSOm2cIXzz2P6%2BEv7GIIY7cs6ljNSbjhUp6TcijWlDm9i%2BsScf%2Ba6DCRuKax2XaF%2F8f5q2qlCsvvLD1xKUYm7skSWk6hgn%2FL6WEgoFIWIU%2BFPZhrkH1b6GIaw%2F%2BbpU9%2By%2BKdFf%2BWk4A%3D%3D: HTTPSConnectionPool(host='storage.googleapis.com', port=443): Max retries exceeded with url: /wandb-production.appspot.com/heene/YOLOv5/2h3jsiyn/wandb-metadata.json?Expires=1645630745&GoogleAccessId=wandb-production%40appspot.gserviceaccount.com&Signature=Dn699jLT021CUdURO%2F0tQzyds1kY3EUENuJLLct9BGJ5wt69S%2BPpbfSYQEcp4ZsX%2FWksIwsA4gwvP%2F%2FQsM1nSdkM3p%2BHU5aVtbNRYEASk%2F0%2BnmAYy6fJ2XyXJpHURKPBokIntVqFAw5w21XZ3d7FRCuAFL8mG4Zy7wkyBK%2FZW22R7jgLO4jQDS7hwUypZ6TvTRhcDF4M%2FSoHSOm2cIXzz2P6%2BEv7GIIY7cs6ljNSbjhUp6TcijWlDm9i%2BsScf%2Ba6DCRuKax2XaF%2F8f5q2qlCsvvLD1xKUYm7skSWk6hgn%2FL6WEgoFIWIU%2BFPZhrkH1b6GIaw%2F%2BbpU9%2By%2BKdFf%2BWk4A%3D%3D (Caused by SSLError(SSLEOFError(8, 'EOF occurred in violation of protocol (_ssl.c:1131)')))
2022-02-22 23:39:13,358 ERROR   Thread-15 :34712 [internal_api.py:upload_file():1576] upload_file request headers: {'User-Agent': 'python-requests/2.25.1', 'Accept-Encoding': 'gzip, deflate', 'Accept': '*/*', 'Connection': 'keep-alive', 'Content-Length': '561'}
2022-02-22 23:39:13,358 ERROR   Thread-15 :34712 [internal_api.py:upload_file():1578] upload_file response body: 
2022-02-22 23:39:19,144 DEBUG   HandlerThread:34712 [handler.py:handle_request():130] handle_request: stop_status
2022-02-22 23:39:19,144 DEBUG   SenderThread:34712 [sender.py:send_request():248] send_request: stop_status
2022-02-22 23:39:21,329 INFO    Thread-12 :34712 [dir_watcher.py:_on_file_modified():230] file/dir modified: E:\learn\github_project\yolov5-face\wandb\run-20220222_233854-2h3jsiyn\files\output.log
2022-02-22 23:39:22,216 INFO    Thread-15 :34712 [upload_job.py:push():137] Uploaded file C:\Users\fanzh\AppData\Local\Temp\tmp9m8kedn1wandb\16gz5701-wandb-metadata.json
2022-02-22 23:39:26,664 DEBUG   SenderThread:34712 [sender.py:send():234] send: stats
2022-02-22 23:39:35,006 DEBUG   HandlerThread:34712 [handler.py:handle_request():130] handle_request: stop_status
2022-02-22 23:39:35,006 DEBUG   SenderThread:34712 [sender.py:send_request():248] send_request: stop_status
2022-02-22 23:39:35,374 INFO    Thread-12 :34712 [dir_watcher.py:_on_file_modified():230] file/dir modified: E:\learn\github_project\yolov5-face\wandb\run-20220222_233854-2h3jsiyn\files\output.log
2022-02-22 23:39:38,089 DEBUG   SenderThread:34712 [sender.py:send():234] send: files
2022-02-22 23:39:38,091 INFO    SenderThread:34712 [sender.py:_save_file():939] saving file media\images\Labels_0_0.jpg with policy now
2022-02-22 23:39:38,093 DEBUG   SenderThread:34712 [sender.py:send():234] send: files
2022-02-22 23:39:38,093 INFO    SenderThread:34712 [sender.py:_save_file():939] saving file media\images\Labels_0_1.jpg with policy now
2022-02-22 23:39:38,126 DEBUG   SenderThread:34712 [sender.py:send():234] send: history
2022-02-22 23:39:38,126 DEBUG   SenderThread:34712 [sender.py:send():234] send: summary
2022-02-22 23:39:38,128 INFO    SenderThread:34712 [sender.py:_save_file():939] saving file wandb-summary.json with policy end
2022-02-22 23:39:38,378 INFO    Thread-12 :34712 [dir_watcher.py:_on_file_modified():230] file/dir modified: E:\learn\github_project\yolov5-face\wandb\run-20220222_233854-2h3jsiyn\files\wandb-summary.json
2022-02-22 23:39:38,378 INFO    Thread-12 :34712 [dir_watcher.py:_on_file_modified():230] file/dir modified: E:\learn\github_project\yolov5-face\wandb\run-20220222_233854-2h3jsiyn\files\output.log
2022-02-22 23:39:38,379 INFO    Thread-12 :34712 [dir_watcher.py:_on_file_created():217] file/dir created: E:\learn\github_project\yolov5-face\wandb\run-20220222_233854-2h3jsiyn\files\media\images\Labels_0_1.jpg
2022-02-22 23:39:38,379 INFO    Thread-12 :34712 [dir_watcher.py:_on_file_created():217] file/dir created: E:\learn\github_project\yolov5-face\wandb\run-20220222_233854-2h3jsiyn\files\media\images\Labels_0_0.jpg
2022-02-22 23:39:38,379 INFO    Thread-12 :34712 [dir_watcher.py:_on_file_created():217] file/dir created: E:\learn\github_project\yolov5-face\wandb\run-20220222_233854-2h3jsiyn\files\media
2022-02-22 23:39:38,379 INFO    Thread-12 :34712 [dir_watcher.py:_on_file_created():217] file/dir created: E:\learn\github_project\yolov5-face\wandb\run-20220222_233854-2h3jsiyn\files\media\images
2022-02-22 23:39:38,565 DEBUG   SenderThread:34712 [sender.py:send():234] send: telemetry
2022-02-22 23:39:38,566 DEBUG   HandlerThread:34712 [handler.py:handle_request():130] handle_request: poll_exit
2022-02-22 23:39:38,566 DEBUG   SenderThread:34712 [sender.py:send():234] send: exit
2022-02-22 23:39:38,566 INFO    SenderThread:34712 [sender.py:send_exit():366] handling exit code: 1
2022-02-22 23:39:38,566 INFO    SenderThread:34712 [sender.py:send_exit():368] handling runtime: 41
2022-02-22 23:39:38,568 INFO    SenderThread:34712 [sender.py:_save_file():939] saving file wandb-summary.json with policy end
2022-02-22 23:39:38,569 INFO    SenderThread:34712 [sender.py:send_exit():374] send defer
2022-02-22 23:39:38,569 DEBUG   SenderThread:34712 [sender.py:send_request():248] send_request: poll_exit
2022-02-22 23:39:38,571 DEBUG   HandlerThread:34712 [handler.py:handle_request():130] handle_request: defer
2022-02-22 23:39:38,571 INFO    HandlerThread:34712 [handler.py:handle_request_defer():147] handle defer: 0
2022-02-22 23:39:38,572 DEBUG   SenderThread:34712 [sender.py:send_request():248] send_request: defer
2022-02-22 23:39:38,572 INFO    SenderThread:34712 [sender.py:send_request_defer():383] handle sender defer: 0
2022-02-22 23:39:38,572 INFO    SenderThread:34712 [sender.py:transition_state():387] send defer: 1
2022-02-22 23:39:38,573 DEBUG   HandlerThread:34712 [handler.py:handle_request():130] handle_request: defer
2022-02-22 23:39:38,573 INFO    HandlerThread:34712 [handler.py:handle_request_defer():147] handle defer: 1
2022-02-22 23:39:38,656 DEBUG   SenderThread:34712 [sender.py:send_request():248] send_request: defer
2022-02-22 23:39:38,656 INFO    SenderThread:34712 [sender.py:send_request_defer():383] handle sender defer: 1
2022-02-22 23:39:38,656 INFO    SenderThread:34712 [sender.py:transition_state():387] send defer: 2
2022-02-22 23:39:38,656 DEBUG   SenderThread:34712 [sender.py:send():234] send: stats
2022-02-22 23:39:38,657 DEBUG   HandlerThread:34712 [handler.py:handle_request():130] handle_request: defer
2022-02-22 23:39:38,657 INFO    HandlerThread:34712 [handler.py:handle_request_defer():147] handle defer: 2
2022-02-22 23:39:38,657 DEBUG   SenderThread:34712 [sender.py:send_request():248] send_request: defer
2022-02-22 23:39:38,657 INFO    SenderThread:34712 [sender.py:send_request_defer():383] handle sender defer: 2
2022-02-22 23:39:38,658 INFO    SenderThread:34712 [sender.py:transition_state():387] send defer: 3
2022-02-22 23:39:38,658 DEBUG   HandlerThread:34712 [handler.py:handle_request():130] handle_request: defer
2022-02-22 23:39:38,658 INFO    HandlerThread:34712 [handler.py:handle_request_defer():147] handle defer: 3
2022-02-22 23:39:38,658 DEBUG   SenderThread:34712 [sender.py:send():234] send: summary
2022-02-22 23:39:38,659 INFO    SenderThread:34712 [sender.py:_save_file():939] saving file wandb-summary.json with policy end
2022-02-22 23:39:38,660 DEBUG   SenderThread:34712 [sender.py:send_request():248] send_request: defer
2022-02-22 23:39:38,660 INFO    SenderThread:34712 [sender.py:send_request_defer():383] handle sender defer: 3
2022-02-22 23:39:38,660 INFO    SenderThread:34712 [sender.py:transition_state():387] send defer: 4
2022-02-22 23:39:38,660 DEBUG   HandlerThread:34712 [handler.py:handle_request():130] handle_request: defer
2022-02-22 23:39:38,660 INFO    HandlerThread:34712 [handler.py:handle_request_defer():147] handle defer: 4
2022-02-22 23:39:38,660 DEBUG   SenderThread:34712 [sender.py:send_request():248] send_request: defer
2022-02-22 23:39:38,660 INFO    SenderThread:34712 [sender.py:send_request_defer():383] handle sender defer: 4
2022-02-22 23:39:38,673 DEBUG   HandlerThread:34712 [handler.py:handle_request():130] handle_request: poll_exit
2022-02-22 23:39:39,046 INFO    SenderThread:34712 [sender.py:transition_state():387] send defer: 5
2022-02-22 23:39:39,046 DEBUG   SenderThread:34712 [sender.py:send_request():248] send_request: poll_exit
2022-02-22 23:39:39,047 DEBUG   HandlerThread:34712 [handler.py:handle_request():130] handle_request: defer
2022-02-22 23:39:39,047 INFO    HandlerThread:34712 [handler.py:handle_request_defer():147] handle defer: 5
2022-02-22 23:39:39,047 DEBUG   SenderThread:34712 [sender.py:send_request():248] send_request: defer
2022-02-22 23:39:39,047 INFO    SenderThread:34712 [sender.py:send_request_defer():383] handle sender defer: 5
2022-02-22 23:39:39,047 INFO    SenderThread:34712 [dir_watcher.py:finish():283] shutting down directory watcher
2022-02-22 23:39:39,148 DEBUG   HandlerThread:34712 [handler.py:handle_request():130] handle_request: poll_exit
2022-02-22 23:39:39,379 INFO    Thread-12 :34712 [dir_watcher.py:_on_file_modified():230] file/dir modified: E:\learn\github_project\yolov5-face\wandb\run-20220222_233854-2h3jsiyn\files\wandb-summary.json
2022-02-22 23:39:39,380 INFO    SenderThread:34712 [dir_watcher.py:_on_file_modified():230] file/dir modified: E:\learn\github_project\yolov5-face\wandb\run-20220222_233854-2h3jsiyn\files\config.yaml
2022-02-22 23:39:39,381 INFO    SenderThread:34712 [dir_watcher.py:_on_file_modified():230] file/dir modified: E:\learn\github_project\yolov5-face\wandb\run-20220222_233854-2h3jsiyn\files\output.log
2022-02-22 23:39:39,381 INFO    SenderThread:34712 [dir_watcher.py:finish():313] scan: E:\learn\github_project\yolov5-face\wandb\run-20220222_233854-2h3jsiyn\files
2022-02-22 23:39:39,382 INFO    SenderThread:34712 [dir_watcher.py:finish():327] scan save: E:\learn\github_project\yolov5-face\wandb\run-20220222_233854-2h3jsiyn\files\conda-environment.yaml conda-environment.yaml
2022-02-22 23:39:39,382 INFO    SenderThread:34712 [dir_watcher.py:finish():327] scan save: E:\learn\github_project\yolov5-face\wandb\run-20220222_233854-2h3jsiyn\files\config.yaml config.yaml
2022-02-22 23:39:39,383 INFO    SenderThread:34712 [dir_watcher.py:finish():327] scan save: E:\learn\github_project\yolov5-face\wandb\run-20220222_233854-2h3jsiyn\files\output.log output.log
2022-02-22 23:39:39,386 INFO    SenderThread:34712 [dir_watcher.py:finish():327] scan save: E:\learn\github_project\yolov5-face\wandb\run-20220222_233854-2h3jsiyn\files\requirements.txt requirements.txt
2022-02-22 23:39:39,393 INFO    SenderThread:34712 [dir_watcher.py:finish():327] scan save: E:\learn\github_project\yolov5-face\wandb\run-20220222_233854-2h3jsiyn\files\wandb-metadata.json wandb-metadata.json
2022-02-22 23:39:39,393 INFO    SenderThread:34712 [dir_watcher.py:finish():327] scan save: E:\learn\github_project\yolov5-face\wandb\run-20220222_233854-2h3jsiyn\files\wandb-summary.json wandb-summary.json
2022-02-22 23:39:39,401 INFO    SenderThread:34712 [dir_watcher.py:finish():327] scan save: E:\learn\github_project\yolov5-face\wandb\run-20220222_233854-2h3jsiyn\files\media\images\Labels_0_0.jpg media\images\Labels_0_0.jpg
2022-02-22 23:39:39,401 INFO    SenderThread:34712 [dir_watcher.py:finish():327] scan save: E:\learn\github_project\yolov5-face\wandb\run-20220222_233854-2h3jsiyn\files\media\images\Labels_0_1.jpg media\images\Labels_0_1.jpg
2022-02-22 23:39:39,401 INFO    SenderThread:34712 [sender.py:transition_state():387] send defer: 6
2022-02-22 23:39:39,401 DEBUG   SenderThread:34712 [sender.py:send_request():248] send_request: poll_exit
2022-02-22 23:39:39,402 DEBUG   HandlerThread:34712 [handler.py:handle_request():130] handle_request: defer
2022-02-22 23:39:39,403 INFO    HandlerThread:34712 [handler.py:handle_request_defer():147] handle defer: 6
2022-02-22 23:39:39,403 DEBUG   SenderThread:34712 [sender.py:send_request():248] send_request: defer
2022-02-22 23:39:39,403 INFO    SenderThread:34712 [sender.py:send_request_defer():383] handle sender defer: 6
2022-02-22 23:39:39,403 INFO    SenderThread:34712 [file_pusher.py:finish():177] shutting down file pusher
2022-02-22 23:39:39,501 INFO    Thread-17 :34712 [upload_job.py:push():137] Uploaded file C:\Users\fanzh\AppData\Local\Temp\tmp9m8kedn1wandb\1o2aw47g-media/images/Labels_0_1.jpg
2022-02-22 23:39:39,503 DEBUG   HandlerThread:34712 [handler.py:handle_request():130] handle_request: poll_exit
2022-02-22 23:39:39,503 DEBUG   SenderThread:34712 [sender.py:send_request():248] send_request: poll_exit
2022-02-22 23:39:39,510 INFO    Thread-16 :34712 [upload_job.py:push():137] Uploaded file C:\Users\fanzh\AppData\Local\Temp\tmp9m8kedn1wandb\1ui8x32p-media/images/Labels_0_0.jpg
2022-02-22 23:39:39,605 DEBUG   HandlerThread:34712 [handler.py:handle_request():130] handle_request: poll_exit
2022-02-22 23:39:39,606 DEBUG   SenderThread:34712 [sender.py:send_request():248] send_request: poll_exit
2022-02-22 23:39:39,706 DEBUG   HandlerThread:34712 [handler.py:handle_request():130] handle_request: poll_exit
2022-02-22 23:39:39,706 DEBUG   SenderThread:34712 [sender.py:send_request():248] send_request: poll_exit
2022-02-22 23:39:39,809 DEBUG   HandlerThread:34712 [handler.py:handle_request():130] handle_request: poll_exit
2022-02-22 23:39:39,809 DEBUG   SenderThread:34712 [sender.py:send_request():248] send_request: poll_exit
2022-02-22 23:39:39,911 DEBUG   HandlerThread:34712 [handler.py:handle_request():130] handle_request: poll_exit
2022-02-22 23:39:39,911 DEBUG   SenderThread:34712 [sender.py:send_request():248] send_request: poll_exit
2022-02-22 23:39:40,012 DEBUG   HandlerThread:34712 [handler.py:handle_request():130] handle_request: poll_exit
2022-02-22 23:39:40,013 DEBUG   SenderThread:34712 [sender.py:send_request():248] send_request: poll_exit
2022-02-22 23:39:40,115 DEBUG   HandlerThread:34712 [handler.py:handle_request():130] handle_request: poll_exit
2022-02-22 23:39:40,115 DEBUG   SenderThread:34712 [sender.py:send_request():248] send_request: poll_exit
2022-02-22 23:39:40,216 DEBUG   HandlerThread:34712 [handler.py:handle_request():130] handle_request: poll_exit
2022-02-22 23:39:40,216 DEBUG   SenderThread:34712 [sender.py:send_request():248] send_request: poll_exit
2022-02-22 23:39:40,318 DEBUG   HandlerThread:34712 [handler.py:handle_request():130] handle_request: poll_exit
2022-02-22 23:39:40,319 DEBUG   SenderThread:34712 [sender.py:send_request():248] send_request: poll_exit
2022-02-22 23:39:40,339 INFO    Thread-22 :34712 [upload_job.py:push():137] Uploaded file E:\learn\github_project\yolov5-face\wandb\run-20220222_233854-2h3jsiyn\files\wandb-summary.json
2022-02-22 23:39:40,365 INFO    Thread-20 :34712 [upload_job.py:push():137] Uploaded file E:\learn\github_project\yolov5-face\wandb\run-20220222_233854-2h3jsiyn\files\output.log
2022-02-22 23:39:40,409 INFO    Thread-21 :34712 [upload_job.py:push():137] Uploaded file E:\learn\github_project\yolov5-face\wandb\run-20220222_233854-2h3jsiyn\files\requirements.txt
2022-02-22 23:39:40,422 DEBUG   HandlerThread:34712 [handler.py:handle_request():130] handle_request: poll_exit
2022-02-22 23:39:40,422 DEBUG   SenderThread:34712 [sender.py:send_request():248] send_request: poll_exit
2022-02-22 23:39:40,443 INFO    Thread-19 :34712 [upload_job.py:push():137] Uploaded file E:\learn\github_project\yolov5-face\wandb\run-20220222_233854-2h3jsiyn\files\config.yaml
2022-02-22 23:39:40,444 INFO    Thread-18 :34712 [upload_job.py:push():137] Uploaded file E:\learn\github_project\yolov5-face\wandb\run-20220222_233854-2h3jsiyn\files\conda-environment.yaml
2022-02-22 23:39:40,524 DEBUG   HandlerThread:34712 [handler.py:handle_request():130] handle_request: poll_exit
2022-02-22 23:39:40,524 DEBUG   SenderThread:34712 [sender.py:send_request():248] send_request: poll_exit
2022-02-22 23:39:40,627 DEBUG   HandlerThread:34712 [handler.py:handle_request():130] handle_request: poll_exit
2022-02-22 23:39:40,627 DEBUG   SenderThread:34712 [sender.py:send_request():248] send_request: poll_exit
2022-02-22 23:39:40,645 INFO    Thread-11 :34712 [sender.py:transition_state():387] send defer: 7
2022-02-22 23:39:40,645 DEBUG   HandlerThread:34712 [handler.py:handle_request():130] handle_request: defer
2022-02-22 23:39:40,645 INFO    HandlerThread:34712 [handler.py:handle_request_defer():147] handle defer: 7
2022-02-22 23:39:40,645 DEBUG   SenderThread:34712 [sender.py:send_request():248] send_request: defer
2022-02-22 23:39:40,645 INFO    SenderThread:34712 [sender.py:send_request_defer():383] handle sender defer: 7
2022-02-22 23:39:40,729 DEBUG   HandlerThread:34712 [handler.py:handle_request():130] handle_request: poll_exit
2022-02-22 23:39:41,304 INFO    SenderThread:34712 [sender.py:transition_state():387] send defer: 8
2022-02-22 23:39:41,305 DEBUG   SenderThread:34712 [sender.py:send_request():248] send_request: poll_exit
2022-02-22 23:39:41,306 DEBUG   HandlerThread:34712 [handler.py:handle_request():130] handle_request: defer
2022-02-22 23:39:41,306 INFO    HandlerThread:34712 [handler.py:handle_request_defer():147] handle defer: 8
2022-02-22 23:39:41,306 DEBUG   SenderThread:34712 [sender.py:send_request():248] send_request: defer
2022-02-22 23:39:41,307 INFO    SenderThread:34712 [sender.py:send_request_defer():383] handle sender defer: 8
2022-02-22 23:39:41,307 INFO    SenderThread:34712 [sender.py:transition_state():387] send defer: 9
2022-02-22 23:39:41,308 DEBUG   SenderThread:34712 [sender.py:send():234] send: final
2022-02-22 23:39:41,308 DEBUG   SenderThread:34712 [sender.py:send():234] send: footer
2022-02-22 23:39:41,308 DEBUG   HandlerThread:34712 [handler.py:handle_request():130] handle_request: defer
2022-02-22 23:39:41,308 INFO    HandlerThread:34712 [handler.py:handle_request_defer():147] handle defer: 9
2022-02-22 23:39:41,308 DEBUG   SenderThread:34712 [sender.py:send_request():248] send_request: defer
2022-02-22 23:39:41,308 INFO    SenderThread:34712 [sender.py:send_request_defer():383] handle sender defer: 9
2022-02-22 23:39:41,408 DEBUG   HandlerThread:34712 [handler.py:handle_request():130] handle_request: poll_exit
2022-02-22 23:39:41,408 DEBUG   SenderThread:34712 [sender.py:send_request():248] send_request: poll_exit
2022-02-22 23:39:41,408 INFO    SenderThread:34712 [file_pusher.py:join():182] waiting for file pusher
2022-02-22 23:39:42,172 DEBUG   HandlerThread:34712 [handler.py:handle_request():130] handle_request: get_summary
2022-02-22 23:39:42,173 DEBUG   HandlerThread:34712 [handler.py:handle_request():130] handle_request: sampled_history
2022-02-22 23:39:42,174 DEBUG   HandlerThread:34712 [handler.py:handle_request():130] handle_request: shutdown
2022-02-22 23:39:42,174 INFO    HandlerThread:34712 [handler.py:finish():731] shutting down handler
2022-02-22 23:39:42,309 INFO    WriterThread:34712 [datastore.py:close():281] close: E:\learn\github_project\yolov5-face\wandb\run-20220222_233854-2h3jsiyn\run-2h3jsiyn.wandb
2022-02-22 23:39:43,171 INFO    SenderThread:34712 [sender.py:finish():1070] shutting down sender
2022-02-22 23:39:43,171 INFO    SenderThread:34712 [file_pusher.py:finish():177] shutting down file pusher
2022-02-22 23:39:43,171 INFO    SenderThread:34712 [file_pusher.py:join():182] waiting for file pusher
2022-02-22 23:39:43,174 INFO    MainThread:34712 [internal.py:handle_exit():77] Internal process exited
