2022-02-23 08:36:04,914 INFO    MainThread:42224 [internal.py:wandb_internal():87] W&B internal server running at pid: 42224, started at: 2022-02-23 08:36:04.913997
2022-02-23 08:36:04,918 DEBUG   HandlerThread:42224 [handler.py:handle_request():130] handle_request: check_version
2022-02-23 08:36:04,918 INFO    WriterThread:42224 [datastore.py:open_for_write():77] open: E:\learn\github_project\yolov5-face\wandb\run-20220223_083603-3tcp0bt2\run-3tcp0bt2.wandb
2022-02-23 08:36:04,925 DEBUG   SenderThread:42224 [sender.py:send():234] send: header
2022-02-23 08:36:04,925 DEBUG   SenderThread:42224 [sender.py:send_request():248] send_request: check_version
2022-02-23 08:36:05,361 DEBUG   SenderThread:42224 [sender.py:send():234] send: run
2022-02-23 08:36:05,374 INFO    SenderThread:42224 [sender.py:_maybe_setup_resume():484] checking resume status for None/YOLOv5/3tcp0bt2
2022-02-23 08:36:06,229 INFO    SenderThread:42224 [dir_watcher.py:__init__():169] watching files in: E:\learn\github_project\yolov5-face\wandb\run-20220223_083603-3tcp0bt2\files
2022-02-23 08:36:06,229 INFO    SenderThread:42224 [sender.py:_start_run_threads():804] run started: 3tcp0bt2 with start time 1645576563
2022-02-23 08:36:06,229 DEBUG   SenderThread:42224 [sender.py:send():234] send: summary
2022-02-23 08:36:06,230 INFO    SenderThread:42224 [sender.py:_save_file():939] saving file wandb-summary.json with policy end
2022-02-23 08:36:06,232 DEBUG   HandlerThread:42224 [handler.py:handle_request():130] handle_request: run_start
2022-02-23 08:36:06,264 DEBUG   HandlerThread:42224 [meta.py:__init__():40] meta init
2022-02-23 08:36:06,264 DEBUG   HandlerThread:42224 [meta.py:__init__():54] meta init done
2022-02-23 08:36:06,264 DEBUG   HandlerThread:42224 [meta.py:probe():214] probe
2022-02-23 08:36:06,342 DEBUG   HandlerThread:42224 [git.py:repo():33] git repository is invalid
2022-02-23 08:36:06,342 DEBUG   HandlerThread:42224 [meta.py:_save_pip():58] save pip
2022-02-23 08:36:06,346 DEBUG   HandlerThread:42224 [meta.py:_save_pip():72] save pip done
2022-02-23 08:36:06,346 DEBUG   HandlerThread:42224 [meta.py:_save_conda():79] save conda
2022-02-23 08:36:07,234 INFO    Thread-12 :42224 [dir_watcher.py:_on_file_created():217] file/dir created: E:\learn\github_project\yolov5-face\wandb\run-20220223_083603-3tcp0bt2\files\wandb-summary.json
2022-02-23 08:36:07,235 INFO    Thread-12 :42224 [dir_watcher.py:_on_file_created():217] file/dir created: E:\learn\github_project\yolov5-face\wandb\run-20220223_083603-3tcp0bt2\files\conda-environment.yaml
2022-02-23 08:36:07,235 INFO    Thread-12 :42224 [dir_watcher.py:_on_file_created():217] file/dir created: E:\learn\github_project\yolov5-face\wandb\run-20220223_083603-3tcp0bt2\files\requirements.txt
2022-02-23 08:36:11,725 DEBUG   HandlerThread:42224 [meta.py:_save_conda():89] save conda done
2022-02-23 08:36:11,725 DEBUG   HandlerThread:42224 [meta.py:probe():252] probe done
2022-02-23 08:36:12,013 DEBUG   HandlerThread:42224 [handler.py:handle_request():130] handle_request: stop_status
2022-02-23 08:36:12,014 DEBUG   SenderThread:42224 [sender.py:send_request():248] send_request: stop_status
2022-02-23 08:36:12,233 INFO    Thread-12 :42224 [dir_watcher.py:_on_file_modified():230] file/dir modified: E:\learn\github_project\yolov5-face\wandb\run-20220223_083603-3tcp0bt2\files\conda-environment.yaml
2022-02-23 08:36:12,234 INFO    Thread-12 :42224 [dir_watcher.py:_on_file_created():217] file/dir created: E:\learn\github_project\yolov5-face\wandb\run-20220223_083603-3tcp0bt2\files\wandb-metadata.json
2022-02-23 08:36:12,234 INFO    Thread-12 :42224 [dir_watcher.py:_on_file_created():217] file/dir created: E:\learn\github_project\yolov5-face\wandb\run-20220223_083603-3tcp0bt2\files\output.log
2022-02-23 08:36:12,370 DEBUG   SenderThread:42224 [sender.py:send():234] send: files
2022-02-23 08:36:12,370 INFO    SenderThread:42224 [sender.py:_save_file():939] saving file wandb-metadata.json with policy now
2022-02-23 08:36:12,845 ERROR   Thread-15 :42224 [internal_api.py:upload_file():1574] upload_file exception https://storage.googleapis.com/wandb-production.appspot.com/heene/YOLOv5/3tcp0bt2/wandb-metadata.json?Expires=1645662972&GoogleAccessId=wandb-production%40appspot.gserviceaccount.com&Signature=XeA%2BgqLQoeuBj0QwjFsj0mcGAiR38uHJL1E2xO34KbBGBKwfDmoRUj8u%2Bst0V%2Fvk6tFh75KKZx6WFiI8j%2FDhMnfMLxxBhZa6MpMdeXyRljP%2FJUPKJ9xKtgenYXyG19ZkCOHhhg%2F2tRPXSgYjsRrGCXvCOsxyEiJJR7frtSLWT2UKCppdImKJVmPDKzPhageOTfdL0iPLCSAc32c6%2BwYQRNIl%2BfAml4HpG0hULo0noKrCTGGjqMxZ9JMmx3zZfojNCoAHzNCObIWqkDiHkCoIE0hxdpmWP7asD4A1DjXGuxMeSk%2BkmQ44m06ah8EjjJeuZEbgOPo%2BvbRm4zM%2FE9ll4g%3D%3D: HTTPSConnectionPool(host='storage.googleapis.com', port=443): Max retries exceeded with url: /wandb-production.appspot.com/heene/YOLOv5/3tcp0bt2/wandb-metadata.json?Expires=1645662972&GoogleAccessId=wandb-production%40appspot.gserviceaccount.com&Signature=XeA%2BgqLQoeuBj0QwjFsj0mcGAiR38uHJL1E2xO34KbBGBKwfDmoRUj8u%2Bst0V%2Fvk6tFh75KKZx6WFiI8j%2FDhMnfMLxxBhZa6MpMdeXyRljP%2FJUPKJ9xKtgenYXyG19ZkCOHhhg%2F2tRPXSgYjsRrGCXvCOsxyEiJJR7frtSLWT2UKCppdImKJVmPDKzPhageOTfdL0iPLCSAc32c6%2BwYQRNIl%2BfAml4HpG0hULo0noKrCTGGjqMxZ9JMmx3zZfojNCoAHzNCObIWqkDiHkCoIE0hxdpmWP7asD4A1DjXGuxMeSk%2BkmQ44m06ah8EjjJeuZEbgOPo%2BvbRm4zM%2FE9ll4g%3D%3D (Caused by SSLError(SSLEOFError(8, 'EOF occurred in violation of protocol (_ssl.c:1131)')))
2022-02-23 08:36:12,845 ERROR   Thread-15 :42224 [internal_api.py:upload_file():1576] upload_file request headers: {'User-Agent': 'python-requests/2.25.1', 'Accept-Encoding': 'gzip, deflate', 'Accept': '*/*', 'Connection': 'keep-alive', 'Content-Length': '759'}
2022-02-23 08:36:12,845 ERROR   Thread-15 :42224 [internal_api.py:upload_file():1578] upload_file response body: 
2022-02-23 08:36:14,117 ERROR   Thread-15 :42224 [internal_api.py:upload_file():1574] upload_file exception https://storage.googleapis.com/wandb-production.appspot.com/heene/YOLOv5/3tcp0bt2/wandb-metadata.json?Expires=1645662972&GoogleAccessId=wandb-production%40appspot.gserviceaccount.com&Signature=XeA%2BgqLQoeuBj0QwjFsj0mcGAiR38uHJL1E2xO34KbBGBKwfDmoRUj8u%2Bst0V%2Fvk6tFh75KKZx6WFiI8j%2FDhMnfMLxxBhZa6MpMdeXyRljP%2FJUPKJ9xKtgenYXyG19ZkCOHhhg%2F2tRPXSgYjsRrGCXvCOsxyEiJJR7frtSLWT2UKCppdImKJVmPDKzPhageOTfdL0iPLCSAc32c6%2BwYQRNIl%2BfAml4HpG0hULo0noKrCTGGjqMxZ9JMmx3zZfojNCoAHzNCObIWqkDiHkCoIE0hxdpmWP7asD4A1DjXGuxMeSk%2BkmQ44m06ah8EjjJeuZEbgOPo%2BvbRm4zM%2FE9ll4g%3D%3D: HTTPSConnectionPool(host='storage.googleapis.com', port=443): Max retries exceeded with url: /wandb-production.appspot.com/heene/YOLOv5/3tcp0bt2/wandb-metadata.json?Expires=1645662972&GoogleAccessId=wandb-production%40appspot.gserviceaccount.com&Signature=XeA%2BgqLQoeuBj0QwjFsj0mcGAiR38uHJL1E2xO34KbBGBKwfDmoRUj8u%2Bst0V%2Fvk6tFh75KKZx6WFiI8j%2FDhMnfMLxxBhZa6MpMdeXyRljP%2FJUPKJ9xKtgenYXyG19ZkCOHhhg%2F2tRPXSgYjsRrGCXvCOsxyEiJJR7frtSLWT2UKCppdImKJVmPDKzPhageOTfdL0iPLCSAc32c6%2BwYQRNIl%2BfAml4HpG0hULo0noKrCTGGjqMxZ9JMmx3zZfojNCoAHzNCObIWqkDiHkCoIE0hxdpmWP7asD4A1DjXGuxMeSk%2BkmQ44m06ah8EjjJeuZEbgOPo%2BvbRm4zM%2FE9ll4g%3D%3D (Caused by SSLError(SSLEOFError(8, 'EOF occurred in violation of protocol (_ssl.c:1131)')))
2022-02-23 08:36:14,117 ERROR   Thread-15 :42224 [internal_api.py:upload_file():1576] upload_file request headers: {'User-Agent': 'python-requests/2.25.1', 'Accept-Encoding': 'gzip, deflate', 'Accept': '*/*', 'Connection': 'keep-alive', 'Content-Length': '759'}
2022-02-23 08:36:14,118 ERROR   Thread-15 :42224 [internal_api.py:upload_file():1578] upload_file response body: 
2022-02-23 08:36:14,234 INFO    Thread-12 :42224 [dir_watcher.py:_on_file_modified():230] file/dir modified: E:\learn\github_project\yolov5-face\wandb\run-20220223_083603-3tcp0bt2\files\output.log
2022-02-23 08:36:16,542 ERROR   Thread-15 :42224 [internal_api.py:upload_file():1574] upload_file exception https://storage.googleapis.com/wandb-production.appspot.com/heene/YOLOv5/3tcp0bt2/wandb-metadata.json?Expires=1645662972&GoogleAccessId=wandb-production%40appspot.gserviceaccount.com&Signature=XeA%2BgqLQoeuBj0QwjFsj0mcGAiR38uHJL1E2xO34KbBGBKwfDmoRUj8u%2Bst0V%2Fvk6tFh75KKZx6WFiI8j%2FDhMnfMLxxBhZa6MpMdeXyRljP%2FJUPKJ9xKtgenYXyG19ZkCOHhhg%2F2tRPXSgYjsRrGCXvCOsxyEiJJR7frtSLWT2UKCppdImKJVmPDKzPhageOTfdL0iPLCSAc32c6%2BwYQRNIl%2BfAml4HpG0hULo0noKrCTGGjqMxZ9JMmx3zZfojNCoAHzNCObIWqkDiHkCoIE0hxdpmWP7asD4A1DjXGuxMeSk%2BkmQ44m06ah8EjjJeuZEbgOPo%2BvbRm4zM%2FE9ll4g%3D%3D: HTTPSConnectionPool(host='storage.googleapis.com', port=443): Max retries exceeded with url: /wandb-production.appspot.com/heene/YOLOv5/3tcp0bt2/wandb-metadata.json?Expires=1645662972&GoogleAccessId=wandb-production%40appspot.gserviceaccount.com&Signature=XeA%2BgqLQoeuBj0QwjFsj0mcGAiR38uHJL1E2xO34KbBGBKwfDmoRUj8u%2Bst0V%2Fvk6tFh75KKZx6WFiI8j%2FDhMnfMLxxBhZa6MpMdeXyRljP%2FJUPKJ9xKtgenYXyG19ZkCOHhhg%2F2tRPXSgYjsRrGCXvCOsxyEiJJR7frtSLWT2UKCppdImKJVmPDKzPhageOTfdL0iPLCSAc32c6%2BwYQRNIl%2BfAml4HpG0hULo0noKrCTGGjqMxZ9JMmx3zZfojNCoAHzNCObIWqkDiHkCoIE0hxdpmWP7asD4A1DjXGuxMeSk%2BkmQ44m06ah8EjjJeuZEbgOPo%2BvbRm4zM%2FE9ll4g%3D%3D (Caused by SSLError(SSLEOFError(8, 'EOF occurred in violation of protocol (_ssl.c:1131)')))
2022-02-23 08:36:16,542 ERROR   Thread-15 :42224 [internal_api.py:upload_file():1576] upload_file request headers: {'User-Agent': 'python-requests/2.25.1', 'Accept-Encoding': 'gzip, deflate', 'Accept': '*/*', 'Connection': 'keep-alive', 'Content-Length': '759'}
2022-02-23 08:36:16,542 ERROR   Thread-15 :42224 [internal_api.py:upload_file():1578] upload_file response body: 
2022-02-23 08:36:16,542 ERROR   Thread-15 :42224 [retry.py:__call__():126] Retry attempt failed:
Traceback (most recent call last):
  File "C:\ProgramData\Anaconda3\envs\pytorch171\lib\site-packages\urllib3\connectionpool.py", line 699, in urlopen
    httplib_response = self._make_request(
  File "C:\ProgramData\Anaconda3\envs\pytorch171\lib\site-packages\urllib3\connectionpool.py", line 382, in _make_request
    self._validate_conn(conn)
  File "C:\ProgramData\Anaconda3\envs\pytorch171\lib\site-packages\urllib3\connectionpool.py", line 1010, in _validate_conn
    conn.connect()
  File "C:\ProgramData\Anaconda3\envs\pytorch171\lib\site-packages\urllib3\connection.py", line 416, in connect
    self.sock = ssl_wrap_socket(
  File "C:\ProgramData\Anaconda3\envs\pytorch171\lib\site-packages\urllib3\util\ssl_.py", line 449, in ssl_wrap_socket
    ssl_sock = _ssl_wrap_socket_impl(
  File "C:\ProgramData\Anaconda3\envs\pytorch171\lib\site-packages\urllib3\util\ssl_.py", line 493, in _ssl_wrap_socket_impl
    return ssl_context.wrap_socket(sock, server_hostname=server_hostname)
  File "C:\ProgramData\Anaconda3\envs\pytorch171\lib\ssl.py", line 500, in wrap_socket
    return self.sslsocket_class._create(
  File "C:\ProgramData\Anaconda3\envs\pytorch171\lib\ssl.py", line 1040, in _create
    self.do_handshake()
  File "C:\ProgramData\Anaconda3\envs\pytorch171\lib\ssl.py", line 1309, in do_handshake
    self._sslobj.do_handshake()
ssl.SSLEOFError: EOF occurred in violation of protocol (_ssl.c:1131)

During handling of the above exception, another exception occurred:

Traceback (most recent call last):
  File "C:\ProgramData\Anaconda3\envs\pytorch171\lib\site-packages\requests\adapters.py", line 439, in send
    resp = conn.urlopen(
  File "C:\ProgramData\Anaconda3\envs\pytorch171\lib\site-packages\urllib3\connectionpool.py", line 755, in urlopen
    retries = retries.increment(
  File "C:\ProgramData\Anaconda3\envs\pytorch171\lib\site-packages\urllib3\util\retry.py", line 574, in increment
    raise MaxRetryError(_pool, url, error or ResponseError(cause))
urllib3.exceptions.MaxRetryError: HTTPSConnectionPool(host='storage.googleapis.com', port=443): Max retries exceeded with url: /wandb-production.appspot.com/heene/YOLOv5/3tcp0bt2/wandb-metadata.json?Expires=1645662972&GoogleAccessId=wandb-production%40appspot.gserviceaccount.com&Signature=XeA%2BgqLQoeuBj0QwjFsj0mcGAiR38uHJL1E2xO34KbBGBKwfDmoRUj8u%2Bst0V%2Fvk6tFh75KKZx6WFiI8j%2FDhMnfMLxxBhZa6MpMdeXyRljP%2FJUPKJ9xKtgenYXyG19ZkCOHhhg%2F2tRPXSgYjsRrGCXvCOsxyEiJJR7frtSLWT2UKCppdImKJVmPDKzPhageOTfdL0iPLCSAc32c6%2BwYQRNIl%2BfAml4HpG0hULo0noKrCTGGjqMxZ9JMmx3zZfojNCoAHzNCObIWqkDiHkCoIE0hxdpmWP7asD4A1DjXGuxMeSk%2BkmQ44m06ah8EjjJeuZEbgOPo%2BvbRm4zM%2FE9ll4g%3D%3D (Caused by SSLError(SSLEOFError(8, 'EOF occurred in violation of protocol (_ssl.c:1131)')))

During handling of the above exception, another exception occurred:

Traceback (most recent call last):
  File "C:\ProgramData\Anaconda3\envs\pytorch171\lib\site-packages\wandb\sdk\internal\internal_api.py", line 1571, in upload_file
    response = requests.put(url, data=progress, headers=extra_headers)
  File "C:\ProgramData\Anaconda3\envs\pytorch171\lib\site-packages\requests\api.py", line 134, in put
    return request('put', url, data=data, **kwargs)
  File "C:\ProgramData\Anaconda3\envs\pytorch171\lib\site-packages\requests\api.py", line 61, in request
    return session.request(method=method, url=url, **kwargs)
  File "C:\ProgramData\Anaconda3\envs\pytorch171\lib\site-packages\requests\sessions.py", line 542, in request
    resp = self.send(prep, **send_kwargs)
  File "C:\ProgramData\Anaconda3\envs\pytorch171\lib\site-packages\requests\sessions.py", line 655, in send
    r = adapter.send(request, **kwargs)
  File "C:\ProgramData\Anaconda3\envs\pytorch171\lib\site-packages\requests\adapters.py", line 514, in send
    raise SSLError(e, request=request)
requests.exceptions.SSLError: HTTPSConnectionPool(host='storage.googleapis.com', port=443): Max retries exceeded with url: /wandb-production.appspot.com/heene/YOLOv5/3tcp0bt2/wandb-metadata.json?Expires=1645662972&GoogleAccessId=wandb-production%40appspot.gserviceaccount.com&Signature=XeA%2BgqLQoeuBj0QwjFsj0mcGAiR38uHJL1E2xO34KbBGBKwfDmoRUj8u%2Bst0V%2Fvk6tFh75KKZx6WFiI8j%2FDhMnfMLxxBhZa6MpMdeXyRljP%2FJUPKJ9xKtgenYXyG19ZkCOHhhg%2F2tRPXSgYjsRrGCXvCOsxyEiJJR7frtSLWT2UKCppdImKJVmPDKzPhageOTfdL0iPLCSAc32c6%2BwYQRNIl%2BfAml4HpG0hULo0noKrCTGGjqMxZ9JMmx3zZfojNCoAHzNCObIWqkDiHkCoIE0hxdpmWP7asD4A1DjXGuxMeSk%2BkmQ44m06ah8EjjJeuZEbgOPo%2BvbRm4zM%2FE9ll4g%3D%3D (Caused by SSLError(SSLEOFError(8, 'EOF occurred in violation of protocol (_ssl.c:1131)')))

During handling of the above exception, another exception occurred:

Traceback (most recent call last):
  File "C:\ProgramData\Anaconda3\envs\pytorch171\lib\site-packages\wandb\sdk\lib\retry.py", line 102, in __call__
    result = self._call_fn(*args, **kwargs)
  File "C:\ProgramData\Anaconda3\envs\pytorch171\lib\site-packages\wandb\sdk\internal\internal_api.py", line 1587, in upload_file
    six.reraise(type(e), e, sys.exc_info()[2])
  File "C:\ProgramData\Anaconda3\envs\pytorch171\lib\site-packages\six.py", line 718, in reraise
    raise value.with_traceback(tb)
  File "C:\ProgramData\Anaconda3\envs\pytorch171\lib\site-packages\wandb\sdk\internal\internal_api.py", line 1571, in upload_file
    response = requests.put(url, data=progress, headers=extra_headers)
  File "C:\ProgramData\Anaconda3\envs\pytorch171\lib\site-packages\requests\api.py", line 134, in put
    return request('put', url, data=data, **kwargs)
  File "C:\ProgramData\Anaconda3\envs\pytorch171\lib\site-packages\requests\api.py", line 61, in request
    return session.request(method=method, url=url, **kwargs)
  File "C:\ProgramData\Anaconda3\envs\pytorch171\lib\site-packages\requests\sessions.py", line 542, in request
    resp = self.send(prep, **send_kwargs)
  File "C:\ProgramData\Anaconda3\envs\pytorch171\lib\site-packages\requests\sessions.py", line 655, in send
    r = adapter.send(request, **kwargs)
  File "C:\ProgramData\Anaconda3\envs\pytorch171\lib\site-packages\requests\adapters.py", line 514, in send
    raise SSLError(e, request=request)
wandb.sdk.lib.retry.TransientError: None
2022-02-23 08:36:20,859 ERROR   Thread-15 :42224 [internal_api.py:upload_file():1574] upload_file exception https://storage.googleapis.com/wandb-production.appspot.com/heene/YOLOv5/3tcp0bt2/wandb-metadata.json?Expires=1645662972&GoogleAccessId=wandb-production%40appspot.gserviceaccount.com&Signature=XeA%2BgqLQoeuBj0QwjFsj0mcGAiR38uHJL1E2xO34KbBGBKwfDmoRUj8u%2Bst0V%2Fvk6tFh75KKZx6WFiI8j%2FDhMnfMLxxBhZa6MpMdeXyRljP%2FJUPKJ9xKtgenYXyG19ZkCOHhhg%2F2tRPXSgYjsRrGCXvCOsxyEiJJR7frtSLWT2UKCppdImKJVmPDKzPhageOTfdL0iPLCSAc32c6%2BwYQRNIl%2BfAml4HpG0hULo0noKrCTGGjqMxZ9JMmx3zZfojNCoAHzNCObIWqkDiHkCoIE0hxdpmWP7asD4A1DjXGuxMeSk%2BkmQ44m06ah8EjjJeuZEbgOPo%2BvbRm4zM%2FE9ll4g%3D%3D: HTTPSConnectionPool(host='storage.googleapis.com', port=443): Max retries exceeded with url: /wandb-production.appspot.com/heene/YOLOv5/3tcp0bt2/wandb-metadata.json?Expires=1645662972&GoogleAccessId=wandb-production%40appspot.gserviceaccount.com&Signature=XeA%2BgqLQoeuBj0QwjFsj0mcGAiR38uHJL1E2xO34KbBGBKwfDmoRUj8u%2Bst0V%2Fvk6tFh75KKZx6WFiI8j%2FDhMnfMLxxBhZa6MpMdeXyRljP%2FJUPKJ9xKtgenYXyG19ZkCOHhhg%2F2tRPXSgYjsRrGCXvCOsxyEiJJR7frtSLWT2UKCppdImKJVmPDKzPhageOTfdL0iPLCSAc32c6%2BwYQRNIl%2BfAml4HpG0hULo0noKrCTGGjqMxZ9JMmx3zZfojNCoAHzNCObIWqkDiHkCoIE0hxdpmWP7asD4A1DjXGuxMeSk%2BkmQ44m06ah8EjjJeuZEbgOPo%2BvbRm4zM%2FE9ll4g%3D%3D (Caused by SSLError(SSLEOFError(8, 'EOF occurred in violation of protocol (_ssl.c:1131)')))
2022-02-23 08:36:20,859 ERROR   Thread-15 :42224 [internal_api.py:upload_file():1576] upload_file request headers: {'User-Agent': 'python-requests/2.25.1', 'Accept-Encoding': 'gzip, deflate', 'Accept': '*/*', 'Connection': 'keep-alive', 'Content-Length': '759'}
2022-02-23 08:36:20,859 ERROR   Thread-15 :42224 [internal_api.py:upload_file():1578] upload_file response body: 
2022-02-23 08:36:27,370 DEBUG   HandlerThread:42224 [handler.py:handle_request():130] handle_request: stop_status
2022-02-23 08:36:27,370 DEBUG   SenderThread:42224 [sender.py:send_request():248] send_request: stop_status
2022-02-23 08:36:28,243 INFO    Thread-12 :42224 [dir_watcher.py:_on_file_modified():230] file/dir modified: E:\learn\github_project\yolov5-face\wandb\run-20220223_083603-3tcp0bt2\files\output.log
2022-02-23 08:36:29,835 ERROR   Thread-15 :42224 [internal_api.py:upload_file():1574] upload_file exception https://storage.googleapis.com/wandb-production.appspot.com/heene/YOLOv5/3tcp0bt2/wandb-metadata.json?Expires=1645662972&GoogleAccessId=wandb-production%40appspot.gserviceaccount.com&Signature=XeA%2BgqLQoeuBj0QwjFsj0mcGAiR38uHJL1E2xO34KbBGBKwfDmoRUj8u%2Bst0V%2Fvk6tFh75KKZx6WFiI8j%2FDhMnfMLxxBhZa6MpMdeXyRljP%2FJUPKJ9xKtgenYXyG19ZkCOHhhg%2F2tRPXSgYjsRrGCXvCOsxyEiJJR7frtSLWT2UKCppdImKJVmPDKzPhageOTfdL0iPLCSAc32c6%2BwYQRNIl%2BfAml4HpG0hULo0noKrCTGGjqMxZ9JMmx3zZfojNCoAHzNCObIWqkDiHkCoIE0hxdpmWP7asD4A1DjXGuxMeSk%2BkmQ44m06ah8EjjJeuZEbgOPo%2BvbRm4zM%2FE9ll4g%3D%3D: HTTPSConnectionPool(host='storage.googleapis.com', port=443): Max retries exceeded with url: /wandb-production.appspot.com/heene/YOLOv5/3tcp0bt2/wandb-metadata.json?Expires=1645662972&GoogleAccessId=wandb-production%40appspot.gserviceaccount.com&Signature=XeA%2BgqLQoeuBj0QwjFsj0mcGAiR38uHJL1E2xO34KbBGBKwfDmoRUj8u%2Bst0V%2Fvk6tFh75KKZx6WFiI8j%2FDhMnfMLxxBhZa6MpMdeXyRljP%2FJUPKJ9xKtgenYXyG19ZkCOHhhg%2F2tRPXSgYjsRrGCXvCOsxyEiJJR7frtSLWT2UKCppdImKJVmPDKzPhageOTfdL0iPLCSAc32c6%2BwYQRNIl%2BfAml4HpG0hULo0noKrCTGGjqMxZ9JMmx3zZfojNCoAHzNCObIWqkDiHkCoIE0hxdpmWP7asD4A1DjXGuxMeSk%2BkmQ44m06ah8EjjJeuZEbgOPo%2BvbRm4zM%2FE9ll4g%3D%3D (Caused by SSLError(SSLEOFError(8, 'EOF occurred in violation of protocol (_ssl.c:1131)')))
2022-02-23 08:36:29,835 ERROR   Thread-15 :42224 [internal_api.py:upload_file():1576] upload_file request headers: {'User-Agent': 'python-requests/2.25.1', 'Accept-Encoding': 'gzip, deflate', 'Accept': '*/*', 'Connection': 'keep-alive', 'Content-Length': '759'}
2022-02-23 08:36:29,835 ERROR   Thread-15 :42224 [internal_api.py:upload_file():1578] upload_file response body: 
2022-02-23 08:36:35,455 DEBUG   SenderThread:42224 [sender.py:send():234] send: stats
2022-02-23 08:36:42,792 DEBUG   HandlerThread:42224 [handler.py:handle_request():130] handle_request: stop_status
2022-02-23 08:36:42,792 DEBUG   SenderThread:42224 [sender.py:send_request():248] send_request: stop_status
2022-02-23 08:36:43,262 INFO    Thread-12 :42224 [dir_watcher.py:_on_file_modified():230] file/dir modified: E:\learn\github_project\yolov5-face\wandb\run-20220223_083603-3tcp0bt2\files\output.log
2022-02-23 08:36:45,163 DEBUG   SenderThread:42224 [sender.py:send():234] send: files
2022-02-23 08:36:45,163 INFO    SenderThread:42224 [sender.py:_save_file():939] saving file media\images\Labels_0_0.jpg with policy now
2022-02-23 08:36:45,166 DEBUG   SenderThread:42224 [sender.py:send():234] send: files
2022-02-23 08:36:45,166 INFO    SenderThread:42224 [sender.py:_save_file():939] saving file media\images\Labels_0_1.jpg with policy now
2022-02-23 08:36:45,191 DEBUG   SenderThread:42224 [sender.py:send():234] send: history
2022-02-23 08:36:45,192 DEBUG   SenderThread:42224 [sender.py:send():234] send: summary
2022-02-23 08:36:45,193 INFO    SenderThread:42224 [sender.py:_save_file():939] saving file wandb-summary.json with policy end
2022-02-23 08:36:45,267 INFO    Thread-12 :42224 [dir_watcher.py:_on_file_modified():230] file/dir modified: E:\learn\github_project\yolov5-face\wandb\run-20220223_083603-3tcp0bt2\files\wandb-summary.json
2022-02-23 08:36:45,267 INFO    Thread-12 :42224 [dir_watcher.py:_on_file_created():217] file/dir created: E:\learn\github_project\yolov5-face\wandb\run-20220223_083603-3tcp0bt2\files\media\images\Labels_0_1.jpg
2022-02-23 08:36:45,268 INFO    Thread-12 :42224 [dir_watcher.py:_on_file_created():217] file/dir created: E:\learn\github_project\yolov5-face\wandb\run-20220223_083603-3tcp0bt2\files\media\images\Labels_0_0.jpg
2022-02-23 08:36:45,269 INFO    Thread-12 :42224 [dir_watcher.py:_on_file_created():217] file/dir created: E:\learn\github_project\yolov5-face\wandb\run-20220223_083603-3tcp0bt2\files\media\images
2022-02-23 08:36:45,269 INFO    Thread-12 :42224 [dir_watcher.py:_on_file_created():217] file/dir created: E:\learn\github_project\yolov5-face\wandb\run-20220223_083603-3tcp0bt2\files\media
2022-02-23 08:36:45,596 ERROR   Thread-17 :42224 [internal_api.py:upload_file():1574] upload_file exception https://storage.googleapis.com/wandb-production.appspot.com/heene/YOLOv5/3tcp0bt2/media/images/Labels_0_1.jpg?Expires=1645663005&GoogleAccessId=wandb-production%40appspot.gserviceaccount.com&Signature=Q2ib3RbtDSfPnh%2BlqrzeT%2BMWLRNVqMc2%2Bf52GfHcjGmXKt8XvSKmgNm%2BuNWv4ADFG9oljojCQLIJ6H3a4mO5X82oZEScL7Q8VDf%2BENJRPfzGjtA5ZICld10bFTM1EE8rvJx459aPkicABZEW77O2IaLrhzo5t9cAXgibH%2FLNNaRC%2B5JATGA9UJfatxzkdDGACreKTkMg71n4ZnH%2Ft6biwn3DifozmgpYF0zmjISbsctChPaVX2rWy8Xn2Te5TXnHrvRqijNK%2FRU%2BZ8iKvm6JuAoD7fzX%2FUSZqjvqFyHcW%2BonbUiBpJpsnZCmlxBnLDMV9y%2BCAuxEfQnfmnJRDmBGfA%3D%3D: HTTPSConnectionPool(host='storage.googleapis.com', port=443): Max retries exceeded with url: /wandb-production.appspot.com/heene/YOLOv5/3tcp0bt2/media/images/Labels_0_1.jpg?Expires=1645663005&GoogleAccessId=wandb-production%40appspot.gserviceaccount.com&Signature=Q2ib3RbtDSfPnh%2BlqrzeT%2BMWLRNVqMc2%2Bf52GfHcjGmXKt8XvSKmgNm%2BuNWv4ADFG9oljojCQLIJ6H3a4mO5X82oZEScL7Q8VDf%2BENJRPfzGjtA5ZICld10bFTM1EE8rvJx459aPkicABZEW77O2IaLrhzo5t9cAXgibH%2FLNNaRC%2B5JATGA9UJfatxzkdDGACreKTkMg71n4ZnH%2Ft6biwn3DifozmgpYF0zmjISbsctChPaVX2rWy8Xn2Te5TXnHrvRqijNK%2FRU%2BZ8iKvm6JuAoD7fzX%2FUSZqjvqFyHcW%2BonbUiBpJpsnZCmlxBnLDMV9y%2BCAuxEfQnfmnJRDmBGfA%3D%3D (Caused by SSLError(SSLEOFError(8, 'EOF occurred in violation of protocol (_ssl.c:1131)')))
2022-02-23 08:36:45,597 ERROR   Thread-16 :42224 [internal_api.py:upload_file():1574] upload_file exception https://storage.googleapis.com/wandb-production.appspot.com/heene/YOLOv5/3tcp0bt2/media/images/Labels_0_0.jpg?Expires=1645663005&GoogleAccessId=wandb-production%40appspot.gserviceaccount.com&Signature=f3ECRNIRbab3KBbVLyRv3FqArRCcKLwU4H5JyoPjG8%2Bk6VdU1KRgOamoGvOxZd4YOMaOxoYb3y40%2B5qD2GQ%2BYeKKaTYK1DwV9YEO9JLx1zASy7JDSO86Hz2SHg9XGtM7ugti%2Bt7hX8qihaVuoUl1nUcsnNFybPged5wwVbIADU9uR2L46JcopeowKZrsC%2B0AEeVlWmkru%2FDruuRzSDI8Od96AaaOm9aQChSmhrETL2Sfr9ZenzLkaHMUOnzrvYUzMhPZb3JLFUgtmYIC2eSbUQAp3hTsr5GMjOfIANtIL%2F2L%2BDVIo4Hjie%2Bv3OwrqjGyjGsJLlfAXpX6cd38Rf3tFQ%3D%3D: HTTPSConnectionPool(host='storage.googleapis.com', port=443): Max retries exceeded with url: /wandb-production.appspot.com/heene/YOLOv5/3tcp0bt2/media/images/Labels_0_0.jpg?Expires=1645663005&GoogleAccessId=wandb-production%40appspot.gserviceaccount.com&Signature=f3ECRNIRbab3KBbVLyRv3FqArRCcKLwU4H5JyoPjG8%2Bk6VdU1KRgOamoGvOxZd4YOMaOxoYb3y40%2B5qD2GQ%2BYeKKaTYK1DwV9YEO9JLx1zASy7JDSO86Hz2SHg9XGtM7ugti%2Bt7hX8qihaVuoUl1nUcsnNFybPged5wwVbIADU9uR2L46JcopeowKZrsC%2B0AEeVlWmkru%2FDruuRzSDI8Od96AaaOm9aQChSmhrETL2Sfr9ZenzLkaHMUOnzrvYUzMhPZb3JLFUgtmYIC2eSbUQAp3hTsr5GMjOfIANtIL%2F2L%2BDVIo4Hjie%2Bv3OwrqjGyjGsJLlfAXpX6cd38Rf3tFQ%3D%3D (Caused by SSLError(SSLEOFError(8, 'EOF occurred in violation of protocol (_ssl.c:1131)')))
2022-02-23 08:36:45,598 ERROR   Thread-17 :42224 [internal_api.py:upload_file():1576] upload_file request headers: {'User-Agent': 'python-requests/2.25.1', 'Accept-Encoding': 'gzip, deflate', 'Accept': '*/*', 'Connection': 'keep-alive', 'Content-Length': '299771'}
2022-02-23 08:36:45,598 ERROR   Thread-16 :42224 [internal_api.py:upload_file():1576] upload_file request headers: {'User-Agent': 'python-requests/2.25.1', 'Accept-Encoding': 'gzip, deflate', 'Accept': '*/*', 'Connection': 'keep-alive', 'Content-Length': '133922'}
2022-02-23 08:36:45,598 ERROR   Thread-17 :42224 [internal_api.py:upload_file():1578] upload_file response body: 
2022-02-23 08:36:45,598 ERROR   Thread-16 :42224 [internal_api.py:upload_file():1578] upload_file response body: 
2022-02-23 08:36:46,642 ERROR   Thread-17 :42224 [internal_api.py:upload_file():1574] upload_file exception https://storage.googleapis.com/wandb-production.appspot.com/heene/YOLOv5/3tcp0bt2/media/images/Labels_0_1.jpg?Expires=1645663005&GoogleAccessId=wandb-production%40appspot.gserviceaccount.com&Signature=Q2ib3RbtDSfPnh%2BlqrzeT%2BMWLRNVqMc2%2Bf52GfHcjGmXKt8XvSKmgNm%2BuNWv4ADFG9oljojCQLIJ6H3a4mO5X82oZEScL7Q8VDf%2BENJRPfzGjtA5ZICld10bFTM1EE8rvJx459aPkicABZEW77O2IaLrhzo5t9cAXgibH%2FLNNaRC%2B5JATGA9UJfatxzkdDGACreKTkMg71n4ZnH%2Ft6biwn3DifozmgpYF0zmjISbsctChPaVX2rWy8Xn2Te5TXnHrvRqijNK%2FRU%2BZ8iKvm6JuAoD7fzX%2FUSZqjvqFyHcW%2BonbUiBpJpsnZCmlxBnLDMV9y%2BCAuxEfQnfmnJRDmBGfA%3D%3D: HTTPSConnectionPool(host='storage.googleapis.com', port=443): Max retries exceeded with url: /wandb-production.appspot.com/heene/YOLOv5/3tcp0bt2/media/images/Labels_0_1.jpg?Expires=1645663005&GoogleAccessId=wandb-production%40appspot.gserviceaccount.com&Signature=Q2ib3RbtDSfPnh%2BlqrzeT%2BMWLRNVqMc2%2Bf52GfHcjGmXKt8XvSKmgNm%2BuNWv4ADFG9oljojCQLIJ6H3a4mO5X82oZEScL7Q8VDf%2BENJRPfzGjtA5ZICld10bFTM1EE8rvJx459aPkicABZEW77O2IaLrhzo5t9cAXgibH%2FLNNaRC%2B5JATGA9UJfatxzkdDGACreKTkMg71n4ZnH%2Ft6biwn3DifozmgpYF0zmjISbsctChPaVX2rWy8Xn2Te5TXnHrvRqijNK%2FRU%2BZ8iKvm6JuAoD7fzX%2FUSZqjvqFyHcW%2BonbUiBpJpsnZCmlxBnLDMV9y%2BCAuxEfQnfmnJRDmBGfA%3D%3D (Caused by SSLError(SSLEOFError(8, 'EOF occurred in violation of protocol (_ssl.c:1131)')))
2022-02-23 08:36:46,642 ERROR   Thread-17 :42224 [internal_api.py:upload_file():1576] upload_file request headers: {'User-Agent': 'python-requests/2.25.1', 'Accept-Encoding': 'gzip, deflate', 'Accept': '*/*', 'Connection': 'keep-alive', 'Content-Length': '299771'}
2022-02-23 08:36:46,642 ERROR   Thread-17 :42224 [internal_api.py:upload_file():1578] upload_file response body: 
2022-02-23 08:36:46,747 ERROR   Thread-16 :42224 [internal_api.py:upload_file():1574] upload_file exception https://storage.googleapis.com/wandb-production.appspot.com/heene/YOLOv5/3tcp0bt2/media/images/Labels_0_0.jpg?Expires=1645663005&GoogleAccessId=wandb-production%40appspot.gserviceaccount.com&Signature=f3ECRNIRbab3KBbVLyRv3FqArRCcKLwU4H5JyoPjG8%2Bk6VdU1KRgOamoGvOxZd4YOMaOxoYb3y40%2B5qD2GQ%2BYeKKaTYK1DwV9YEO9JLx1zASy7JDSO86Hz2SHg9XGtM7ugti%2Bt7hX8qihaVuoUl1nUcsnNFybPged5wwVbIADU9uR2L46JcopeowKZrsC%2B0AEeVlWmkru%2FDruuRzSDI8Od96AaaOm9aQChSmhrETL2Sfr9ZenzLkaHMUOnzrvYUzMhPZb3JLFUgtmYIC2eSbUQAp3hTsr5GMjOfIANtIL%2F2L%2BDVIo4Hjie%2Bv3OwrqjGyjGsJLlfAXpX6cd38Rf3tFQ%3D%3D: HTTPSConnectionPool(host='storage.googleapis.com', port=443): Max retries exceeded with url: /wandb-production.appspot.com/heene/YOLOv5/3tcp0bt2/media/images/Labels_0_0.jpg?Expires=1645663005&GoogleAccessId=wandb-production%40appspot.gserviceaccount.com&Signature=f3ECRNIRbab3KBbVLyRv3FqArRCcKLwU4H5JyoPjG8%2Bk6VdU1KRgOamoGvOxZd4YOMaOxoYb3y40%2B5qD2GQ%2BYeKKaTYK1DwV9YEO9JLx1zASy7JDSO86Hz2SHg9XGtM7ugti%2Bt7hX8qihaVuoUl1nUcsnNFybPged5wwVbIADU9uR2L46JcopeowKZrsC%2B0AEeVlWmkru%2FDruuRzSDI8Od96AaaOm9aQChSmhrETL2Sfr9ZenzLkaHMUOnzrvYUzMhPZb3JLFUgtmYIC2eSbUQAp3hTsr5GMjOfIANtIL%2F2L%2BDVIo4Hjie%2Bv3OwrqjGyjGsJLlfAXpX6cd38Rf3tFQ%3D%3D (Caused by SSLError(SSLEOFError(8, 'EOF occurred in violation of protocol (_ssl.c:1131)')))
2022-02-23 08:36:46,747 ERROR   Thread-16 :42224 [internal_api.py:upload_file():1576] upload_file request headers: {'User-Agent': 'python-requests/2.25.1', 'Accept-Encoding': 'gzip, deflate', 'Accept': '*/*', 'Connection': 'keep-alive', 'Content-Length': '133922'}
2022-02-23 08:36:46,747 ERROR   Thread-16 :42224 [internal_api.py:upload_file():1578] upload_file response body: 
2022-02-23 08:36:46,747 ERROR   Thread-16 :42224 [retry.py:__call__():126] Retry attempt failed:
Traceback (most recent call last):
  File "C:\ProgramData\Anaconda3\envs\pytorch171\lib\site-packages\urllib3\connectionpool.py", line 699, in urlopen
    httplib_response = self._make_request(
  File "C:\ProgramData\Anaconda3\envs\pytorch171\lib\site-packages\urllib3\connectionpool.py", line 382, in _make_request
    self._validate_conn(conn)
  File "C:\ProgramData\Anaconda3\envs\pytorch171\lib\site-packages\urllib3\connectionpool.py", line 1010, in _validate_conn
    conn.connect()
  File "C:\ProgramData\Anaconda3\envs\pytorch171\lib\site-packages\urllib3\connection.py", line 416, in connect
    self.sock = ssl_wrap_socket(
  File "C:\ProgramData\Anaconda3\envs\pytorch171\lib\site-packages\urllib3\util\ssl_.py", line 449, in ssl_wrap_socket
    ssl_sock = _ssl_wrap_socket_impl(
  File "C:\ProgramData\Anaconda3\envs\pytorch171\lib\site-packages\urllib3\util\ssl_.py", line 493, in _ssl_wrap_socket_impl
    return ssl_context.wrap_socket(sock, server_hostname=server_hostname)
  File "C:\ProgramData\Anaconda3\envs\pytorch171\lib\ssl.py", line 500, in wrap_socket
    return self.sslsocket_class._create(
  File "C:\ProgramData\Anaconda3\envs\pytorch171\lib\ssl.py", line 1040, in _create
    self.do_handshake()
  File "C:\ProgramData\Anaconda3\envs\pytorch171\lib\ssl.py", line 1309, in do_handshake
    self._sslobj.do_handshake()
ssl.SSLEOFError: EOF occurred in violation of protocol (_ssl.c:1131)

During handling of the above exception, another exception occurred:

Traceback (most recent call last):
  File "C:\ProgramData\Anaconda3\envs\pytorch171\lib\site-packages\requests\adapters.py", line 439, in send
    resp = conn.urlopen(
  File "C:\ProgramData\Anaconda3\envs\pytorch171\lib\site-packages\urllib3\connectionpool.py", line 755, in urlopen
    retries = retries.increment(
  File "C:\ProgramData\Anaconda3\envs\pytorch171\lib\site-packages\urllib3\util\retry.py", line 574, in increment
    raise MaxRetryError(_pool, url, error or ResponseError(cause))
urllib3.exceptions.MaxRetryError: HTTPSConnectionPool(host='storage.googleapis.com', port=443): Max retries exceeded with url: /wandb-production.appspot.com/heene/YOLOv5/3tcp0bt2/media/images/Labels_0_0.jpg?Expires=1645663005&GoogleAccessId=wandb-production%40appspot.gserviceaccount.com&Signature=f3ECRNIRbab3KBbVLyRv3FqArRCcKLwU4H5JyoPjG8%2Bk6VdU1KRgOamoGvOxZd4YOMaOxoYb3y40%2B5qD2GQ%2BYeKKaTYK1DwV9YEO9JLx1zASy7JDSO86Hz2SHg9XGtM7ugti%2Bt7hX8qihaVuoUl1nUcsnNFybPged5wwVbIADU9uR2L46JcopeowKZrsC%2B0AEeVlWmkru%2FDruuRzSDI8Od96AaaOm9aQChSmhrETL2Sfr9ZenzLkaHMUOnzrvYUzMhPZb3JLFUgtmYIC2eSbUQAp3hTsr5GMjOfIANtIL%2F2L%2BDVIo4Hjie%2Bv3OwrqjGyjGsJLlfAXpX6cd38Rf3tFQ%3D%3D (Caused by SSLError(SSLEOFError(8, 'EOF occurred in violation of protocol (_ssl.c:1131)')))

During handling of the above exception, another exception occurred:

Traceback (most recent call last):
  File "C:\ProgramData\Anaconda3\envs\pytorch171\lib\site-packages\wandb\sdk\internal\internal_api.py", line 1571, in upload_file
    response = requests.put(url, data=progress, headers=extra_headers)
  File "C:\ProgramData\Anaconda3\envs\pytorch171\lib\site-packages\requests\api.py", line 134, in put
    return request('put', url, data=data, **kwargs)
  File "C:\ProgramData\Anaconda3\envs\pytorch171\lib\site-packages\requests\api.py", line 61, in request
    return session.request(method=method, url=url, **kwargs)
  File "C:\ProgramData\Anaconda3\envs\pytorch171\lib\site-packages\requests\sessions.py", line 542, in request
    resp = self.send(prep, **send_kwargs)
  File "C:\ProgramData\Anaconda3\envs\pytorch171\lib\site-packages\requests\sessions.py", line 655, in send
    r = adapter.send(request, **kwargs)
  File "C:\ProgramData\Anaconda3\envs\pytorch171\lib\site-packages\requests\adapters.py", line 514, in send
    raise SSLError(e, request=request)
requests.exceptions.SSLError: HTTPSConnectionPool(host='storage.googleapis.com', port=443): Max retries exceeded with url: /wandb-production.appspot.com/heene/YOLOv5/3tcp0bt2/media/images/Labels_0_0.jpg?Expires=1645663005&GoogleAccessId=wandb-production%40appspot.gserviceaccount.com&Signature=f3ECRNIRbab3KBbVLyRv3FqArRCcKLwU4H5JyoPjG8%2Bk6VdU1KRgOamoGvOxZd4YOMaOxoYb3y40%2B5qD2GQ%2BYeKKaTYK1DwV9YEO9JLx1zASy7JDSO86Hz2SHg9XGtM7ugti%2Bt7hX8qihaVuoUl1nUcsnNFybPged5wwVbIADU9uR2L46JcopeowKZrsC%2B0AEeVlWmkru%2FDruuRzSDI8Od96AaaOm9aQChSmhrETL2Sfr9ZenzLkaHMUOnzrvYUzMhPZb3JLFUgtmYIC2eSbUQAp3hTsr5GMjOfIANtIL%2F2L%2BDVIo4Hjie%2Bv3OwrqjGyjGsJLlfAXpX6cd38Rf3tFQ%3D%3D (Caused by SSLError(SSLEOFError(8, 'EOF occurred in violation of protocol (_ssl.c:1131)')))

During handling of the above exception, another exception occurred:

Traceback (most recent call last):
  File "C:\ProgramData\Anaconda3\envs\pytorch171\lib\site-packages\wandb\sdk\lib\retry.py", line 102, in __call__
    result = self._call_fn(*args, **kwargs)
  File "C:\ProgramData\Anaconda3\envs\pytorch171\lib\site-packages\wandb\sdk\internal\internal_api.py", line 1587, in upload_file
    six.reraise(type(e), e, sys.exc_info()[2])
  File "C:\ProgramData\Anaconda3\envs\pytorch171\lib\site-packages\six.py", line 718, in reraise
    raise value.with_traceback(tb)
  File "C:\ProgramData\Anaconda3\envs\pytorch171\lib\site-packages\wandb\sdk\internal\internal_api.py", line 1571, in upload_file
    response = requests.put(url, data=progress, headers=extra_headers)
  File "C:\ProgramData\Anaconda3\envs\pytorch171\lib\site-packages\requests\api.py", line 134, in put
    return request('put', url, data=data, **kwargs)
  File "C:\ProgramData\Anaconda3\envs\pytorch171\lib\site-packages\requests\api.py", line 61, in request
    return session.request(method=method, url=url, **kwargs)
  File "C:\ProgramData\Anaconda3\envs\pytorch171\lib\site-packages\requests\sessions.py", line 542, in request
    resp = self.send(prep, **send_kwargs)
  File "C:\ProgramData\Anaconda3\envs\pytorch171\lib\site-packages\requests\sessions.py", line 655, in send
    r = adapter.send(request, **kwargs)
  File "C:\ProgramData\Anaconda3\envs\pytorch171\lib\site-packages\requests\adapters.py", line 514, in send
    raise SSLError(e, request=request)
wandb.sdk.lib.retry.TransientError: None
2022-02-23 08:36:47,270 INFO    Thread-12 :42224 [dir_watcher.py:_on_file_modified():230] file/dir modified: E:\learn\github_project\yolov5-face\wandb\run-20220223_083603-3tcp0bt2\files\output.log
2022-02-23 08:36:48,059 ERROR   Thread-15 :42224 [internal_api.py:upload_file():1574] upload_file exception https://storage.googleapis.com/wandb-production.appspot.com/heene/YOLOv5/3tcp0bt2/wandb-metadata.json?Expires=1645662972&GoogleAccessId=wandb-production%40appspot.gserviceaccount.com&Signature=XeA%2BgqLQoeuBj0QwjFsj0mcGAiR38uHJL1E2xO34KbBGBKwfDmoRUj8u%2Bst0V%2Fvk6tFh75KKZx6WFiI8j%2FDhMnfMLxxBhZa6MpMdeXyRljP%2FJUPKJ9xKtgenYXyG19ZkCOHhhg%2F2tRPXSgYjsRrGCXvCOsxyEiJJR7frtSLWT2UKCppdImKJVmPDKzPhageOTfdL0iPLCSAc32c6%2BwYQRNIl%2BfAml4HpG0hULo0noKrCTGGjqMxZ9JMmx3zZfojNCoAHzNCObIWqkDiHkCoIE0hxdpmWP7asD4A1DjXGuxMeSk%2BkmQ44m06ah8EjjJeuZEbgOPo%2BvbRm4zM%2FE9ll4g%3D%3D: HTTPSConnectionPool(host='storage.googleapis.com', port=443): Max retries exceeded with url: /wandb-production.appspot.com/heene/YOLOv5/3tcp0bt2/wandb-metadata.json?Expires=1645662972&GoogleAccessId=wandb-production%40appspot.gserviceaccount.com&Signature=XeA%2BgqLQoeuBj0QwjFsj0mcGAiR38uHJL1E2xO34KbBGBKwfDmoRUj8u%2Bst0V%2Fvk6tFh75KKZx6WFiI8j%2FDhMnfMLxxBhZa6MpMdeXyRljP%2FJUPKJ9xKtgenYXyG19ZkCOHhhg%2F2tRPXSgYjsRrGCXvCOsxyEiJJR7frtSLWT2UKCppdImKJVmPDKzPhageOTfdL0iPLCSAc32c6%2BwYQRNIl%2BfAml4HpG0hULo0noKrCTGGjqMxZ9JMmx3zZfojNCoAHzNCObIWqkDiHkCoIE0hxdpmWP7asD4A1DjXGuxMeSk%2BkmQ44m06ah8EjjJeuZEbgOPo%2BvbRm4zM%2FE9ll4g%3D%3D (Caused by SSLError(SSLEOFError(8, 'EOF occurred in violation of protocol (_ssl.c:1131)')))
2022-02-23 08:36:48,059 ERROR   Thread-15 :42224 [internal_api.py:upload_file():1576] upload_file request headers: {'User-Agent': 'python-requests/2.25.1', 'Accept-Encoding': 'gzip, deflate', 'Accept': '*/*', 'Connection': 'keep-alive', 'Content-Length': '759'}
2022-02-23 08:36:48,059 ERROR   Thread-15 :42224 [internal_api.py:upload_file():1578] upload_file response body: 
2022-02-23 08:36:48,271 INFO    Thread-12 :42224 [dir_watcher.py:_on_file_modified():230] file/dir modified: E:\learn\github_project\yolov5-face\wandb\run-20220223_083603-3tcp0bt2\files\output.log
2022-02-23 08:36:48,790 ERROR   Thread-17 :42224 [internal_api.py:upload_file():1574] upload_file exception https://storage.googleapis.com/wandb-production.appspot.com/heene/YOLOv5/3tcp0bt2/media/images/Labels_0_1.jpg?Expires=1645663005&GoogleAccessId=wandb-production%40appspot.gserviceaccount.com&Signature=Q2ib3RbtDSfPnh%2BlqrzeT%2BMWLRNVqMc2%2Bf52GfHcjGmXKt8XvSKmgNm%2BuNWv4ADFG9oljojCQLIJ6H3a4mO5X82oZEScL7Q8VDf%2BENJRPfzGjtA5ZICld10bFTM1EE8rvJx459aPkicABZEW77O2IaLrhzo5t9cAXgibH%2FLNNaRC%2B5JATGA9UJfatxzkdDGACreKTkMg71n4ZnH%2Ft6biwn3DifozmgpYF0zmjISbsctChPaVX2rWy8Xn2Te5TXnHrvRqijNK%2FRU%2BZ8iKvm6JuAoD7fzX%2FUSZqjvqFyHcW%2BonbUiBpJpsnZCmlxBnLDMV9y%2BCAuxEfQnfmnJRDmBGfA%3D%3D: HTTPSConnectionPool(host='storage.googleapis.com', port=443): Max retries exceeded with url: /wandb-production.appspot.com/heene/YOLOv5/3tcp0bt2/media/images/Labels_0_1.jpg?Expires=1645663005&GoogleAccessId=wandb-production%40appspot.gserviceaccount.com&Signature=Q2ib3RbtDSfPnh%2BlqrzeT%2BMWLRNVqMc2%2Bf52GfHcjGmXKt8XvSKmgNm%2BuNWv4ADFG9oljojCQLIJ6H3a4mO5X82oZEScL7Q8VDf%2BENJRPfzGjtA5ZICld10bFTM1EE8rvJx459aPkicABZEW77O2IaLrhzo5t9cAXgibH%2FLNNaRC%2B5JATGA9UJfatxzkdDGACreKTkMg71n4ZnH%2Ft6biwn3DifozmgpYF0zmjISbsctChPaVX2rWy8Xn2Te5TXnHrvRqijNK%2FRU%2BZ8iKvm6JuAoD7fzX%2FUSZqjvqFyHcW%2BonbUiBpJpsnZCmlxBnLDMV9y%2BCAuxEfQnfmnJRDmBGfA%3D%3D (Caused by SSLError(SSLEOFError(8, 'EOF occurred in violation of protocol (_ssl.c:1131)')))
2022-02-23 08:36:48,790 ERROR   Thread-17 :42224 [internal_api.py:upload_file():1576] upload_file request headers: {'User-Agent': 'python-requests/2.25.1', 'Accept-Encoding': 'gzip, deflate', 'Accept': '*/*', 'Connection': 'keep-alive', 'Content-Length': '299771'}
2022-02-23 08:36:48,790 ERROR   Thread-17 :42224 [internal_api.py:upload_file():1578] upload_file response body: 
2022-02-23 08:36:49,269 ERROR   Thread-16 :42224 [internal_api.py:upload_file():1574] upload_file exception https://storage.googleapis.com/wandb-production.appspot.com/heene/YOLOv5/3tcp0bt2/media/images/Labels_0_0.jpg?Expires=1645663005&GoogleAccessId=wandb-production%40appspot.gserviceaccount.com&Signature=f3ECRNIRbab3KBbVLyRv3FqArRCcKLwU4H5JyoPjG8%2Bk6VdU1KRgOamoGvOxZd4YOMaOxoYb3y40%2B5qD2GQ%2BYeKKaTYK1DwV9YEO9JLx1zASy7JDSO86Hz2SHg9XGtM7ugti%2Bt7hX8qihaVuoUl1nUcsnNFybPged5wwVbIADU9uR2L46JcopeowKZrsC%2B0AEeVlWmkru%2FDruuRzSDI8Od96AaaOm9aQChSmhrETL2Sfr9ZenzLkaHMUOnzrvYUzMhPZb3JLFUgtmYIC2eSbUQAp3hTsr5GMjOfIANtIL%2F2L%2BDVIo4Hjie%2Bv3OwrqjGyjGsJLlfAXpX6cd38Rf3tFQ%3D%3D: HTTPSConnectionPool(host='storage.googleapis.com', port=443): Max retries exceeded with url: /wandb-production.appspot.com/heene/YOLOv5/3tcp0bt2/media/images/Labels_0_0.jpg?Expires=1645663005&GoogleAccessId=wandb-production%40appspot.gserviceaccount.com&Signature=f3ECRNIRbab3KBbVLyRv3FqArRCcKLwU4H5JyoPjG8%2Bk6VdU1KRgOamoGvOxZd4YOMaOxoYb3y40%2B5qD2GQ%2BYeKKaTYK1DwV9YEO9JLx1zASy7JDSO86Hz2SHg9XGtM7ugti%2Bt7hX8qihaVuoUl1nUcsnNFybPged5wwVbIADU9uR2L46JcopeowKZrsC%2B0AEeVlWmkru%2FDruuRzSDI8Od96AaaOm9aQChSmhrETL2Sfr9ZenzLkaHMUOnzrvYUzMhPZb3JLFUgtmYIC2eSbUQAp3hTsr5GMjOfIANtIL%2F2L%2BDVIo4Hjie%2Bv3OwrqjGyjGsJLlfAXpX6cd38Rf3tFQ%3D%3D (Caused by SSLError(SSLEOFError(8, 'EOF occurred in violation of protocol (_ssl.c:1131)')))
2022-02-23 08:36:49,270 ERROR   Thread-16 :42224 [internal_api.py:upload_file():1576] upload_file request headers: {'User-Agent': 'python-requests/2.25.1', 'Accept-Encoding': 'gzip, deflate', 'Accept': '*/*', 'Connection': 'keep-alive', 'Content-Length': '133922'}
2022-02-23 08:36:49,270 ERROR   Thread-16 :42224 [internal_api.py:upload_file():1578] upload_file response body: 
2022-02-23 08:36:50,430 DEBUG   SenderThread:42224 [sender.py:send():234] send: files
2022-02-23 08:36:50,430 INFO    SenderThread:42224 [sender.py:_save_file():939] saving file media\images\Mosaics_1_0.jpg with policy now
2022-02-23 08:36:50,433 DEBUG   SenderThread:42224 [sender.py:send():234] send: files
2022-02-23 08:36:50,433 INFO    SenderThread:42224 [sender.py:_save_file():939] saving file media\images\Mosaics_1_1.jpg with policy now
2022-02-23 08:36:50,438 DEBUG   SenderThread:42224 [sender.py:send():234] send: files
2022-02-23 08:36:50,439 INFO    SenderThread:42224 [sender.py:_save_file():939] saving file media\images\Mosaics_1_2.jpg with policy now
2022-02-23 08:36:50,462 DEBUG   SenderThread:42224 [sender.py:send():234] send: history
2022-02-23 08:36:50,464 DEBUG   SenderThread:42224 [sender.py:send():234] send: summary
2022-02-23 08:36:50,465 INFO    SenderThread:42224 [sender.py:_save_file():939] saving file wandb-summary.json with policy end
2022-02-23 08:36:50,854 ERROR   Thread-18 :42224 [internal_api.py:upload_file():1574] upload_file exception https://storage.googleapis.com/wandb-production.appspot.com/heene/YOLOv5/3tcp0bt2/media/images/Mosaics_1_0.jpg?Expires=1645663010&GoogleAccessId=wandb-production%40appspot.gserviceaccount.com&Signature=F4MQD4erSd98RDUwxCIOJJ%2Fqe8iL%2FFTTmgotx669Qr6m%2Bx5QiGgqDoY905a6HsQMWhOQh%2FXShACI3xdJdZehdhoWUkUz64OvZlu7J%2BSd7sCA5c6HCdhDM5h31vl%2BH1wexl5Jr%2BTraY%2BtR7edQEhTE3W24KK7ZjNN9T3%2BWuwx4O%2FqW3bfV9gjgsyCS0soKlTPBSK8WYI33mLDoiC04j1ZaLVVZFyoOEaW%2B9qFW7w7kkbJOFFj1xnComjy1UuC5ZmBJjNKbcIbaSkTkOy5MOkFHG2eYvY3j3glv3k7WvLG4sbBa0FHMxFs2EFQASI3RWnreFZfSvyWK8fMfqraWoMrZw%3D%3D: HTTPSConnectionPool(host='storage.googleapis.com', port=443): Max retries exceeded with url: /wandb-production.appspot.com/heene/YOLOv5/3tcp0bt2/media/images/Mosaics_1_0.jpg?Expires=1645663010&GoogleAccessId=wandb-production%40appspot.gserviceaccount.com&Signature=F4MQD4erSd98RDUwxCIOJJ%2Fqe8iL%2FFTTmgotx669Qr6m%2Bx5QiGgqDoY905a6HsQMWhOQh%2FXShACI3xdJdZehdhoWUkUz64OvZlu7J%2BSd7sCA5c6HCdhDM5h31vl%2BH1wexl5Jr%2BTraY%2BtR7edQEhTE3W24KK7ZjNN9T3%2BWuwx4O%2FqW3bfV9gjgsyCS0soKlTPBSK8WYI33mLDoiC04j1ZaLVVZFyoOEaW%2B9qFW7w7kkbJOFFj1xnComjy1UuC5ZmBJjNKbcIbaSkTkOy5MOkFHG2eYvY3j3glv3k7WvLG4sbBa0FHMxFs2EFQASI3RWnreFZfSvyWK8fMfqraWoMrZw%3D%3D (Caused by SSLError(SSLEOFError(8, 'EOF occurred in violation of protocol (_ssl.c:1131)')))
2022-02-23 08:36:50,855 ERROR   Thread-18 :42224 [internal_api.py:upload_file():1576] upload_file request headers: {'User-Agent': 'python-requests/2.25.1', 'Accept-Encoding': 'gzip, deflate', 'Accept': '*/*', 'Connection': 'keep-alive', 'Content-Length': '160055'}
2022-02-23 08:36:50,855 ERROR   Thread-18 :42224 [internal_api.py:upload_file():1578] upload_file response body: 
2022-02-23 08:36:50,864 ERROR   Thread-20 :42224 [internal_api.py:upload_file():1574] upload_file exception https://storage.googleapis.com/wandb-production.appspot.com/heene/YOLOv5/3tcp0bt2/media/images/Mosaics_1_2.jpg?Expires=1645663010&GoogleAccessId=wandb-production%40appspot.gserviceaccount.com&Signature=RW7phCeTe3rIrsi4wCDWxU0QJEc1WT2rxVuEXV4s5c37nuJUVd80DbD77DvP%2B3mh5G3hYRUsftOFyXM%2F1%2Be2DOF1Jo3Fp%2BsUGzkax%2BdQ%2BxGdUnIZWpD8r%2Fy325KGNBAx2umipkpyluQd6I4s%2FdoRyV4dflPXIyWMwaPQVa3R%2F37xrI7SbhscpLovoZJGMmAl%2F1cjOF3YzHNedc51GemEyowhjIYekABvgA40k4HyaZnksoUZ5tPLk00l1kW%2F991qUo6peLmLoT53b6bJnTWAWtraiLO5WPCU8cBe0EnEAVGSyB85XOwKuoHiWRkRY5LimPgwHIdPcnpwqTamuUu07A%3D%3D: HTTPSConnectionPool(host='storage.googleapis.com', port=443): Max retries exceeded with url: /wandb-production.appspot.com/heene/YOLOv5/3tcp0bt2/media/images/Mosaics_1_2.jpg?Expires=1645663010&GoogleAccessId=wandb-production%40appspot.gserviceaccount.com&Signature=RW7phCeTe3rIrsi4wCDWxU0QJEc1WT2rxVuEXV4s5c37nuJUVd80DbD77DvP%2B3mh5G3hYRUsftOFyXM%2F1%2Be2DOF1Jo3Fp%2BsUGzkax%2BdQ%2BxGdUnIZWpD8r%2Fy325KGNBAx2umipkpyluQd6I4s%2FdoRyV4dflPXIyWMwaPQVa3R%2F37xrI7SbhscpLovoZJGMmAl%2F1cjOF3YzHNedc51GemEyowhjIYekABvgA40k4HyaZnksoUZ5tPLk00l1kW%2F991qUo6peLmLoT53b6bJnTWAWtraiLO5WPCU8cBe0EnEAVGSyB85XOwKuoHiWRkRY5LimPgwHIdPcnpwqTamuUu07A%3D%3D (Caused by SSLError(SSLEOFError(8, 'EOF occurred in violation of protocol (_ssl.c:1131)')))
2022-02-23 08:36:50,865 ERROR   Thread-19 :42224 [internal_api.py:upload_file():1574] upload_file exception https://storage.googleapis.com/wandb-production.appspot.com/heene/YOLOv5/3tcp0bt2/media/images/Mosaics_1_1.jpg?Expires=1645663010&GoogleAccessId=wandb-production%40appspot.gserviceaccount.com&Signature=mrkH9wAH6RIV1ELzWJFKBNCPYUN%2F5w%2F5Tc6jChaGMn6KnCE6lQVcFiSVwegcSsI%2B4qnX0y1WCtGYFfuTkyoxgBWoKjvROLztVgTNenYlMAY3n0LJcciNiKr0etvikX3lACRu9JVOUGAmviQY7tEkBoYBh0MQZHagfbu7YOI9fScfFYbhnyYAXVVYLfWI7LSCT%2Bc5uoj4dX15TPd2C9%2BXVVtX1eeEjDGC7pkhTLR6Lb7MtCeToTYjISQLd54MwJVLGsdea%2BAlx9iN%2FkeVv%2BDI7SDnTkv7AU0pfU4wsSTS1IPbh7rtp3WxS%2BQXzrI1cHGkDiqsOqxBFint%2BGs0Kd7QgA%3D%3D: HTTPSConnectionPool(host='storage.googleapis.com', port=443): Max retries exceeded with url: /wandb-production.appspot.com/heene/YOLOv5/3tcp0bt2/media/images/Mosaics_1_1.jpg?Expires=1645663010&GoogleAccessId=wandb-production%40appspot.gserviceaccount.com&Signature=mrkH9wAH6RIV1ELzWJFKBNCPYUN%2F5w%2F5Tc6jChaGMn6KnCE6lQVcFiSVwegcSsI%2B4qnX0y1WCtGYFfuTkyoxgBWoKjvROLztVgTNenYlMAY3n0LJcciNiKr0etvikX3lACRu9JVOUGAmviQY7tEkBoYBh0MQZHagfbu7YOI9fScfFYbhnyYAXVVYLfWI7LSCT%2Bc5uoj4dX15TPd2C9%2BXVVtX1eeEjDGC7pkhTLR6Lb7MtCeToTYjISQLd54MwJVLGsdea%2BAlx9iN%2FkeVv%2BDI7SDnTkv7AU0pfU4wsSTS1IPbh7rtp3WxS%2BQXzrI1cHGkDiqsOqxBFint%2BGs0Kd7QgA%3D%3D (Caused by SSLError(SSLEOFError(8, 'EOF occurred in violation of protocol (_ssl.c:1131)')))
2022-02-23 08:36:50,865 ERROR   Thread-20 :42224 [internal_api.py:upload_file():1576] upload_file request headers: {'User-Agent': 'python-requests/2.25.1', 'Accept-Encoding': 'gzip, deflate', 'Accept': '*/*', 'Connection': 'keep-alive', 'Content-Length': '151235'}
2022-02-23 08:36:50,865 ERROR   Thread-19 :42224 [internal_api.py:upload_file():1576] upload_file request headers: {'User-Agent': 'python-requests/2.25.1', 'Accept-Encoding': 'gzip, deflate', 'Accept': '*/*', 'Connection': 'keep-alive', 'Content-Length': '187954'}
2022-02-23 08:36:50,865 ERROR   Thread-20 :42224 [internal_api.py:upload_file():1578] upload_file response body: 
2022-02-23 08:36:50,865 ERROR   Thread-19 :42224 [internal_api.py:upload_file():1578] upload_file response body: 
2022-02-23 08:36:51,276 INFO    Thread-12 :42224 [dir_watcher.py:_on_file_modified():230] file/dir modified: E:\learn\github_project\yolov5-face\wandb\run-20220223_083603-3tcp0bt2\files\wandb-summary.json
2022-02-23 08:36:51,276 INFO    Thread-12 :42224 [dir_watcher.py:_on_file_created():217] file/dir created: E:\learn\github_project\yolov5-face\wandb\run-20220223_083603-3tcp0bt2\files\media\images\Mosaics_1_0.jpg
2022-02-23 08:36:51,277 INFO    Thread-12 :42224 [dir_watcher.py:_on_file_created():217] file/dir created: E:\learn\github_project\yolov5-face\wandb\run-20220223_083603-3tcp0bt2\files\media\images\Mosaics_1_2.jpg
2022-02-23 08:36:51,277 INFO    Thread-12 :42224 [dir_watcher.py:_on_file_created():217] file/dir created: E:\learn\github_project\yolov5-face\wandb\run-20220223_083603-3tcp0bt2\files\media\images\Mosaics_1_1.jpg
2022-02-23 08:36:51,277 INFO    Thread-12 :42224 [dir_watcher.py:_on_file_modified():230] file/dir modified: E:\learn\github_project\yolov5-face\wandb\run-20220223_083603-3tcp0bt2\files\media\images
2022-02-23 08:36:52,081 ERROR   Thread-20 :42224 [internal_api.py:upload_file():1574] upload_file exception https://storage.googleapis.com/wandb-production.appspot.com/heene/YOLOv5/3tcp0bt2/media/images/Mosaics_1_2.jpg?Expires=1645663010&GoogleAccessId=wandb-production%40appspot.gserviceaccount.com&Signature=RW7phCeTe3rIrsi4wCDWxU0QJEc1WT2rxVuEXV4s5c37nuJUVd80DbD77DvP%2B3mh5G3hYRUsftOFyXM%2F1%2Be2DOF1Jo3Fp%2BsUGzkax%2BdQ%2BxGdUnIZWpD8r%2Fy325KGNBAx2umipkpyluQd6I4s%2FdoRyV4dflPXIyWMwaPQVa3R%2F37xrI7SbhscpLovoZJGMmAl%2F1cjOF3YzHNedc51GemEyowhjIYekABvgA40k4HyaZnksoUZ5tPLk00l1kW%2F991qUo6peLmLoT53b6bJnTWAWtraiLO5WPCU8cBe0EnEAVGSyB85XOwKuoHiWRkRY5LimPgwHIdPcnpwqTamuUu07A%3D%3D: HTTPSConnectionPool(host='storage.googleapis.com', port=443): Max retries exceeded with url: /wandb-production.appspot.com/heene/YOLOv5/3tcp0bt2/media/images/Mosaics_1_2.jpg?Expires=1645663010&GoogleAccessId=wandb-production%40appspot.gserviceaccount.com&Signature=RW7phCeTe3rIrsi4wCDWxU0QJEc1WT2rxVuEXV4s5c37nuJUVd80DbD77DvP%2B3mh5G3hYRUsftOFyXM%2F1%2Be2DOF1Jo3Fp%2BsUGzkax%2BdQ%2BxGdUnIZWpD8r%2Fy325KGNBAx2umipkpyluQd6I4s%2FdoRyV4dflPXIyWMwaPQVa3R%2F37xrI7SbhscpLovoZJGMmAl%2F1cjOF3YzHNedc51GemEyowhjIYekABvgA40k4HyaZnksoUZ5tPLk00l1kW%2F991qUo6peLmLoT53b6bJnTWAWtraiLO5WPCU8cBe0EnEAVGSyB85XOwKuoHiWRkRY5LimPgwHIdPcnpwqTamuUu07A%3D%3D (Caused by SSLError(SSLEOFError(8, 'EOF occurred in violation of protocol (_ssl.c:1131)')))
2022-02-23 08:36:52,081 ERROR   Thread-20 :42224 [internal_api.py:upload_file():1576] upload_file request headers: {'User-Agent': 'python-requests/2.25.1', 'Accept-Encoding': 'gzip, deflate', 'Accept': '*/*', 'Connection': 'keep-alive', 'Content-Length': '151235'}
2022-02-23 08:36:52,081 ERROR   Thread-20 :42224 [internal_api.py:upload_file():1578] upload_file response body: 
2022-02-23 08:36:52,081 ERROR   Thread-20 :42224 [retry.py:__call__():126] Retry attempt failed:
Traceback (most recent call last):
  File "C:\ProgramData\Anaconda3\envs\pytorch171\lib\site-packages\urllib3\connectionpool.py", line 699, in urlopen
    httplib_response = self._make_request(
  File "C:\ProgramData\Anaconda3\envs\pytorch171\lib\site-packages\urllib3\connectionpool.py", line 382, in _make_request
    self._validate_conn(conn)
  File "C:\ProgramData\Anaconda3\envs\pytorch171\lib\site-packages\urllib3\connectionpool.py", line 1010, in _validate_conn
    conn.connect()
  File "C:\ProgramData\Anaconda3\envs\pytorch171\lib\site-packages\urllib3\connection.py", line 416, in connect
    self.sock = ssl_wrap_socket(
  File "C:\ProgramData\Anaconda3\envs\pytorch171\lib\site-packages\urllib3\util\ssl_.py", line 449, in ssl_wrap_socket
    ssl_sock = _ssl_wrap_socket_impl(
  File "C:\ProgramData\Anaconda3\envs\pytorch171\lib\site-packages\urllib3\util\ssl_.py", line 493, in _ssl_wrap_socket_impl
    return ssl_context.wrap_socket(sock, server_hostname=server_hostname)
  File "C:\ProgramData\Anaconda3\envs\pytorch171\lib\ssl.py", line 500, in wrap_socket
    return self.sslsocket_class._create(
  File "C:\ProgramData\Anaconda3\envs\pytorch171\lib\ssl.py", line 1040, in _create
    self.do_handshake()
  File "C:\ProgramData\Anaconda3\envs\pytorch171\lib\ssl.py", line 1309, in do_handshake
    self._sslobj.do_handshake()
ssl.SSLEOFError: EOF occurred in violation of protocol (_ssl.c:1131)

During handling of the above exception, another exception occurred:

Traceback (most recent call last):
  File "C:\ProgramData\Anaconda3\envs\pytorch171\lib\site-packages\requests\adapters.py", line 439, in send
    resp = conn.urlopen(
  File "C:\ProgramData\Anaconda3\envs\pytorch171\lib\site-packages\urllib3\connectionpool.py", line 755, in urlopen
    retries = retries.increment(
  File "C:\ProgramData\Anaconda3\envs\pytorch171\lib\site-packages\urllib3\util\retry.py", line 574, in increment
    raise MaxRetryError(_pool, url, error or ResponseError(cause))
urllib3.exceptions.MaxRetryError: HTTPSConnectionPool(host='storage.googleapis.com', port=443): Max retries exceeded with url: /wandb-production.appspot.com/heene/YOLOv5/3tcp0bt2/media/images/Mosaics_1_2.jpg?Expires=1645663010&GoogleAccessId=wandb-production%40appspot.gserviceaccount.com&Signature=RW7phCeTe3rIrsi4wCDWxU0QJEc1WT2rxVuEXV4s5c37nuJUVd80DbD77DvP%2B3mh5G3hYRUsftOFyXM%2F1%2Be2DOF1Jo3Fp%2BsUGzkax%2BdQ%2BxGdUnIZWpD8r%2Fy325KGNBAx2umipkpyluQd6I4s%2FdoRyV4dflPXIyWMwaPQVa3R%2F37xrI7SbhscpLovoZJGMmAl%2F1cjOF3YzHNedc51GemEyowhjIYekABvgA40k4HyaZnksoUZ5tPLk00l1kW%2F991qUo6peLmLoT53b6bJnTWAWtraiLO5WPCU8cBe0EnEAVGSyB85XOwKuoHiWRkRY5LimPgwHIdPcnpwqTamuUu07A%3D%3D (Caused by SSLError(SSLEOFError(8, 'EOF occurred in violation of protocol (_ssl.c:1131)')))

During handling of the above exception, another exception occurred:

Traceback (most recent call last):
  File "C:\ProgramData\Anaconda3\envs\pytorch171\lib\site-packages\wandb\sdk\internal\internal_api.py", line 1571, in upload_file
    response = requests.put(url, data=progress, headers=extra_headers)
  File "C:\ProgramData\Anaconda3\envs\pytorch171\lib\site-packages\requests\api.py", line 134, in put
    return request('put', url, data=data, **kwargs)
  File "C:\ProgramData\Anaconda3\envs\pytorch171\lib\site-packages\requests\api.py", line 61, in request
    return session.request(method=method, url=url, **kwargs)
  File "C:\ProgramData\Anaconda3\envs\pytorch171\lib\site-packages\requests\sessions.py", line 542, in request
    resp = self.send(prep, **send_kwargs)
  File "C:\ProgramData\Anaconda3\envs\pytorch171\lib\site-packages\requests\sessions.py", line 655, in send
    r = adapter.send(request, **kwargs)
  File "C:\ProgramData\Anaconda3\envs\pytorch171\lib\site-packages\requests\adapters.py", line 514, in send
    raise SSLError(e, request=request)
requests.exceptions.SSLError: HTTPSConnectionPool(host='storage.googleapis.com', port=443): Max retries exceeded with url: /wandb-production.appspot.com/heene/YOLOv5/3tcp0bt2/media/images/Mosaics_1_2.jpg?Expires=1645663010&GoogleAccessId=wandb-production%40appspot.gserviceaccount.com&Signature=RW7phCeTe3rIrsi4wCDWxU0QJEc1WT2rxVuEXV4s5c37nuJUVd80DbD77DvP%2B3mh5G3hYRUsftOFyXM%2F1%2Be2DOF1Jo3Fp%2BsUGzkax%2BdQ%2BxGdUnIZWpD8r%2Fy325KGNBAx2umipkpyluQd6I4s%2FdoRyV4dflPXIyWMwaPQVa3R%2F37xrI7SbhscpLovoZJGMmAl%2F1cjOF3YzHNedc51GemEyowhjIYekABvgA40k4HyaZnksoUZ5tPLk00l1kW%2F991qUo6peLmLoT53b6bJnTWAWtraiLO5WPCU8cBe0EnEAVGSyB85XOwKuoHiWRkRY5LimPgwHIdPcnpwqTamuUu07A%3D%3D (Caused by SSLError(SSLEOFError(8, 'EOF occurred in violation of protocol (_ssl.c:1131)')))

During handling of the above exception, another exception occurred:

Traceback (most recent call last):
  File "C:\ProgramData\Anaconda3\envs\pytorch171\lib\site-packages\wandb\sdk\lib\retry.py", line 102, in __call__
    result = self._call_fn(*args, **kwargs)
  File "C:\ProgramData\Anaconda3\envs\pytorch171\lib\site-packages\wandb\sdk\internal\internal_api.py", line 1587, in upload_file
    six.reraise(type(e), e, sys.exc_info()[2])
  File "C:\ProgramData\Anaconda3\envs\pytorch171\lib\site-packages\six.py", line 718, in reraise
    raise value.with_traceback(tb)
  File "C:\ProgramData\Anaconda3\envs\pytorch171\lib\site-packages\wandb\sdk\internal\internal_api.py", line 1571, in upload_file
    response = requests.put(url, data=progress, headers=extra_headers)
  File "C:\ProgramData\Anaconda3\envs\pytorch171\lib\site-packages\requests\api.py", line 134, in put
    return request('put', url, data=data, **kwargs)
  File "C:\ProgramData\Anaconda3\envs\pytorch171\lib\site-packages\requests\api.py", line 61, in request
    return session.request(method=method, url=url, **kwargs)
  File "C:\ProgramData\Anaconda3\envs\pytorch171\lib\site-packages\requests\sessions.py", line 542, in request
    resp = self.send(prep, **send_kwargs)
  File "C:\ProgramData\Anaconda3\envs\pytorch171\lib\site-packages\requests\sessions.py", line 655, in send
    r = adapter.send(request, **kwargs)
  File "C:\ProgramData\Anaconda3\envs\pytorch171\lib\site-packages\requests\adapters.py", line 514, in send
    raise SSLError(e, request=request)
wandb.sdk.lib.retry.TransientError: None
2022-02-23 08:36:52,094 ERROR   Thread-18 :42224 [internal_api.py:upload_file():1574] upload_file exception https://storage.googleapis.com/wandb-production.appspot.com/heene/YOLOv5/3tcp0bt2/media/images/Mosaics_1_0.jpg?Expires=1645663010&GoogleAccessId=wandb-production%40appspot.gserviceaccount.com&Signature=F4MQD4erSd98RDUwxCIOJJ%2Fqe8iL%2FFTTmgotx669Qr6m%2Bx5QiGgqDoY905a6HsQMWhOQh%2FXShACI3xdJdZehdhoWUkUz64OvZlu7J%2BSd7sCA5c6HCdhDM5h31vl%2BH1wexl5Jr%2BTraY%2BtR7edQEhTE3W24KK7ZjNN9T3%2BWuwx4O%2FqW3bfV9gjgsyCS0soKlTPBSK8WYI33mLDoiC04j1ZaLVVZFyoOEaW%2B9qFW7w7kkbJOFFj1xnComjy1UuC5ZmBJjNKbcIbaSkTkOy5MOkFHG2eYvY3j3glv3k7WvLG4sbBa0FHMxFs2EFQASI3RWnreFZfSvyWK8fMfqraWoMrZw%3D%3D: HTTPSConnectionPool(host='storage.googleapis.com', port=443): Max retries exceeded with url: /wandb-production.appspot.com/heene/YOLOv5/3tcp0bt2/media/images/Mosaics_1_0.jpg?Expires=1645663010&GoogleAccessId=wandb-production%40appspot.gserviceaccount.com&Signature=F4MQD4erSd98RDUwxCIOJJ%2Fqe8iL%2FFTTmgotx669Qr6m%2Bx5QiGgqDoY905a6HsQMWhOQh%2FXShACI3xdJdZehdhoWUkUz64OvZlu7J%2BSd7sCA5c6HCdhDM5h31vl%2BH1wexl5Jr%2BTraY%2BtR7edQEhTE3W24KK7ZjNN9T3%2BWuwx4O%2FqW3bfV9gjgsyCS0soKlTPBSK8WYI33mLDoiC04j1ZaLVVZFyoOEaW%2B9qFW7w7kkbJOFFj1xnComjy1UuC5ZmBJjNKbcIbaSkTkOy5MOkFHG2eYvY3j3glv3k7WvLG4sbBa0FHMxFs2EFQASI3RWnreFZfSvyWK8fMfqraWoMrZw%3D%3D (Caused by SSLError(SSLEOFError(8, 'EOF occurred in violation of protocol (_ssl.c:1131)')))
2022-02-23 08:36:52,094 ERROR   Thread-18 :42224 [internal_api.py:upload_file():1576] upload_file request headers: {'User-Agent': 'python-requests/2.25.1', 'Accept-Encoding': 'gzip, deflate', 'Accept': '*/*', 'Connection': 'keep-alive', 'Content-Length': '160055'}
2022-02-23 08:36:52,094 ERROR   Thread-18 :42224 [internal_api.py:upload_file():1578] upload_file response body: 
2022-02-23 08:36:52,094 ERROR   Thread-18 :42224 [retry.py:__call__():126] Retry attempt failed:
Traceback (most recent call last):
  File "C:\ProgramData\Anaconda3\envs\pytorch171\lib\site-packages\urllib3\connectionpool.py", line 699, in urlopen
    httplib_response = self._make_request(
  File "C:\ProgramData\Anaconda3\envs\pytorch171\lib\site-packages\urllib3\connectionpool.py", line 382, in _make_request
    self._validate_conn(conn)
  File "C:\ProgramData\Anaconda3\envs\pytorch171\lib\site-packages\urllib3\connectionpool.py", line 1010, in _validate_conn
    conn.connect()
  File "C:\ProgramData\Anaconda3\envs\pytorch171\lib\site-packages\urllib3\connection.py", line 416, in connect
    self.sock = ssl_wrap_socket(
  File "C:\ProgramData\Anaconda3\envs\pytorch171\lib\site-packages\urllib3\util\ssl_.py", line 449, in ssl_wrap_socket
    ssl_sock = _ssl_wrap_socket_impl(
  File "C:\ProgramData\Anaconda3\envs\pytorch171\lib\site-packages\urllib3\util\ssl_.py", line 493, in _ssl_wrap_socket_impl
    return ssl_context.wrap_socket(sock, server_hostname=server_hostname)
  File "C:\ProgramData\Anaconda3\envs\pytorch171\lib\ssl.py", line 500, in wrap_socket
    return self.sslsocket_class._create(
  File "C:\ProgramData\Anaconda3\envs\pytorch171\lib\ssl.py", line 1040, in _create
    self.do_handshake()
  File "C:\ProgramData\Anaconda3\envs\pytorch171\lib\ssl.py", line 1309, in do_handshake
    self._sslobj.do_handshake()
ssl.SSLEOFError: EOF occurred in violation of protocol (_ssl.c:1131)

During handling of the above exception, another exception occurred:

Traceback (most recent call last):
  File "C:\ProgramData\Anaconda3\envs\pytorch171\lib\site-packages\requests\adapters.py", line 439, in send
    resp = conn.urlopen(
  File "C:\ProgramData\Anaconda3\envs\pytorch171\lib\site-packages\urllib3\connectionpool.py", line 755, in urlopen
    retries = retries.increment(
  File "C:\ProgramData\Anaconda3\envs\pytorch171\lib\site-packages\urllib3\util\retry.py", line 574, in increment
    raise MaxRetryError(_pool, url, error or ResponseError(cause))
urllib3.exceptions.MaxRetryError: HTTPSConnectionPool(host='storage.googleapis.com', port=443): Max retries exceeded with url: /wandb-production.appspot.com/heene/YOLOv5/3tcp0bt2/media/images/Mosaics_1_0.jpg?Expires=1645663010&GoogleAccessId=wandb-production%40appspot.gserviceaccount.com&Signature=F4MQD4erSd98RDUwxCIOJJ%2Fqe8iL%2FFTTmgotx669Qr6m%2Bx5QiGgqDoY905a6HsQMWhOQh%2FXShACI3xdJdZehdhoWUkUz64OvZlu7J%2BSd7sCA5c6HCdhDM5h31vl%2BH1wexl5Jr%2BTraY%2BtR7edQEhTE3W24KK7ZjNN9T3%2BWuwx4O%2FqW3bfV9gjgsyCS0soKlTPBSK8WYI33mLDoiC04j1ZaLVVZFyoOEaW%2B9qFW7w7kkbJOFFj1xnComjy1UuC5ZmBJjNKbcIbaSkTkOy5MOkFHG2eYvY3j3glv3k7WvLG4sbBa0FHMxFs2EFQASI3RWnreFZfSvyWK8fMfqraWoMrZw%3D%3D (Caused by SSLError(SSLEOFError(8, 'EOF occurred in violation of protocol (_ssl.c:1131)')))

During handling of the above exception, another exception occurred:

Traceback (most recent call last):
  File "C:\ProgramData\Anaconda3\envs\pytorch171\lib\site-packages\wandb\sdk\internal\internal_api.py", line 1571, in upload_file
    response = requests.put(url, data=progress, headers=extra_headers)
  File "C:\ProgramData\Anaconda3\envs\pytorch171\lib\site-packages\requests\api.py", line 134, in put
    return request('put', url, data=data, **kwargs)
  File "C:\ProgramData\Anaconda3\envs\pytorch171\lib\site-packages\requests\api.py", line 61, in request
    return session.request(method=method, url=url, **kwargs)
  File "C:\ProgramData\Anaconda3\envs\pytorch171\lib\site-packages\requests\sessions.py", line 542, in request
    resp = self.send(prep, **send_kwargs)
  File "C:\ProgramData\Anaconda3\envs\pytorch171\lib\site-packages\requests\sessions.py", line 655, in send
    r = adapter.send(request, **kwargs)
  File "C:\ProgramData\Anaconda3\envs\pytorch171\lib\site-packages\requests\adapters.py", line 514, in send
    raise SSLError(e, request=request)
requests.exceptions.SSLError: HTTPSConnectionPool(host='storage.googleapis.com', port=443): Max retries exceeded with url: /wandb-production.appspot.com/heene/YOLOv5/3tcp0bt2/media/images/Mosaics_1_0.jpg?Expires=1645663010&GoogleAccessId=wandb-production%40appspot.gserviceaccount.com&Signature=F4MQD4erSd98RDUwxCIOJJ%2Fqe8iL%2FFTTmgotx669Qr6m%2Bx5QiGgqDoY905a6HsQMWhOQh%2FXShACI3xdJdZehdhoWUkUz64OvZlu7J%2BSd7sCA5c6HCdhDM5h31vl%2BH1wexl5Jr%2BTraY%2BtR7edQEhTE3W24KK7ZjNN9T3%2BWuwx4O%2FqW3bfV9gjgsyCS0soKlTPBSK8WYI33mLDoiC04j1ZaLVVZFyoOEaW%2B9qFW7w7kkbJOFFj1xnComjy1UuC5ZmBJjNKbcIbaSkTkOy5MOkFHG2eYvY3j3glv3k7WvLG4sbBa0FHMxFs2EFQASI3RWnreFZfSvyWK8fMfqraWoMrZw%3D%3D (Caused by SSLError(SSLEOFError(8, 'EOF occurred in violation of protocol (_ssl.c:1131)')))

During handling of the above exception, another exception occurred:

Traceback (most recent call last):
  File "C:\ProgramData\Anaconda3\envs\pytorch171\lib\site-packages\wandb\sdk\lib\retry.py", line 102, in __call__
    result = self._call_fn(*args, **kwargs)
  File "C:\ProgramData\Anaconda3\envs\pytorch171\lib\site-packages\wandb\sdk\internal\internal_api.py", line 1587, in upload_file
    six.reraise(type(e), e, sys.exc_info()[2])
  File "C:\ProgramData\Anaconda3\envs\pytorch171\lib\site-packages\six.py", line 718, in reraise
    raise value.with_traceback(tb)
  File "C:\ProgramData\Anaconda3\envs\pytorch171\lib\site-packages\wandb\sdk\internal\internal_api.py", line 1571, in upload_file
    response = requests.put(url, data=progress, headers=extra_headers)
  File "C:\ProgramData\Anaconda3\envs\pytorch171\lib\site-packages\requests\api.py", line 134, in put
    return request('put', url, data=data, **kwargs)
  File "C:\ProgramData\Anaconda3\envs\pytorch171\lib\site-packages\requests\api.py", line 61, in request
    return session.request(method=method, url=url, **kwargs)
  File "C:\ProgramData\Anaconda3\envs\pytorch171\lib\site-packages\requests\sessions.py", line 542, in request
    resp = self.send(prep, **send_kwargs)
  File "C:\ProgramData\Anaconda3\envs\pytorch171\lib\site-packages\requests\sessions.py", line 655, in send
    r = adapter.send(request, **kwargs)
  File "C:\ProgramData\Anaconda3\envs\pytorch171\lib\site-packages\requests\adapters.py", line 514, in send
    raise SSLError(e, request=request)
wandb.sdk.lib.retry.TransientError: None
2022-02-23 08:36:52,186 ERROR   Thread-19 :42224 [internal_api.py:upload_file():1574] upload_file exception https://storage.googleapis.com/wandb-production.appspot.com/heene/YOLOv5/3tcp0bt2/media/images/Mosaics_1_1.jpg?Expires=1645663010&GoogleAccessId=wandb-production%40appspot.gserviceaccount.com&Signature=mrkH9wAH6RIV1ELzWJFKBNCPYUN%2F5w%2F5Tc6jChaGMn6KnCE6lQVcFiSVwegcSsI%2B4qnX0y1WCtGYFfuTkyoxgBWoKjvROLztVgTNenYlMAY3n0LJcciNiKr0etvikX3lACRu9JVOUGAmviQY7tEkBoYBh0MQZHagfbu7YOI9fScfFYbhnyYAXVVYLfWI7LSCT%2Bc5uoj4dX15TPd2C9%2BXVVtX1eeEjDGC7pkhTLR6Lb7MtCeToTYjISQLd54MwJVLGsdea%2BAlx9iN%2FkeVv%2BDI7SDnTkv7AU0pfU4wsSTS1IPbh7rtp3WxS%2BQXzrI1cHGkDiqsOqxBFint%2BGs0Kd7QgA%3D%3D: HTTPSConnectionPool(host='storage.googleapis.com', port=443): Max retries exceeded with url: /wandb-production.appspot.com/heene/YOLOv5/3tcp0bt2/media/images/Mosaics_1_1.jpg?Expires=1645663010&GoogleAccessId=wandb-production%40appspot.gserviceaccount.com&Signature=mrkH9wAH6RIV1ELzWJFKBNCPYUN%2F5w%2F5Tc6jChaGMn6KnCE6lQVcFiSVwegcSsI%2B4qnX0y1WCtGYFfuTkyoxgBWoKjvROLztVgTNenYlMAY3n0LJcciNiKr0etvikX3lACRu9JVOUGAmviQY7tEkBoYBh0MQZHagfbu7YOI9fScfFYbhnyYAXVVYLfWI7LSCT%2Bc5uoj4dX15TPd2C9%2BXVVtX1eeEjDGC7pkhTLR6Lb7MtCeToTYjISQLd54MwJVLGsdea%2BAlx9iN%2FkeVv%2BDI7SDnTkv7AU0pfU4wsSTS1IPbh7rtp3WxS%2BQXzrI1cHGkDiqsOqxBFint%2BGs0Kd7QgA%3D%3D (Caused by SSLError(SSLEOFError(8, 'EOF occurred in violation of protocol (_ssl.c:1131)')))
2022-02-23 08:36:52,186 ERROR   Thread-19 :42224 [internal_api.py:upload_file():1576] upload_file request headers: {'User-Agent': 'python-requests/2.25.1', 'Accept-Encoding': 'gzip, deflate', 'Accept': '*/*', 'Connection': 'keep-alive', 'Content-Length': '187954'}
2022-02-23 08:36:52,186 ERROR   Thread-19 :42224 [internal_api.py:upload_file():1578] upload_file response body: 
2022-02-23 08:36:52,280 INFO    Thread-12 :42224 [dir_watcher.py:_on_file_modified():230] file/dir modified: E:\learn\github_project\yolov5-face\wandb\run-20220223_083603-3tcp0bt2\files\output.log
2022-02-23 08:36:53,368 ERROR   Thread-17 :42224 [internal_api.py:upload_file():1574] upload_file exception https://storage.googleapis.com/wandb-production.appspot.com/heene/YOLOv5/3tcp0bt2/media/images/Labels_0_1.jpg?Expires=1645663005&GoogleAccessId=wandb-production%40appspot.gserviceaccount.com&Signature=Q2ib3RbtDSfPnh%2BlqrzeT%2BMWLRNVqMc2%2Bf52GfHcjGmXKt8XvSKmgNm%2BuNWv4ADFG9oljojCQLIJ6H3a4mO5X82oZEScL7Q8VDf%2BENJRPfzGjtA5ZICld10bFTM1EE8rvJx459aPkicABZEW77O2IaLrhzo5t9cAXgibH%2FLNNaRC%2B5JATGA9UJfatxzkdDGACreKTkMg71n4ZnH%2Ft6biwn3DifozmgpYF0zmjISbsctChPaVX2rWy8Xn2Te5TXnHrvRqijNK%2FRU%2BZ8iKvm6JuAoD7fzX%2FUSZqjvqFyHcW%2BonbUiBpJpsnZCmlxBnLDMV9y%2BCAuxEfQnfmnJRDmBGfA%3D%3D: HTTPSConnectionPool(host='storage.googleapis.com', port=443): Max retries exceeded with url: /wandb-production.appspot.com/heene/YOLOv5/3tcp0bt2/media/images/Labels_0_1.jpg?Expires=1645663005&GoogleAccessId=wandb-production%40appspot.gserviceaccount.com&Signature=Q2ib3RbtDSfPnh%2BlqrzeT%2BMWLRNVqMc2%2Bf52GfHcjGmXKt8XvSKmgNm%2BuNWv4ADFG9oljojCQLIJ6H3a4mO5X82oZEScL7Q8VDf%2BENJRPfzGjtA5ZICld10bFTM1EE8rvJx459aPkicABZEW77O2IaLrhzo5t9cAXgibH%2FLNNaRC%2B5JATGA9UJfatxzkdDGACreKTkMg71n4ZnH%2Ft6biwn3DifozmgpYF0zmjISbsctChPaVX2rWy8Xn2Te5TXnHrvRqijNK%2FRU%2BZ8iKvm6JuAoD7fzX%2FUSZqjvqFyHcW%2BonbUiBpJpsnZCmlxBnLDMV9y%2BCAuxEfQnfmnJRDmBGfA%3D%3D (Caused by SSLError(SSLEOFError(8, 'EOF occurred in violation of protocol (_ssl.c:1131)')))
2022-02-23 08:36:53,368 ERROR   Thread-17 :42224 [internal_api.py:upload_file():1576] upload_file request headers: {'User-Agent': 'python-requests/2.25.1', 'Accept-Encoding': 'gzip, deflate', 'Accept': '*/*', 'Connection': 'keep-alive', 'Content-Length': '299771'}
2022-02-23 08:36:53,368 ERROR   Thread-17 :42224 [internal_api.py:upload_file():1578] upload_file response body: 
2022-02-23 08:36:53,833 ERROR   Thread-16 :42224 [internal_api.py:upload_file():1574] upload_file exception https://storage.googleapis.com/wandb-production.appspot.com/heene/YOLOv5/3tcp0bt2/media/images/Labels_0_0.jpg?Expires=1645663005&GoogleAccessId=wandb-production%40appspot.gserviceaccount.com&Signature=f3ECRNIRbab3KBbVLyRv3FqArRCcKLwU4H5JyoPjG8%2Bk6VdU1KRgOamoGvOxZd4YOMaOxoYb3y40%2B5qD2GQ%2BYeKKaTYK1DwV9YEO9JLx1zASy7JDSO86Hz2SHg9XGtM7ugti%2Bt7hX8qihaVuoUl1nUcsnNFybPged5wwVbIADU9uR2L46JcopeowKZrsC%2B0AEeVlWmkru%2FDruuRzSDI8Od96AaaOm9aQChSmhrETL2Sfr9ZenzLkaHMUOnzrvYUzMhPZb3JLFUgtmYIC2eSbUQAp3hTsr5GMjOfIANtIL%2F2L%2BDVIo4Hjie%2Bv3OwrqjGyjGsJLlfAXpX6cd38Rf3tFQ%3D%3D: HTTPSConnectionPool(host='storage.googleapis.com', port=443): Max retries exceeded with url: /wandb-production.appspot.com/heene/YOLOv5/3tcp0bt2/media/images/Labels_0_0.jpg?Expires=1645663005&GoogleAccessId=wandb-production%40appspot.gserviceaccount.com&Signature=f3ECRNIRbab3KBbVLyRv3FqArRCcKLwU4H5JyoPjG8%2Bk6VdU1KRgOamoGvOxZd4YOMaOxoYb3y40%2B5qD2GQ%2BYeKKaTYK1DwV9YEO9JLx1zASy7JDSO86Hz2SHg9XGtM7ugti%2Bt7hX8qihaVuoUl1nUcsnNFybPged5wwVbIADU9uR2L46JcopeowKZrsC%2B0AEeVlWmkru%2FDruuRzSDI8Od96AaaOm9aQChSmhrETL2Sfr9ZenzLkaHMUOnzrvYUzMhPZb3JLFUgtmYIC2eSbUQAp3hTsr5GMjOfIANtIL%2F2L%2BDVIo4Hjie%2Bv3OwrqjGyjGsJLlfAXpX6cd38Rf3tFQ%3D%3D (Caused by SSLError(SSLEOFError(8, 'EOF occurred in violation of protocol (_ssl.c:1131)')))
2022-02-23 08:36:53,833 ERROR   Thread-16 :42224 [internal_api.py:upload_file():1576] upload_file request headers: {'User-Agent': 'python-requests/2.25.1', 'Accept-Encoding': 'gzip, deflate', 'Accept': '*/*', 'Connection': 'keep-alive', 'Content-Length': '133922'}
2022-02-23 08:36:53,833 ERROR   Thread-16 :42224 [internal_api.py:upload_file():1578] upload_file response body: 
2022-02-23 08:36:54,321 INFO    Thread-12 :42224 [dir_watcher.py:_on_file_modified():230] file/dir modified: E:\learn\github_project\yolov5-face\wandb\run-20220223_083603-3tcp0bt2\files\output.log
2022-02-23 08:36:54,415 ERROR   Thread-18 :42224 [internal_api.py:upload_file():1574] upload_file exception https://storage.googleapis.com/wandb-production.appspot.com/heene/YOLOv5/3tcp0bt2/media/images/Mosaics_1_0.jpg?Expires=1645663010&GoogleAccessId=wandb-production%40appspot.gserviceaccount.com&Signature=F4MQD4erSd98RDUwxCIOJJ%2Fqe8iL%2FFTTmgotx669Qr6m%2Bx5QiGgqDoY905a6HsQMWhOQh%2FXShACI3xdJdZehdhoWUkUz64OvZlu7J%2BSd7sCA5c6HCdhDM5h31vl%2BH1wexl5Jr%2BTraY%2BtR7edQEhTE3W24KK7ZjNN9T3%2BWuwx4O%2FqW3bfV9gjgsyCS0soKlTPBSK8WYI33mLDoiC04j1ZaLVVZFyoOEaW%2B9qFW7w7kkbJOFFj1xnComjy1UuC5ZmBJjNKbcIbaSkTkOy5MOkFHG2eYvY3j3glv3k7WvLG4sbBa0FHMxFs2EFQASI3RWnreFZfSvyWK8fMfqraWoMrZw%3D%3D: HTTPSConnectionPool(host='storage.googleapis.com', port=443): Max retries exceeded with url: /wandb-production.appspot.com/heene/YOLOv5/3tcp0bt2/media/images/Mosaics_1_0.jpg?Expires=1645663010&GoogleAccessId=wandb-production%40appspot.gserviceaccount.com&Signature=F4MQD4erSd98RDUwxCIOJJ%2Fqe8iL%2FFTTmgotx669Qr6m%2Bx5QiGgqDoY905a6HsQMWhOQh%2FXShACI3xdJdZehdhoWUkUz64OvZlu7J%2BSd7sCA5c6HCdhDM5h31vl%2BH1wexl5Jr%2BTraY%2BtR7edQEhTE3W24KK7ZjNN9T3%2BWuwx4O%2FqW3bfV9gjgsyCS0soKlTPBSK8WYI33mLDoiC04j1ZaLVVZFyoOEaW%2B9qFW7w7kkbJOFFj1xnComjy1UuC5ZmBJjNKbcIbaSkTkOy5MOkFHG2eYvY3j3glv3k7WvLG4sbBa0FHMxFs2EFQASI3RWnreFZfSvyWK8fMfqraWoMrZw%3D%3D (Caused by SSLError(SSLEOFError(8, 'EOF occurred in violation of protocol (_ssl.c:1131)')))
2022-02-23 08:36:54,415 ERROR   Thread-18 :42224 [internal_api.py:upload_file():1576] upload_file request headers: {'User-Agent': 'python-requests/2.25.1', 'Accept-Encoding': 'gzip, deflate', 'Accept': '*/*', 'Connection': 'keep-alive', 'Content-Length': '160055'}
2022-02-23 08:36:54,415 ERROR   Thread-18 :42224 [internal_api.py:upload_file():1578] upload_file response body: 
2022-02-23 08:36:54,483 ERROR   Thread-19 :42224 [internal_api.py:upload_file():1574] upload_file exception https://storage.googleapis.com/wandb-production.appspot.com/heene/YOLOv5/3tcp0bt2/media/images/Mosaics_1_1.jpg?Expires=1645663010&GoogleAccessId=wandb-production%40appspot.gserviceaccount.com&Signature=mrkH9wAH6RIV1ELzWJFKBNCPYUN%2F5w%2F5Tc6jChaGMn6KnCE6lQVcFiSVwegcSsI%2B4qnX0y1WCtGYFfuTkyoxgBWoKjvROLztVgTNenYlMAY3n0LJcciNiKr0etvikX3lACRu9JVOUGAmviQY7tEkBoYBh0MQZHagfbu7YOI9fScfFYbhnyYAXVVYLfWI7LSCT%2Bc5uoj4dX15TPd2C9%2BXVVtX1eeEjDGC7pkhTLR6Lb7MtCeToTYjISQLd54MwJVLGsdea%2BAlx9iN%2FkeVv%2BDI7SDnTkv7AU0pfU4wsSTS1IPbh7rtp3WxS%2BQXzrI1cHGkDiqsOqxBFint%2BGs0Kd7QgA%3D%3D: HTTPSConnectionPool(host='storage.googleapis.com', port=443): Max retries exceeded with url: /wandb-production.appspot.com/heene/YOLOv5/3tcp0bt2/media/images/Mosaics_1_1.jpg?Expires=1645663010&GoogleAccessId=wandb-production%40appspot.gserviceaccount.com&Signature=mrkH9wAH6RIV1ELzWJFKBNCPYUN%2F5w%2F5Tc6jChaGMn6KnCE6lQVcFiSVwegcSsI%2B4qnX0y1WCtGYFfuTkyoxgBWoKjvROLztVgTNenYlMAY3n0LJcciNiKr0etvikX3lACRu9JVOUGAmviQY7tEkBoYBh0MQZHagfbu7YOI9fScfFYbhnyYAXVVYLfWI7LSCT%2Bc5uoj4dX15TPd2C9%2BXVVtX1eeEjDGC7pkhTLR6Lb7MtCeToTYjISQLd54MwJVLGsdea%2BAlx9iN%2FkeVv%2BDI7SDnTkv7AU0pfU4wsSTS1IPbh7rtp3WxS%2BQXzrI1cHGkDiqsOqxBFint%2BGs0Kd7QgA%3D%3D (Caused by SSLError(SSLEOFError(8, 'EOF occurred in violation of protocol (_ssl.c:1131)')))
2022-02-23 08:36:54,483 ERROR   Thread-20 :42224 [internal_api.py:upload_file():1574] upload_file exception https://storage.googleapis.com/wandb-production.appspot.com/heene/YOLOv5/3tcp0bt2/media/images/Mosaics_1_2.jpg?Expires=1645663010&GoogleAccessId=wandb-production%40appspot.gserviceaccount.com&Signature=RW7phCeTe3rIrsi4wCDWxU0QJEc1WT2rxVuEXV4s5c37nuJUVd80DbD77DvP%2B3mh5G3hYRUsftOFyXM%2F1%2Be2DOF1Jo3Fp%2BsUGzkax%2BdQ%2BxGdUnIZWpD8r%2Fy325KGNBAx2umipkpyluQd6I4s%2FdoRyV4dflPXIyWMwaPQVa3R%2F37xrI7SbhscpLovoZJGMmAl%2F1cjOF3YzHNedc51GemEyowhjIYekABvgA40k4HyaZnksoUZ5tPLk00l1kW%2F991qUo6peLmLoT53b6bJnTWAWtraiLO5WPCU8cBe0EnEAVGSyB85XOwKuoHiWRkRY5LimPgwHIdPcnpwqTamuUu07A%3D%3D: HTTPSConnectionPool(host='storage.googleapis.com', port=443): Max retries exceeded with url: /wandb-production.appspot.com/heene/YOLOv5/3tcp0bt2/media/images/Mosaics_1_2.jpg?Expires=1645663010&GoogleAccessId=wandb-production%40appspot.gserviceaccount.com&Signature=RW7phCeTe3rIrsi4wCDWxU0QJEc1WT2rxVuEXV4s5c37nuJUVd80DbD77DvP%2B3mh5G3hYRUsftOFyXM%2F1%2Be2DOF1Jo3Fp%2BsUGzkax%2BdQ%2BxGdUnIZWpD8r%2Fy325KGNBAx2umipkpyluQd6I4s%2FdoRyV4dflPXIyWMwaPQVa3R%2F37xrI7SbhscpLovoZJGMmAl%2F1cjOF3YzHNedc51GemEyowhjIYekABvgA40k4HyaZnksoUZ5tPLk00l1kW%2F991qUo6peLmLoT53b6bJnTWAWtraiLO5WPCU8cBe0EnEAVGSyB85XOwKuoHiWRkRY5LimPgwHIdPcnpwqTamuUu07A%3D%3D (Caused by SSLError(SSLEOFError(8, 'EOF occurred in violation of protocol (_ssl.c:1131)')))
2022-02-23 08:36:54,484 ERROR   Thread-19 :42224 [internal_api.py:upload_file():1576] upload_file request headers: {'User-Agent': 'python-requests/2.25.1', 'Accept-Encoding': 'gzip, deflate', 'Accept': '*/*', 'Connection': 'keep-alive', 'Content-Length': '187954'}
2022-02-23 08:36:54,484 ERROR   Thread-20 :42224 [internal_api.py:upload_file():1576] upload_file request headers: {'User-Agent': 'python-requests/2.25.1', 'Accept-Encoding': 'gzip, deflate', 'Accept': '*/*', 'Connection': 'keep-alive', 'Content-Length': '151235'}
2022-02-23 08:36:54,484 ERROR   Thread-19 :42224 [internal_api.py:upload_file():1578] upload_file response body: 
2022-02-23 08:36:54,484 ERROR   Thread-20 :42224 [internal_api.py:upload_file():1578] upload_file response body: 
2022-02-23 08:36:55,324 INFO    Thread-12 :42224 [dir_watcher.py:_on_file_modified():230] file/dir modified: E:\learn\github_project\yolov5-face\wandb\run-20220223_083603-3tcp0bt2\files\output.log
2022-02-23 08:36:57,332 INFO    Thread-12 :42224 [dir_watcher.py:_on_file_modified():230] file/dir modified: E:\learn\github_project\yolov5-face\wandb\run-20220223_083603-3tcp0bt2\files\output.log
2022-02-23 08:36:58,169 DEBUG   HandlerThread:42224 [handler.py:handle_request():130] handle_request: stop_status
2022-02-23 08:36:58,169 DEBUG   SenderThread:42224 [sender.py:send_request():248] send_request: stop_status
2022-02-23 08:36:58,664 ERROR   Thread-18 :42224 [internal_api.py:upload_file():1574] upload_file exception https://storage.googleapis.com/wandb-production.appspot.com/heene/YOLOv5/3tcp0bt2/media/images/Mosaics_1_0.jpg?Expires=1645663010&GoogleAccessId=wandb-production%40appspot.gserviceaccount.com&Signature=F4MQD4erSd98RDUwxCIOJJ%2Fqe8iL%2FFTTmgotx669Qr6m%2Bx5QiGgqDoY905a6HsQMWhOQh%2FXShACI3xdJdZehdhoWUkUz64OvZlu7J%2BSd7sCA5c6HCdhDM5h31vl%2BH1wexl5Jr%2BTraY%2BtR7edQEhTE3W24KK7ZjNN9T3%2BWuwx4O%2FqW3bfV9gjgsyCS0soKlTPBSK8WYI33mLDoiC04j1ZaLVVZFyoOEaW%2B9qFW7w7kkbJOFFj1xnComjy1UuC5ZmBJjNKbcIbaSkTkOy5MOkFHG2eYvY3j3glv3k7WvLG4sbBa0FHMxFs2EFQASI3RWnreFZfSvyWK8fMfqraWoMrZw%3D%3D: HTTPSConnectionPool(host='storage.googleapis.com', port=443): Max retries exceeded with url: /wandb-production.appspot.com/heene/YOLOv5/3tcp0bt2/media/images/Mosaics_1_0.jpg?Expires=1645663010&GoogleAccessId=wandb-production%40appspot.gserviceaccount.com&Signature=F4MQD4erSd98RDUwxCIOJJ%2Fqe8iL%2FFTTmgotx669Qr6m%2Bx5QiGgqDoY905a6HsQMWhOQh%2FXShACI3xdJdZehdhoWUkUz64OvZlu7J%2BSd7sCA5c6HCdhDM5h31vl%2BH1wexl5Jr%2BTraY%2BtR7edQEhTE3W24KK7ZjNN9T3%2BWuwx4O%2FqW3bfV9gjgsyCS0soKlTPBSK8WYI33mLDoiC04j1ZaLVVZFyoOEaW%2B9qFW7w7kkbJOFFj1xnComjy1UuC5ZmBJjNKbcIbaSkTkOy5MOkFHG2eYvY3j3glv3k7WvLG4sbBa0FHMxFs2EFQASI3RWnreFZfSvyWK8fMfqraWoMrZw%3D%3D (Caused by SSLError(SSLEOFError(8, 'EOF occurred in violation of protocol (_ssl.c:1131)')))
2022-02-23 08:36:58,664 ERROR   Thread-18 :42224 [internal_api.py:upload_file():1576] upload_file request headers: {'User-Agent': 'python-requests/2.25.1', 'Accept-Encoding': 'gzip, deflate', 'Accept': '*/*', 'Connection': 'keep-alive', 'Content-Length': '160055'}
2022-02-23 08:36:58,664 ERROR   Thread-18 :42224 [internal_api.py:upload_file():1578] upload_file response body: 
2022-02-23 08:36:59,097 ERROR   Thread-19 :42224 [internal_api.py:upload_file():1574] upload_file exception https://storage.googleapis.com/wandb-production.appspot.com/heene/YOLOv5/3tcp0bt2/media/images/Mosaics_1_1.jpg?Expires=1645663010&GoogleAccessId=wandb-production%40appspot.gserviceaccount.com&Signature=mrkH9wAH6RIV1ELzWJFKBNCPYUN%2F5w%2F5Tc6jChaGMn6KnCE6lQVcFiSVwegcSsI%2B4qnX0y1WCtGYFfuTkyoxgBWoKjvROLztVgTNenYlMAY3n0LJcciNiKr0etvikX3lACRu9JVOUGAmviQY7tEkBoYBh0MQZHagfbu7YOI9fScfFYbhnyYAXVVYLfWI7LSCT%2Bc5uoj4dX15TPd2C9%2BXVVtX1eeEjDGC7pkhTLR6Lb7MtCeToTYjISQLd54MwJVLGsdea%2BAlx9iN%2FkeVv%2BDI7SDnTkv7AU0pfU4wsSTS1IPbh7rtp3WxS%2BQXzrI1cHGkDiqsOqxBFint%2BGs0Kd7QgA%3D%3D: HTTPSConnectionPool(host='storage.googleapis.com', port=443): Max retries exceeded with url: /wandb-production.appspot.com/heene/YOLOv5/3tcp0bt2/media/images/Mosaics_1_1.jpg?Expires=1645663010&GoogleAccessId=wandb-production%40appspot.gserviceaccount.com&Signature=mrkH9wAH6RIV1ELzWJFKBNCPYUN%2F5w%2F5Tc6jChaGMn6KnCE6lQVcFiSVwegcSsI%2B4qnX0y1WCtGYFfuTkyoxgBWoKjvROLztVgTNenYlMAY3n0LJcciNiKr0etvikX3lACRu9JVOUGAmviQY7tEkBoYBh0MQZHagfbu7YOI9fScfFYbhnyYAXVVYLfWI7LSCT%2Bc5uoj4dX15TPd2C9%2BXVVtX1eeEjDGC7pkhTLR6Lb7MtCeToTYjISQLd54MwJVLGsdea%2BAlx9iN%2FkeVv%2BDI7SDnTkv7AU0pfU4wsSTS1IPbh7rtp3WxS%2BQXzrI1cHGkDiqsOqxBFint%2BGs0Kd7QgA%3D%3D (Caused by SSLError(SSLEOFError(8, 'EOF occurred in violation of protocol (_ssl.c:1131)')))
2022-02-23 08:36:59,097 ERROR   Thread-19 :42224 [internal_api.py:upload_file():1576] upload_file request headers: {'User-Agent': 'python-requests/2.25.1', 'Accept-Encoding': 'gzip, deflate', 'Accept': '*/*', 'Connection': 'keep-alive', 'Content-Length': '187954'}
2022-02-23 08:36:59,097 ERROR   Thread-19 :42224 [internal_api.py:upload_file():1578] upload_file response body: 
2022-02-23 08:36:59,324 ERROR   Thread-20 :42224 [internal_api.py:upload_file():1574] upload_file exception https://storage.googleapis.com/wandb-production.appspot.com/heene/YOLOv5/3tcp0bt2/media/images/Mosaics_1_2.jpg?Expires=1645663010&GoogleAccessId=wandb-production%40appspot.gserviceaccount.com&Signature=RW7phCeTe3rIrsi4wCDWxU0QJEc1WT2rxVuEXV4s5c37nuJUVd80DbD77DvP%2B3mh5G3hYRUsftOFyXM%2F1%2Be2DOF1Jo3Fp%2BsUGzkax%2BdQ%2BxGdUnIZWpD8r%2Fy325KGNBAx2umipkpyluQd6I4s%2FdoRyV4dflPXIyWMwaPQVa3R%2F37xrI7SbhscpLovoZJGMmAl%2F1cjOF3YzHNedc51GemEyowhjIYekABvgA40k4HyaZnksoUZ5tPLk00l1kW%2F991qUo6peLmLoT53b6bJnTWAWtraiLO5WPCU8cBe0EnEAVGSyB85XOwKuoHiWRkRY5LimPgwHIdPcnpwqTamuUu07A%3D%3D: HTTPSConnectionPool(host='storage.googleapis.com', port=443): Max retries exceeded with url: /wandb-production.appspot.com/heene/YOLOv5/3tcp0bt2/media/images/Mosaics_1_2.jpg?Expires=1645663010&GoogleAccessId=wandb-production%40appspot.gserviceaccount.com&Signature=RW7phCeTe3rIrsi4wCDWxU0QJEc1WT2rxVuEXV4s5c37nuJUVd80DbD77DvP%2B3mh5G3hYRUsftOFyXM%2F1%2Be2DOF1Jo3Fp%2BsUGzkax%2BdQ%2BxGdUnIZWpD8r%2Fy325KGNBAx2umipkpyluQd6I4s%2FdoRyV4dflPXIyWMwaPQVa3R%2F37xrI7SbhscpLovoZJGMmAl%2F1cjOF3YzHNedc51GemEyowhjIYekABvgA40k4HyaZnksoUZ5tPLk00l1kW%2F991qUo6peLmLoT53b6bJnTWAWtraiLO5WPCU8cBe0EnEAVGSyB85XOwKuoHiWRkRY5LimPgwHIdPcnpwqTamuUu07A%3D%3D (Caused by SSLError(SSLEOFError(8, 'EOF occurred in violation of protocol (_ssl.c:1131)')))
2022-02-23 08:36:59,325 ERROR   Thread-20 :42224 [internal_api.py:upload_file():1576] upload_file request headers: {'User-Agent': 'python-requests/2.25.1', 'Accept-Encoding': 'gzip, deflate', 'Accept': '*/*', 'Connection': 'keep-alive', 'Content-Length': '151235'}
2022-02-23 08:36:59,325 ERROR   Thread-20 :42224 [internal_api.py:upload_file():1578] upload_file response body: 
2022-02-23 08:36:59,337 INFO    Thread-12 :42224 [dir_watcher.py:_on_file_modified():230] file/dir modified: E:\learn\github_project\yolov5-face\wandb\run-20220223_083603-3tcp0bt2\files\output.log
2022-02-23 08:37:01,344 INFO    Thread-12 :42224 [dir_watcher.py:_on_file_modified():230] file/dir modified: E:\learn\github_project\yolov5-face\wandb\run-20220223_083603-3tcp0bt2\files\output.log
2022-02-23 08:37:03,208 ERROR   Thread-17 :42224 [internal_api.py:upload_file():1574] upload_file exception https://storage.googleapis.com/wandb-production.appspot.com/heene/YOLOv5/3tcp0bt2/media/images/Labels_0_1.jpg?Expires=1645663005&GoogleAccessId=wandb-production%40appspot.gserviceaccount.com&Signature=Q2ib3RbtDSfPnh%2BlqrzeT%2BMWLRNVqMc2%2Bf52GfHcjGmXKt8XvSKmgNm%2BuNWv4ADFG9oljojCQLIJ6H3a4mO5X82oZEScL7Q8VDf%2BENJRPfzGjtA5ZICld10bFTM1EE8rvJx459aPkicABZEW77O2IaLrhzo5t9cAXgibH%2FLNNaRC%2B5JATGA9UJfatxzkdDGACreKTkMg71n4ZnH%2Ft6biwn3DifozmgpYF0zmjISbsctChPaVX2rWy8Xn2Te5TXnHrvRqijNK%2FRU%2BZ8iKvm6JuAoD7fzX%2FUSZqjvqFyHcW%2BonbUiBpJpsnZCmlxBnLDMV9y%2BCAuxEfQnfmnJRDmBGfA%3D%3D: HTTPSConnectionPool(host='storage.googleapis.com', port=443): Max retries exceeded with url: /wandb-production.appspot.com/heene/YOLOv5/3tcp0bt2/media/images/Labels_0_1.jpg?Expires=1645663005&GoogleAccessId=wandb-production%40appspot.gserviceaccount.com&Signature=Q2ib3RbtDSfPnh%2BlqrzeT%2BMWLRNVqMc2%2Bf52GfHcjGmXKt8XvSKmgNm%2BuNWv4ADFG9oljojCQLIJ6H3a4mO5X82oZEScL7Q8VDf%2BENJRPfzGjtA5ZICld10bFTM1EE8rvJx459aPkicABZEW77O2IaLrhzo5t9cAXgibH%2FLNNaRC%2B5JATGA9UJfatxzkdDGACreKTkMg71n4ZnH%2Ft6biwn3DifozmgpYF0zmjISbsctChPaVX2rWy8Xn2Te5TXnHrvRqijNK%2FRU%2BZ8iKvm6JuAoD7fzX%2FUSZqjvqFyHcW%2BonbUiBpJpsnZCmlxBnLDMV9y%2BCAuxEfQnfmnJRDmBGfA%3D%3D (Caused by SSLError(SSLEOFError(8, 'EOF occurred in violation of protocol (_ssl.c:1131)')))
2022-02-23 08:37:03,209 ERROR   Thread-17 :42224 [internal_api.py:upload_file():1576] upload_file request headers: {'User-Agent': 'python-requests/2.25.1', 'Accept-Encoding': 'gzip, deflate', 'Accept': '*/*', 'Connection': 'keep-alive', 'Content-Length': '299771'}
2022-02-23 08:37:03,209 ERROR   Thread-17 :42224 [internal_api.py:upload_file():1578] upload_file response body: 
2022-02-23 08:37:03,286 ERROR   Thread-16 :42224 [internal_api.py:upload_file():1574] upload_file exception https://storage.googleapis.com/wandb-production.appspot.com/heene/YOLOv5/3tcp0bt2/media/images/Labels_0_0.jpg?Expires=1645663005&GoogleAccessId=wandb-production%40appspot.gserviceaccount.com&Signature=f3ECRNIRbab3KBbVLyRv3FqArRCcKLwU4H5JyoPjG8%2Bk6VdU1KRgOamoGvOxZd4YOMaOxoYb3y40%2B5qD2GQ%2BYeKKaTYK1DwV9YEO9JLx1zASy7JDSO86Hz2SHg9XGtM7ugti%2Bt7hX8qihaVuoUl1nUcsnNFybPged5wwVbIADU9uR2L46JcopeowKZrsC%2B0AEeVlWmkru%2FDruuRzSDI8Od96AaaOm9aQChSmhrETL2Sfr9ZenzLkaHMUOnzrvYUzMhPZb3JLFUgtmYIC2eSbUQAp3hTsr5GMjOfIANtIL%2F2L%2BDVIo4Hjie%2Bv3OwrqjGyjGsJLlfAXpX6cd38Rf3tFQ%3D%3D: HTTPSConnectionPool(host='storage.googleapis.com', port=443): Max retries exceeded with url: /wandb-production.appspot.com/heene/YOLOv5/3tcp0bt2/media/images/Labels_0_0.jpg?Expires=1645663005&GoogleAccessId=wandb-production%40appspot.gserviceaccount.com&Signature=f3ECRNIRbab3KBbVLyRv3FqArRCcKLwU4H5JyoPjG8%2Bk6VdU1KRgOamoGvOxZd4YOMaOxoYb3y40%2B5qD2GQ%2BYeKKaTYK1DwV9YEO9JLx1zASy7JDSO86Hz2SHg9XGtM7ugti%2Bt7hX8qihaVuoUl1nUcsnNFybPged5wwVbIADU9uR2L46JcopeowKZrsC%2B0AEeVlWmkru%2FDruuRzSDI8Od96AaaOm9aQChSmhrETL2Sfr9ZenzLkaHMUOnzrvYUzMhPZb3JLFUgtmYIC2eSbUQAp3hTsr5GMjOfIANtIL%2F2L%2BDVIo4Hjie%2Bv3OwrqjGyjGsJLlfAXpX6cd38Rf3tFQ%3D%3D (Caused by SSLError(SSLEOFError(8, 'EOF occurred in violation of protocol (_ssl.c:1131)')))
2022-02-23 08:37:03,286 ERROR   Thread-16 :42224 [internal_api.py:upload_file():1576] upload_file request headers: {'User-Agent': 'python-requests/2.25.1', 'Accept-Encoding': 'gzip, deflate', 'Accept': '*/*', 'Connection': 'keep-alive', 'Content-Length': '133922'}
2022-02-23 08:37:03,286 ERROR   Thread-16 :42224 [internal_api.py:upload_file():1578] upload_file response body: 
2022-02-23 08:37:03,348 INFO    Thread-12 :42224 [dir_watcher.py:_on_file_modified():230] file/dir modified: E:\learn\github_project\yolov5-face\wandb\run-20220223_083603-3tcp0bt2\files\output.log
2022-02-23 08:37:05,382 INFO    Thread-12 :42224 [dir_watcher.py:_on_file_modified():230] file/dir modified: E:\learn\github_project\yolov5-face\wandb\run-20220223_083603-3tcp0bt2\files\output.log
2022-02-23 08:37:07,392 INFO    Thread-12 :42224 [dir_watcher.py:_on_file_modified():230] file/dir modified: E:\learn\github_project\yolov5-face\wandb\run-20220223_083603-3tcp0bt2\files\output.log
2022-02-23 08:37:07,498 DEBUG   SenderThread:42224 [sender.py:send():234] send: stats
2022-02-23 08:37:08,110 ERROR   Thread-19 :42224 [internal_api.py:upload_file():1574] upload_file exception https://storage.googleapis.com/wandb-production.appspot.com/heene/YOLOv5/3tcp0bt2/media/images/Mosaics_1_1.jpg?Expires=1645663010&GoogleAccessId=wandb-production%40appspot.gserviceaccount.com&Signature=mrkH9wAH6RIV1ELzWJFKBNCPYUN%2F5w%2F5Tc6jChaGMn6KnCE6lQVcFiSVwegcSsI%2B4qnX0y1WCtGYFfuTkyoxgBWoKjvROLztVgTNenYlMAY3n0LJcciNiKr0etvikX3lACRu9JVOUGAmviQY7tEkBoYBh0MQZHagfbu7YOI9fScfFYbhnyYAXVVYLfWI7LSCT%2Bc5uoj4dX15TPd2C9%2BXVVtX1eeEjDGC7pkhTLR6Lb7MtCeToTYjISQLd54MwJVLGsdea%2BAlx9iN%2FkeVv%2BDI7SDnTkv7AU0pfU4wsSTS1IPbh7rtp3WxS%2BQXzrI1cHGkDiqsOqxBFint%2BGs0Kd7QgA%3D%3D: HTTPSConnectionPool(host='storage.googleapis.com', port=443): Max retries exceeded with url: /wandb-production.appspot.com/heene/YOLOv5/3tcp0bt2/media/images/Mosaics_1_1.jpg?Expires=1645663010&GoogleAccessId=wandb-production%40appspot.gserviceaccount.com&Signature=mrkH9wAH6RIV1ELzWJFKBNCPYUN%2F5w%2F5Tc6jChaGMn6KnCE6lQVcFiSVwegcSsI%2B4qnX0y1WCtGYFfuTkyoxgBWoKjvROLztVgTNenYlMAY3n0LJcciNiKr0etvikX3lACRu9JVOUGAmviQY7tEkBoYBh0MQZHagfbu7YOI9fScfFYbhnyYAXVVYLfWI7LSCT%2Bc5uoj4dX15TPd2C9%2BXVVtX1eeEjDGC7pkhTLR6Lb7MtCeToTYjISQLd54MwJVLGsdea%2BAlx9iN%2FkeVv%2BDI7SDnTkv7AU0pfU4wsSTS1IPbh7rtp3WxS%2BQXzrI1cHGkDiqsOqxBFint%2BGs0Kd7QgA%3D%3D (Caused by SSLError(SSLEOFError(8, 'EOF occurred in violation of protocol (_ssl.c:1131)')))
2022-02-23 08:37:08,110 ERROR   Thread-19 :42224 [internal_api.py:upload_file():1576] upload_file request headers: {'User-Agent': 'python-requests/2.25.1', 'Accept-Encoding': 'gzip, deflate', 'Accept': '*/*', 'Connection': 'keep-alive', 'Content-Length': '187954'}
2022-02-23 08:37:08,110 ERROR   Thread-19 :42224 [internal_api.py:upload_file():1578] upload_file response body: 
2022-02-23 08:37:08,199 ERROR   Thread-18 :42224 [internal_api.py:upload_file():1574] upload_file exception https://storage.googleapis.com/wandb-production.appspot.com/heene/YOLOv5/3tcp0bt2/media/images/Mosaics_1_0.jpg?Expires=1645663010&GoogleAccessId=wandb-production%40appspot.gserviceaccount.com&Signature=F4MQD4erSd98RDUwxCIOJJ%2Fqe8iL%2FFTTmgotx669Qr6m%2Bx5QiGgqDoY905a6HsQMWhOQh%2FXShACI3xdJdZehdhoWUkUz64OvZlu7J%2BSd7sCA5c6HCdhDM5h31vl%2BH1wexl5Jr%2BTraY%2BtR7edQEhTE3W24KK7ZjNN9T3%2BWuwx4O%2FqW3bfV9gjgsyCS0soKlTPBSK8WYI33mLDoiC04j1ZaLVVZFyoOEaW%2B9qFW7w7kkbJOFFj1xnComjy1UuC5ZmBJjNKbcIbaSkTkOy5MOkFHG2eYvY3j3glv3k7WvLG4sbBa0FHMxFs2EFQASI3RWnreFZfSvyWK8fMfqraWoMrZw%3D%3D: HTTPSConnectionPool(host='storage.googleapis.com', port=443): Max retries exceeded with url: /wandb-production.appspot.com/heene/YOLOv5/3tcp0bt2/media/images/Mosaics_1_0.jpg?Expires=1645663010&GoogleAccessId=wandb-production%40appspot.gserviceaccount.com&Signature=F4MQD4erSd98RDUwxCIOJJ%2Fqe8iL%2FFTTmgotx669Qr6m%2Bx5QiGgqDoY905a6HsQMWhOQh%2FXShACI3xdJdZehdhoWUkUz64OvZlu7J%2BSd7sCA5c6HCdhDM5h31vl%2BH1wexl5Jr%2BTraY%2BtR7edQEhTE3W24KK7ZjNN9T3%2BWuwx4O%2FqW3bfV9gjgsyCS0soKlTPBSK8WYI33mLDoiC04j1ZaLVVZFyoOEaW%2B9qFW7w7kkbJOFFj1xnComjy1UuC5ZmBJjNKbcIbaSkTkOy5MOkFHG2eYvY3j3glv3k7WvLG4sbBa0FHMxFs2EFQASI3RWnreFZfSvyWK8fMfqraWoMrZw%3D%3D (Caused by SSLError(SSLEOFError(8, 'EOF occurred in violation of protocol (_ssl.c:1131)')))
2022-02-23 08:37:08,200 ERROR   Thread-18 :42224 [internal_api.py:upload_file():1576] upload_file request headers: {'User-Agent': 'python-requests/2.25.1', 'Accept-Encoding': 'gzip, deflate', 'Accept': '*/*', 'Connection': 'keep-alive', 'Content-Length': '160055'}
2022-02-23 08:37:08,200 ERROR   Thread-18 :42224 [internal_api.py:upload_file():1578] upload_file response body: 
2022-02-23 08:37:08,502 ERROR   Thread-20 :42224 [internal_api.py:upload_file():1574] upload_file exception https://storage.googleapis.com/wandb-production.appspot.com/heene/YOLOv5/3tcp0bt2/media/images/Mosaics_1_2.jpg?Expires=1645663010&GoogleAccessId=wandb-production%40appspot.gserviceaccount.com&Signature=RW7phCeTe3rIrsi4wCDWxU0QJEc1WT2rxVuEXV4s5c37nuJUVd80DbD77DvP%2B3mh5G3hYRUsftOFyXM%2F1%2Be2DOF1Jo3Fp%2BsUGzkax%2BdQ%2BxGdUnIZWpD8r%2Fy325KGNBAx2umipkpyluQd6I4s%2FdoRyV4dflPXIyWMwaPQVa3R%2F37xrI7SbhscpLovoZJGMmAl%2F1cjOF3YzHNedc51GemEyowhjIYekABvgA40k4HyaZnksoUZ5tPLk00l1kW%2F991qUo6peLmLoT53b6bJnTWAWtraiLO5WPCU8cBe0EnEAVGSyB85XOwKuoHiWRkRY5LimPgwHIdPcnpwqTamuUu07A%3D%3D: HTTPSConnectionPool(host='storage.googleapis.com', port=443): Max retries exceeded with url: /wandb-production.appspot.com/heene/YOLOv5/3tcp0bt2/media/images/Mosaics_1_2.jpg?Expires=1645663010&GoogleAccessId=wandb-production%40appspot.gserviceaccount.com&Signature=RW7phCeTe3rIrsi4wCDWxU0QJEc1WT2rxVuEXV4s5c37nuJUVd80DbD77DvP%2B3mh5G3hYRUsftOFyXM%2F1%2Be2DOF1Jo3Fp%2BsUGzkax%2BdQ%2BxGdUnIZWpD8r%2Fy325KGNBAx2umipkpyluQd6I4s%2FdoRyV4dflPXIyWMwaPQVa3R%2F37xrI7SbhscpLovoZJGMmAl%2F1cjOF3YzHNedc51GemEyowhjIYekABvgA40k4HyaZnksoUZ5tPLk00l1kW%2F991qUo6peLmLoT53b6bJnTWAWtraiLO5WPCU8cBe0EnEAVGSyB85XOwKuoHiWRkRY5LimPgwHIdPcnpwqTamuUu07A%3D%3D (Caused by SSLError(SSLEOFError(8, 'EOF occurred in violation of protocol (_ssl.c:1131)')))
2022-02-23 08:37:08,502 ERROR   Thread-20 :42224 [internal_api.py:upload_file():1576] upload_file request headers: {'User-Agent': 'python-requests/2.25.1', 'Accept-Encoding': 'gzip, deflate', 'Accept': '*/*', 'Connection': 'keep-alive', 'Content-Length': '151235'}
2022-02-23 08:37:08,502 ERROR   Thread-20 :42224 [internal_api.py:upload_file():1578] upload_file response body: 
2022-02-23 08:37:09,399 INFO    Thread-12 :42224 [dir_watcher.py:_on_file_modified():230] file/dir modified: E:\learn\github_project\yolov5-face\wandb\run-20220223_083603-3tcp0bt2\files\output.log
2022-02-23 08:37:11,404 INFO    Thread-12 :42224 [dir_watcher.py:_on_file_modified():230] file/dir modified: E:\learn\github_project\yolov5-face\wandb\run-20220223_083603-3tcp0bt2\files\output.log
2022-02-23 08:37:13,408 INFO    Thread-12 :42224 [dir_watcher.py:_on_file_modified():230] file/dir modified: E:\learn\github_project\yolov5-face\wandb\run-20220223_083603-3tcp0bt2\files\output.log
2022-02-23 08:37:13,548 DEBUG   HandlerThread:42224 [handler.py:handle_request():130] handle_request: stop_status
2022-02-23 08:37:13,549 DEBUG   SenderThread:42224 [sender.py:send_request():248] send_request: stop_status
2022-02-23 08:37:15,410 INFO    Thread-12 :42224 [dir_watcher.py:_on_file_modified():230] file/dir modified: E:\learn\github_project\yolov5-face\wandb\run-20220223_083603-3tcp0bt2\files\output.log
2022-02-23 08:37:17,414 INFO    Thread-12 :42224 [dir_watcher.py:_on_file_modified():230] file/dir modified: E:\learn\github_project\yolov5-face\wandb\run-20220223_083603-3tcp0bt2\files\output.log
2022-02-23 08:37:19,420 INFO    Thread-12 :42224 [dir_watcher.py:_on_file_modified():230] file/dir modified: E:\learn\github_project\yolov5-face\wandb\run-20220223_083603-3tcp0bt2\files\output.log
2022-02-23 08:37:20,744 ERROR   Thread-17 :42224 [internal_api.py:upload_file():1574] upload_file exception https://storage.googleapis.com/wandb-production.appspot.com/heene/YOLOv5/3tcp0bt2/media/images/Labels_0_1.jpg?Expires=1645663005&GoogleAccessId=wandb-production%40appspot.gserviceaccount.com&Signature=Q2ib3RbtDSfPnh%2BlqrzeT%2BMWLRNVqMc2%2Bf52GfHcjGmXKt8XvSKmgNm%2BuNWv4ADFG9oljojCQLIJ6H3a4mO5X82oZEScL7Q8VDf%2BENJRPfzGjtA5ZICld10bFTM1EE8rvJx459aPkicABZEW77O2IaLrhzo5t9cAXgibH%2FLNNaRC%2B5JATGA9UJfatxzkdDGACreKTkMg71n4ZnH%2Ft6biwn3DifozmgpYF0zmjISbsctChPaVX2rWy8Xn2Te5TXnHrvRqijNK%2FRU%2BZ8iKvm6JuAoD7fzX%2FUSZqjvqFyHcW%2BonbUiBpJpsnZCmlxBnLDMV9y%2BCAuxEfQnfmnJRDmBGfA%3D%3D: HTTPSConnectionPool(host='storage.googleapis.com', port=443): Max retries exceeded with url: /wandb-production.appspot.com/heene/YOLOv5/3tcp0bt2/media/images/Labels_0_1.jpg?Expires=1645663005&GoogleAccessId=wandb-production%40appspot.gserviceaccount.com&Signature=Q2ib3RbtDSfPnh%2BlqrzeT%2BMWLRNVqMc2%2Bf52GfHcjGmXKt8XvSKmgNm%2BuNWv4ADFG9oljojCQLIJ6H3a4mO5X82oZEScL7Q8VDf%2BENJRPfzGjtA5ZICld10bFTM1EE8rvJx459aPkicABZEW77O2IaLrhzo5t9cAXgibH%2FLNNaRC%2B5JATGA9UJfatxzkdDGACreKTkMg71n4ZnH%2Ft6biwn3DifozmgpYF0zmjISbsctChPaVX2rWy8Xn2Te5TXnHrvRqijNK%2FRU%2BZ8iKvm6JuAoD7fzX%2FUSZqjvqFyHcW%2BonbUiBpJpsnZCmlxBnLDMV9y%2BCAuxEfQnfmnJRDmBGfA%3D%3D (Caused by SSLError(SSLEOFError(8, 'EOF occurred in violation of protocol (_ssl.c:1131)')))
2022-02-23 08:37:20,744 ERROR   Thread-17 :42224 [internal_api.py:upload_file():1576] upload_file request headers: {'User-Agent': 'python-requests/2.25.1', 'Accept-Encoding': 'gzip, deflate', 'Accept': '*/*', 'Connection': 'keep-alive', 'Content-Length': '299771'}
2022-02-23 08:37:20,745 ERROR   Thread-17 :42224 [internal_api.py:upload_file():1578] upload_file response body: 
2022-02-23 08:37:21,424 INFO    Thread-12 :42224 [dir_watcher.py:_on_file_modified():230] file/dir modified: E:\learn\github_project\yolov5-face\wandb\run-20220223_083603-3tcp0bt2\files\output.log
2022-02-23 08:37:22,401 ERROR   Thread-16 :42224 [internal_api.py:upload_file():1574] upload_file exception https://storage.googleapis.com/wandb-production.appspot.com/heene/YOLOv5/3tcp0bt2/media/images/Labels_0_0.jpg?Expires=1645663005&GoogleAccessId=wandb-production%40appspot.gserviceaccount.com&Signature=f3ECRNIRbab3KBbVLyRv3FqArRCcKLwU4H5JyoPjG8%2Bk6VdU1KRgOamoGvOxZd4YOMaOxoYb3y40%2B5qD2GQ%2BYeKKaTYK1DwV9YEO9JLx1zASy7JDSO86Hz2SHg9XGtM7ugti%2Bt7hX8qihaVuoUl1nUcsnNFybPged5wwVbIADU9uR2L46JcopeowKZrsC%2B0AEeVlWmkru%2FDruuRzSDI8Od96AaaOm9aQChSmhrETL2Sfr9ZenzLkaHMUOnzrvYUzMhPZb3JLFUgtmYIC2eSbUQAp3hTsr5GMjOfIANtIL%2F2L%2BDVIo4Hjie%2Bv3OwrqjGyjGsJLlfAXpX6cd38Rf3tFQ%3D%3D: HTTPSConnectionPool(host='storage.googleapis.com', port=443): Max retries exceeded with url: /wandb-production.appspot.com/heene/YOLOv5/3tcp0bt2/media/images/Labels_0_0.jpg?Expires=1645663005&GoogleAccessId=wandb-production%40appspot.gserviceaccount.com&Signature=f3ECRNIRbab3KBbVLyRv3FqArRCcKLwU4H5JyoPjG8%2Bk6VdU1KRgOamoGvOxZd4YOMaOxoYb3y40%2B5qD2GQ%2BYeKKaTYK1DwV9YEO9JLx1zASy7JDSO86Hz2SHg9XGtM7ugti%2Bt7hX8qihaVuoUl1nUcsnNFybPged5wwVbIADU9uR2L46JcopeowKZrsC%2B0AEeVlWmkru%2FDruuRzSDI8Od96AaaOm9aQChSmhrETL2Sfr9ZenzLkaHMUOnzrvYUzMhPZb3JLFUgtmYIC2eSbUQAp3hTsr5GMjOfIANtIL%2F2L%2BDVIo4Hjie%2Bv3OwrqjGyjGsJLlfAXpX6cd38Rf3tFQ%3D%3D (Caused by SSLError(SSLEOFError(8, 'EOF occurred in violation of protocol (_ssl.c:1131)')))
2022-02-23 08:37:22,401 ERROR   Thread-16 :42224 [internal_api.py:upload_file():1576] upload_file request headers: {'User-Agent': 'python-requests/2.25.1', 'Accept-Encoding': 'gzip, deflate', 'Accept': '*/*', 'Connection': 'keep-alive', 'Content-Length': '133922'}
2022-02-23 08:37:22,401 ERROR   Thread-16 :42224 [internal_api.py:upload_file():1578] upload_file response body: 
2022-02-23 08:37:23,427 INFO    Thread-12 :42224 [dir_watcher.py:_on_file_modified():230] file/dir modified: E:\learn\github_project\yolov5-face\wandb\run-20220223_083603-3tcp0bt2\files\output.log
2022-02-23 08:37:23,792 ERROR   Thread-15 :42224 [internal_api.py:upload_file():1574] upload_file exception https://storage.googleapis.com/wandb-production.appspot.com/heene/YOLOv5/3tcp0bt2/wandb-metadata.json?Expires=1645662972&GoogleAccessId=wandb-production%40appspot.gserviceaccount.com&Signature=XeA%2BgqLQoeuBj0QwjFsj0mcGAiR38uHJL1E2xO34KbBGBKwfDmoRUj8u%2Bst0V%2Fvk6tFh75KKZx6WFiI8j%2FDhMnfMLxxBhZa6MpMdeXyRljP%2FJUPKJ9xKtgenYXyG19ZkCOHhhg%2F2tRPXSgYjsRrGCXvCOsxyEiJJR7frtSLWT2UKCppdImKJVmPDKzPhageOTfdL0iPLCSAc32c6%2BwYQRNIl%2BfAml4HpG0hULo0noKrCTGGjqMxZ9JMmx3zZfojNCoAHzNCObIWqkDiHkCoIE0hxdpmWP7asD4A1DjXGuxMeSk%2BkmQ44m06ah8EjjJeuZEbgOPo%2BvbRm4zM%2FE9ll4g%3D%3D: HTTPSConnectionPool(host='storage.googleapis.com', port=443): Max retries exceeded with url: /wandb-production.appspot.com/heene/YOLOv5/3tcp0bt2/wandb-metadata.json?Expires=1645662972&GoogleAccessId=wandb-production%40appspot.gserviceaccount.com&Signature=XeA%2BgqLQoeuBj0QwjFsj0mcGAiR38uHJL1E2xO34KbBGBKwfDmoRUj8u%2Bst0V%2Fvk6tFh75KKZx6WFiI8j%2FDhMnfMLxxBhZa6MpMdeXyRljP%2FJUPKJ9xKtgenYXyG19ZkCOHhhg%2F2tRPXSgYjsRrGCXvCOsxyEiJJR7frtSLWT2UKCppdImKJVmPDKzPhageOTfdL0iPLCSAc32c6%2BwYQRNIl%2BfAml4HpG0hULo0noKrCTGGjqMxZ9JMmx3zZfojNCoAHzNCObIWqkDiHkCoIE0hxdpmWP7asD4A1DjXGuxMeSk%2BkmQ44m06ah8EjjJeuZEbgOPo%2BvbRm4zM%2FE9ll4g%3D%3D (Caused by SSLError(SSLEOFError(8, 'EOF occurred in violation of protocol (_ssl.c:1131)')))
2022-02-23 08:37:23,792 ERROR   Thread-15 :42224 [internal_api.py:upload_file():1576] upload_file request headers: {'User-Agent': 'python-requests/2.25.1', 'Accept-Encoding': 'gzip, deflate', 'Accept': '*/*', 'Connection': 'keep-alive', 'Content-Length': '759'}
2022-02-23 08:37:23,792 ERROR   Thread-15 :42224 [internal_api.py:upload_file():1578] upload_file response body: 
2022-02-23 08:37:24,531 ERROR   Thread-19 :42224 [internal_api.py:upload_file():1574] upload_file exception https://storage.googleapis.com/wandb-production.appspot.com/heene/YOLOv5/3tcp0bt2/media/images/Mosaics_1_1.jpg?Expires=1645663010&GoogleAccessId=wandb-production%40appspot.gserviceaccount.com&Signature=mrkH9wAH6RIV1ELzWJFKBNCPYUN%2F5w%2F5Tc6jChaGMn6KnCE6lQVcFiSVwegcSsI%2B4qnX0y1WCtGYFfuTkyoxgBWoKjvROLztVgTNenYlMAY3n0LJcciNiKr0etvikX3lACRu9JVOUGAmviQY7tEkBoYBh0MQZHagfbu7YOI9fScfFYbhnyYAXVVYLfWI7LSCT%2Bc5uoj4dX15TPd2C9%2BXVVtX1eeEjDGC7pkhTLR6Lb7MtCeToTYjISQLd54MwJVLGsdea%2BAlx9iN%2FkeVv%2BDI7SDnTkv7AU0pfU4wsSTS1IPbh7rtp3WxS%2BQXzrI1cHGkDiqsOqxBFint%2BGs0Kd7QgA%3D%3D: HTTPSConnectionPool(host='storage.googleapis.com', port=443): Max retries exceeded with url: /wandb-production.appspot.com/heene/YOLOv5/3tcp0bt2/media/images/Mosaics_1_1.jpg?Expires=1645663010&GoogleAccessId=wandb-production%40appspot.gserviceaccount.com&Signature=mrkH9wAH6RIV1ELzWJFKBNCPYUN%2F5w%2F5Tc6jChaGMn6KnCE6lQVcFiSVwegcSsI%2B4qnX0y1WCtGYFfuTkyoxgBWoKjvROLztVgTNenYlMAY3n0LJcciNiKr0etvikX3lACRu9JVOUGAmviQY7tEkBoYBh0MQZHagfbu7YOI9fScfFYbhnyYAXVVYLfWI7LSCT%2Bc5uoj4dX15TPd2C9%2BXVVtX1eeEjDGC7pkhTLR6Lb7MtCeToTYjISQLd54MwJVLGsdea%2BAlx9iN%2FkeVv%2BDI7SDnTkv7AU0pfU4wsSTS1IPbh7rtp3WxS%2BQXzrI1cHGkDiqsOqxBFint%2BGs0Kd7QgA%3D%3D (Caused by SSLError(SSLEOFError(8, 'EOF occurred in violation of protocol (_ssl.c:1131)')))
2022-02-23 08:37:24,531 ERROR   Thread-19 :42224 [internal_api.py:upload_file():1576] upload_file request headers: {'User-Agent': 'python-requests/2.25.1', 'Accept-Encoding': 'gzip, deflate', 'Accept': '*/*', 'Connection': 'keep-alive', 'Content-Length': '187954'}
2022-02-23 08:37:24,531 ERROR   Thread-19 :42224 [internal_api.py:upload_file():1578] upload_file response body: 
2022-02-23 08:37:25,430 INFO    Thread-12 :42224 [dir_watcher.py:_on_file_modified():230] file/dir modified: E:\learn\github_project\yolov5-face\wandb\run-20220223_083603-3tcp0bt2\files\output.log
2022-02-23 08:37:25,766 ERROR   Thread-20 :42224 [internal_api.py:upload_file():1574] upload_file exception https://storage.googleapis.com/wandb-production.appspot.com/heene/YOLOv5/3tcp0bt2/media/images/Mosaics_1_2.jpg?Expires=1645663010&GoogleAccessId=wandb-production%40appspot.gserviceaccount.com&Signature=RW7phCeTe3rIrsi4wCDWxU0QJEc1WT2rxVuEXV4s5c37nuJUVd80DbD77DvP%2B3mh5G3hYRUsftOFyXM%2F1%2Be2DOF1Jo3Fp%2BsUGzkax%2BdQ%2BxGdUnIZWpD8r%2Fy325KGNBAx2umipkpyluQd6I4s%2FdoRyV4dflPXIyWMwaPQVa3R%2F37xrI7SbhscpLovoZJGMmAl%2F1cjOF3YzHNedc51GemEyowhjIYekABvgA40k4HyaZnksoUZ5tPLk00l1kW%2F991qUo6peLmLoT53b6bJnTWAWtraiLO5WPCU8cBe0EnEAVGSyB85XOwKuoHiWRkRY5LimPgwHIdPcnpwqTamuUu07A%3D%3D: HTTPSConnectionPool(host='storage.googleapis.com', port=443): Max retries exceeded with url: /wandb-production.appspot.com/heene/YOLOv5/3tcp0bt2/media/images/Mosaics_1_2.jpg?Expires=1645663010&GoogleAccessId=wandb-production%40appspot.gserviceaccount.com&Signature=RW7phCeTe3rIrsi4wCDWxU0QJEc1WT2rxVuEXV4s5c37nuJUVd80DbD77DvP%2B3mh5G3hYRUsftOFyXM%2F1%2Be2DOF1Jo3Fp%2BsUGzkax%2BdQ%2BxGdUnIZWpD8r%2Fy325KGNBAx2umipkpyluQd6I4s%2FdoRyV4dflPXIyWMwaPQVa3R%2F37xrI7SbhscpLovoZJGMmAl%2F1cjOF3YzHNedc51GemEyowhjIYekABvgA40k4HyaZnksoUZ5tPLk00l1kW%2F991qUo6peLmLoT53b6bJnTWAWtraiLO5WPCU8cBe0EnEAVGSyB85XOwKuoHiWRkRY5LimPgwHIdPcnpwqTamuUu07A%3D%3D (Caused by SSLError(SSLEOFError(8, 'EOF occurred in violation of protocol (_ssl.c:1131)')))
2022-02-23 08:37:25,766 ERROR   Thread-20 :42224 [internal_api.py:upload_file():1576] upload_file request headers: {'User-Agent': 'python-requests/2.25.1', 'Accept-Encoding': 'gzip, deflate', 'Accept': '*/*', 'Connection': 'keep-alive', 'Content-Length': '151235'}
2022-02-23 08:37:25,766 ERROR   Thread-20 :42224 [internal_api.py:upload_file():1578] upload_file response body: 
2022-02-23 08:37:27,140 ERROR   Thread-18 :42224 [internal_api.py:upload_file():1574] upload_file exception https://storage.googleapis.com/wandb-production.appspot.com/heene/YOLOv5/3tcp0bt2/media/images/Mosaics_1_0.jpg?Expires=1645663010&GoogleAccessId=wandb-production%40appspot.gserviceaccount.com&Signature=F4MQD4erSd98RDUwxCIOJJ%2Fqe8iL%2FFTTmgotx669Qr6m%2Bx5QiGgqDoY905a6HsQMWhOQh%2FXShACI3xdJdZehdhoWUkUz64OvZlu7J%2BSd7sCA5c6HCdhDM5h31vl%2BH1wexl5Jr%2BTraY%2BtR7edQEhTE3W24KK7ZjNN9T3%2BWuwx4O%2FqW3bfV9gjgsyCS0soKlTPBSK8WYI33mLDoiC04j1ZaLVVZFyoOEaW%2B9qFW7w7kkbJOFFj1xnComjy1UuC5ZmBJjNKbcIbaSkTkOy5MOkFHG2eYvY3j3glv3k7WvLG4sbBa0FHMxFs2EFQASI3RWnreFZfSvyWK8fMfqraWoMrZw%3D%3D: HTTPSConnectionPool(host='storage.googleapis.com', port=443): Max retries exceeded with url: /wandb-production.appspot.com/heene/YOLOv5/3tcp0bt2/media/images/Mosaics_1_0.jpg?Expires=1645663010&GoogleAccessId=wandb-production%40appspot.gserviceaccount.com&Signature=F4MQD4erSd98RDUwxCIOJJ%2Fqe8iL%2FFTTmgotx669Qr6m%2Bx5QiGgqDoY905a6HsQMWhOQh%2FXShACI3xdJdZehdhoWUkUz64OvZlu7J%2BSd7sCA5c6HCdhDM5h31vl%2BH1wexl5Jr%2BTraY%2BtR7edQEhTE3W24KK7ZjNN9T3%2BWuwx4O%2FqW3bfV9gjgsyCS0soKlTPBSK8WYI33mLDoiC04j1ZaLVVZFyoOEaW%2B9qFW7w7kkbJOFFj1xnComjy1UuC5ZmBJjNKbcIbaSkTkOy5MOkFHG2eYvY3j3glv3k7WvLG4sbBa0FHMxFs2EFQASI3RWnreFZfSvyWK8fMfqraWoMrZw%3D%3D (Caused by SSLError(SSLEOFError(8, 'EOF occurred in violation of protocol (_ssl.c:1131)')))
2022-02-23 08:37:27,140 ERROR   Thread-18 :42224 [internal_api.py:upload_file():1576] upload_file request headers: {'User-Agent': 'python-requests/2.25.1', 'Accept-Encoding': 'gzip, deflate', 'Accept': '*/*', 'Connection': 'keep-alive', 'Content-Length': '160055'}
2022-02-23 08:37:27,140 ERROR   Thread-18 :42224 [internal_api.py:upload_file():1578] upload_file response body: 
2022-02-23 08:37:27,436 INFO    Thread-12 :42224 [dir_watcher.py:_on_file_modified():230] file/dir modified: E:\learn\github_project\yolov5-face\wandb\run-20220223_083603-3tcp0bt2\files\output.log
2022-02-23 08:37:28,907 DEBUG   HandlerThread:42224 [handler.py:handle_request():130] handle_request: stop_status
2022-02-23 08:37:28,908 DEBUG   SenderThread:42224 [sender.py:send_request():248] send_request: stop_status
2022-02-23 08:37:29,481 INFO    Thread-12 :42224 [dir_watcher.py:_on_file_modified():230] file/dir modified: E:\learn\github_project\yolov5-face\wandb\run-20220223_083603-3tcp0bt2\files\output.log
2022-02-23 08:37:31,486 INFO    Thread-12 :42224 [dir_watcher.py:_on_file_modified():230] file/dir modified: E:\learn\github_project\yolov5-face\wandb\run-20220223_083603-3tcp0bt2\files\output.log
2022-02-23 08:37:33,492 INFO    Thread-12 :42224 [dir_watcher.py:_on_file_modified():230] file/dir modified: E:\learn\github_project\yolov5-face\wandb\run-20220223_083603-3tcp0bt2\files\output.log
2022-02-23 08:37:35,497 INFO    Thread-12 :42224 [dir_watcher.py:_on_file_modified():230] file/dir modified: E:\learn\github_project\yolov5-face\wandb\run-20220223_083603-3tcp0bt2\files\output.log
2022-02-23 08:37:37,501 INFO    Thread-12 :42224 [dir_watcher.py:_on_file_modified():230] file/dir modified: E:\learn\github_project\yolov5-face\wandb\run-20220223_083603-3tcp0bt2\files\output.log
2022-02-23 08:37:38,999 DEBUG   SenderThread:42224 [sender.py:send():234] send: stats
2022-02-23 08:37:39,505 INFO    Thread-12 :42224 [dir_watcher.py:_on_file_modified():230] file/dir modified: E:\learn\github_project\yolov5-face\wandb\run-20220223_083603-3tcp0bt2\files\output.log
2022-02-23 08:37:41,510 INFO    Thread-12 :42224 [dir_watcher.py:_on_file_modified():230] file/dir modified: E:\learn\github_project\yolov5-face\wandb\run-20220223_083603-3tcp0bt2\files\output.log
2022-02-23 08:37:43,512 INFO    Thread-12 :42224 [dir_watcher.py:_on_file_modified():230] file/dir modified: E:\learn\github_project\yolov5-face\wandb\run-20220223_083603-3tcp0bt2\files\output.log
2022-02-23 08:37:44,273 DEBUG   HandlerThread:42224 [handler.py:handle_request():130] handle_request: stop_status
2022-02-23 08:37:44,273 DEBUG   SenderThread:42224 [sender.py:send_request():248] send_request: stop_status
2022-02-23 08:37:45,519 INFO    Thread-12 :42224 [dir_watcher.py:_on_file_modified():230] file/dir modified: E:\learn\github_project\yolov5-face\wandb\run-20220223_083603-3tcp0bt2\files\output.log
2022-02-23 08:37:47,523 INFO    Thread-12 :42224 [dir_watcher.py:_on_file_modified():230] file/dir modified: E:\learn\github_project\yolov5-face\wandb\run-20220223_083603-3tcp0bt2\files\output.log
2022-02-23 08:37:49,527 INFO    Thread-12 :42224 [dir_watcher.py:_on_file_modified():230] file/dir modified: E:\learn\github_project\yolov5-face\wandb\run-20220223_083603-3tcp0bt2\files\output.log
2022-02-23 08:37:51,550 INFO    Thread-12 :42224 [dir_watcher.py:_on_file_modified():230] file/dir modified: E:\learn\github_project\yolov5-face\wandb\run-20220223_083603-3tcp0bt2\files\output.log
2022-02-23 08:37:53,554 INFO    Thread-12 :42224 [dir_watcher.py:_on_file_modified():230] file/dir modified: E:\learn\github_project\yolov5-face\wandb\run-20220223_083603-3tcp0bt2\files\output.log
2022-02-23 08:37:55,557 INFO    Thread-12 :42224 [dir_watcher.py:_on_file_modified():230] file/dir modified: E:\learn\github_project\yolov5-face\wandb\run-20220223_083603-3tcp0bt2\files\output.log
2022-02-23 08:37:56,931 ERROR   Thread-17 :42224 [internal_api.py:upload_file():1574] upload_file exception https://storage.googleapis.com/wandb-production.appspot.com/heene/YOLOv5/3tcp0bt2/media/images/Labels_0_1.jpg?Expires=1645663005&GoogleAccessId=wandb-production%40appspot.gserviceaccount.com&Signature=Q2ib3RbtDSfPnh%2BlqrzeT%2BMWLRNVqMc2%2Bf52GfHcjGmXKt8XvSKmgNm%2BuNWv4ADFG9oljojCQLIJ6H3a4mO5X82oZEScL7Q8VDf%2BENJRPfzGjtA5ZICld10bFTM1EE8rvJx459aPkicABZEW77O2IaLrhzo5t9cAXgibH%2FLNNaRC%2B5JATGA9UJfatxzkdDGACreKTkMg71n4ZnH%2Ft6biwn3DifozmgpYF0zmjISbsctChPaVX2rWy8Xn2Te5TXnHrvRqijNK%2FRU%2BZ8iKvm6JuAoD7fzX%2FUSZqjvqFyHcW%2BonbUiBpJpsnZCmlxBnLDMV9y%2BCAuxEfQnfmnJRDmBGfA%3D%3D: HTTPSConnectionPool(host='storage.googleapis.com', port=443): Max retries exceeded with url: /wandb-production.appspot.com/heene/YOLOv5/3tcp0bt2/media/images/Labels_0_1.jpg?Expires=1645663005&GoogleAccessId=wandb-production%40appspot.gserviceaccount.com&Signature=Q2ib3RbtDSfPnh%2BlqrzeT%2BMWLRNVqMc2%2Bf52GfHcjGmXKt8XvSKmgNm%2BuNWv4ADFG9oljojCQLIJ6H3a4mO5X82oZEScL7Q8VDf%2BENJRPfzGjtA5ZICld10bFTM1EE8rvJx459aPkicABZEW77O2IaLrhzo5t9cAXgibH%2FLNNaRC%2B5JATGA9UJfatxzkdDGACreKTkMg71n4ZnH%2Ft6biwn3DifozmgpYF0zmjISbsctChPaVX2rWy8Xn2Te5TXnHrvRqijNK%2FRU%2BZ8iKvm6JuAoD7fzX%2FUSZqjvqFyHcW%2BonbUiBpJpsnZCmlxBnLDMV9y%2BCAuxEfQnfmnJRDmBGfA%3D%3D (Caused by SSLError(SSLEOFError(8, 'EOF occurred in violation of protocol (_ssl.c:1131)')))
2022-02-23 08:37:56,932 ERROR   Thread-17 :42224 [internal_api.py:upload_file():1576] upload_file request headers: {'User-Agent': 'python-requests/2.25.1', 'Accept-Encoding': 'gzip, deflate', 'Accept': '*/*', 'Connection': 'keep-alive', 'Content-Length': '299771'}
2022-02-23 08:37:56,932 ERROR   Thread-17 :42224 [internal_api.py:upload_file():1578] upload_file response body: 
2022-02-23 08:37:57,561 INFO    Thread-12 :42224 [dir_watcher.py:_on_file_modified():230] file/dir modified: E:\learn\github_project\yolov5-face\wandb\run-20220223_083603-3tcp0bt2\files\output.log
2022-02-23 08:37:59,566 INFO    Thread-12 :42224 [dir_watcher.py:_on_file_modified():230] file/dir modified: E:\learn\github_project\yolov5-face\wandb\run-20220223_083603-3tcp0bt2\files\output.log
2022-02-23 08:37:59,627 DEBUG   HandlerThread:42224 [handler.py:handle_request():130] handle_request: stop_status
2022-02-23 08:37:59,627 DEBUG   SenderThread:42224 [sender.py:send_request():248] send_request: stop_status
2022-02-23 08:38:00,467 ERROR   Thread-19 :42224 [internal_api.py:upload_file():1574] upload_file exception https://storage.googleapis.com/wandb-production.appspot.com/heene/YOLOv5/3tcp0bt2/media/images/Mosaics_1_1.jpg?Expires=1645663010&GoogleAccessId=wandb-production%40appspot.gserviceaccount.com&Signature=mrkH9wAH6RIV1ELzWJFKBNCPYUN%2F5w%2F5Tc6jChaGMn6KnCE6lQVcFiSVwegcSsI%2B4qnX0y1WCtGYFfuTkyoxgBWoKjvROLztVgTNenYlMAY3n0LJcciNiKr0etvikX3lACRu9JVOUGAmviQY7tEkBoYBh0MQZHagfbu7YOI9fScfFYbhnyYAXVVYLfWI7LSCT%2Bc5uoj4dX15TPd2C9%2BXVVtX1eeEjDGC7pkhTLR6Lb7MtCeToTYjISQLd54MwJVLGsdea%2BAlx9iN%2FkeVv%2BDI7SDnTkv7AU0pfU4wsSTS1IPbh7rtp3WxS%2BQXzrI1cHGkDiqsOqxBFint%2BGs0Kd7QgA%3D%3D: HTTPSConnectionPool(host='storage.googleapis.com', port=443): Max retries exceeded with url: /wandb-production.appspot.com/heene/YOLOv5/3tcp0bt2/media/images/Mosaics_1_1.jpg?Expires=1645663010&GoogleAccessId=wandb-production%40appspot.gserviceaccount.com&Signature=mrkH9wAH6RIV1ELzWJFKBNCPYUN%2F5w%2F5Tc6jChaGMn6KnCE6lQVcFiSVwegcSsI%2B4qnX0y1WCtGYFfuTkyoxgBWoKjvROLztVgTNenYlMAY3n0LJcciNiKr0etvikX3lACRu9JVOUGAmviQY7tEkBoYBh0MQZHagfbu7YOI9fScfFYbhnyYAXVVYLfWI7LSCT%2Bc5uoj4dX15TPd2C9%2BXVVtX1eeEjDGC7pkhTLR6Lb7MtCeToTYjISQLd54MwJVLGsdea%2BAlx9iN%2FkeVv%2BDI7SDnTkv7AU0pfU4wsSTS1IPbh7rtp3WxS%2BQXzrI1cHGkDiqsOqxBFint%2BGs0Kd7QgA%3D%3D (Caused by SSLError(SSLEOFError(8, 'EOF occurred in violation of protocol (_ssl.c:1131)')))
2022-02-23 08:38:00,467 ERROR   Thread-19 :42224 [internal_api.py:upload_file():1576] upload_file request headers: {'User-Agent': 'python-requests/2.25.1', 'Accept-Encoding': 'gzip, deflate', 'Accept': '*/*', 'Connection': 'keep-alive', 'Content-Length': '187954'}
2022-02-23 08:38:00,467 ERROR   Thread-19 :42224 [internal_api.py:upload_file():1578] upload_file response body: 
2022-02-23 08:38:00,602 ERROR   Thread-16 :42224 [internal_api.py:upload_file():1574] upload_file exception https://storage.googleapis.com/wandb-production.appspot.com/heene/YOLOv5/3tcp0bt2/media/images/Labels_0_0.jpg?Expires=1645663005&GoogleAccessId=wandb-production%40appspot.gserviceaccount.com&Signature=f3ECRNIRbab3KBbVLyRv3FqArRCcKLwU4H5JyoPjG8%2Bk6VdU1KRgOamoGvOxZd4YOMaOxoYb3y40%2B5qD2GQ%2BYeKKaTYK1DwV9YEO9JLx1zASy7JDSO86Hz2SHg9XGtM7ugti%2Bt7hX8qihaVuoUl1nUcsnNFybPged5wwVbIADU9uR2L46JcopeowKZrsC%2B0AEeVlWmkru%2FDruuRzSDI8Od96AaaOm9aQChSmhrETL2Sfr9ZenzLkaHMUOnzrvYUzMhPZb3JLFUgtmYIC2eSbUQAp3hTsr5GMjOfIANtIL%2F2L%2BDVIo4Hjie%2Bv3OwrqjGyjGsJLlfAXpX6cd38Rf3tFQ%3D%3D: HTTPSConnectionPool(host='storage.googleapis.com', port=443): Max retries exceeded with url: /wandb-production.appspot.com/heene/YOLOv5/3tcp0bt2/media/images/Labels_0_0.jpg?Expires=1645663005&GoogleAccessId=wandb-production%40appspot.gserviceaccount.com&Signature=f3ECRNIRbab3KBbVLyRv3FqArRCcKLwU4H5JyoPjG8%2Bk6VdU1KRgOamoGvOxZd4YOMaOxoYb3y40%2B5qD2GQ%2BYeKKaTYK1DwV9YEO9JLx1zASy7JDSO86Hz2SHg9XGtM7ugti%2Bt7hX8qihaVuoUl1nUcsnNFybPged5wwVbIADU9uR2L46JcopeowKZrsC%2B0AEeVlWmkru%2FDruuRzSDI8Od96AaaOm9aQChSmhrETL2Sfr9ZenzLkaHMUOnzrvYUzMhPZb3JLFUgtmYIC2eSbUQAp3hTsr5GMjOfIANtIL%2F2L%2BDVIo4Hjie%2Bv3OwrqjGyjGsJLlfAXpX6cd38Rf3tFQ%3D%3D (Caused by SSLError(SSLEOFError(8, 'EOF occurred in violation of protocol (_ssl.c:1131)')))
2022-02-23 08:38:00,602 ERROR   Thread-16 :42224 [internal_api.py:upload_file():1576] upload_file request headers: {'User-Agent': 'python-requests/2.25.1', 'Accept-Encoding': 'gzip, deflate', 'Accept': '*/*', 'Connection': 'keep-alive', 'Content-Length': '133922'}
2022-02-23 08:38:00,602 ERROR   Thread-16 :42224 [internal_api.py:upload_file():1578] upload_file response body: 
2022-02-23 08:38:01,571 INFO    Thread-12 :42224 [dir_watcher.py:_on_file_modified():230] file/dir modified: E:\learn\github_project\yolov5-face\wandb\run-20220223_083603-3tcp0bt2\files\output.log
2022-02-23 08:38:03,574 INFO    Thread-12 :42224 [dir_watcher.py:_on_file_modified():230] file/dir modified: E:\learn\github_project\yolov5-face\wandb\run-20220223_083603-3tcp0bt2\files\output.log
2022-02-23 08:38:03,594 ERROR   Thread-20 :42224 [internal_api.py:upload_file():1574] upload_file exception https://storage.googleapis.com/wandb-production.appspot.com/heene/YOLOv5/3tcp0bt2/media/images/Mosaics_1_2.jpg?Expires=1645663010&GoogleAccessId=wandb-production%40appspot.gserviceaccount.com&Signature=RW7phCeTe3rIrsi4wCDWxU0QJEc1WT2rxVuEXV4s5c37nuJUVd80DbD77DvP%2B3mh5G3hYRUsftOFyXM%2F1%2Be2DOF1Jo3Fp%2BsUGzkax%2BdQ%2BxGdUnIZWpD8r%2Fy325KGNBAx2umipkpyluQd6I4s%2FdoRyV4dflPXIyWMwaPQVa3R%2F37xrI7SbhscpLovoZJGMmAl%2F1cjOF3YzHNedc51GemEyowhjIYekABvgA40k4HyaZnksoUZ5tPLk00l1kW%2F991qUo6peLmLoT53b6bJnTWAWtraiLO5WPCU8cBe0EnEAVGSyB85XOwKuoHiWRkRY5LimPgwHIdPcnpwqTamuUu07A%3D%3D: HTTPSConnectionPool(host='storage.googleapis.com', port=443): Max retries exceeded with url: /wandb-production.appspot.com/heene/YOLOv5/3tcp0bt2/media/images/Mosaics_1_2.jpg?Expires=1645663010&GoogleAccessId=wandb-production%40appspot.gserviceaccount.com&Signature=RW7phCeTe3rIrsi4wCDWxU0QJEc1WT2rxVuEXV4s5c37nuJUVd80DbD77DvP%2B3mh5G3hYRUsftOFyXM%2F1%2Be2DOF1Jo3Fp%2BsUGzkax%2BdQ%2BxGdUnIZWpD8r%2Fy325KGNBAx2umipkpyluQd6I4s%2FdoRyV4dflPXIyWMwaPQVa3R%2F37xrI7SbhscpLovoZJGMmAl%2F1cjOF3YzHNedc51GemEyowhjIYekABvgA40k4HyaZnksoUZ5tPLk00l1kW%2F991qUo6peLmLoT53b6bJnTWAWtraiLO5WPCU8cBe0EnEAVGSyB85XOwKuoHiWRkRY5LimPgwHIdPcnpwqTamuUu07A%3D%3D (Caused by SSLError(SSLEOFError(8, 'EOF occurred in violation of protocol (_ssl.c:1131)')))
2022-02-23 08:38:03,594 ERROR   Thread-20 :42224 [internal_api.py:upload_file():1576] upload_file request headers: {'User-Agent': 'python-requests/2.25.1', 'Accept-Encoding': 'gzip, deflate', 'Accept': '*/*', 'Connection': 'keep-alive', 'Content-Length': '151235'}
2022-02-23 08:38:03,594 ERROR   Thread-20 :42224 [internal_api.py:upload_file():1578] upload_file response body: 
2022-02-23 08:38:05,120 ERROR   Thread-18 :42224 [internal_api.py:upload_file():1574] upload_file exception https://storage.googleapis.com/wandb-production.appspot.com/heene/YOLOv5/3tcp0bt2/media/images/Mosaics_1_0.jpg?Expires=1645663010&GoogleAccessId=wandb-production%40appspot.gserviceaccount.com&Signature=F4MQD4erSd98RDUwxCIOJJ%2Fqe8iL%2FFTTmgotx669Qr6m%2Bx5QiGgqDoY905a6HsQMWhOQh%2FXShACI3xdJdZehdhoWUkUz64OvZlu7J%2BSd7sCA5c6HCdhDM5h31vl%2BH1wexl5Jr%2BTraY%2BtR7edQEhTE3W24KK7ZjNN9T3%2BWuwx4O%2FqW3bfV9gjgsyCS0soKlTPBSK8WYI33mLDoiC04j1ZaLVVZFyoOEaW%2B9qFW7w7kkbJOFFj1xnComjy1UuC5ZmBJjNKbcIbaSkTkOy5MOkFHG2eYvY3j3glv3k7WvLG4sbBa0FHMxFs2EFQASI3RWnreFZfSvyWK8fMfqraWoMrZw%3D%3D: HTTPSConnectionPool(host='storage.googleapis.com', port=443): Max retries exceeded with url: /wandb-production.appspot.com/heene/YOLOv5/3tcp0bt2/media/images/Mosaics_1_0.jpg?Expires=1645663010&GoogleAccessId=wandb-production%40appspot.gserviceaccount.com&Signature=F4MQD4erSd98RDUwxCIOJJ%2Fqe8iL%2FFTTmgotx669Qr6m%2Bx5QiGgqDoY905a6HsQMWhOQh%2FXShACI3xdJdZehdhoWUkUz64OvZlu7J%2BSd7sCA5c6HCdhDM5h31vl%2BH1wexl5Jr%2BTraY%2BtR7edQEhTE3W24KK7ZjNN9T3%2BWuwx4O%2FqW3bfV9gjgsyCS0soKlTPBSK8WYI33mLDoiC04j1ZaLVVZFyoOEaW%2B9qFW7w7kkbJOFFj1xnComjy1UuC5ZmBJjNKbcIbaSkTkOy5MOkFHG2eYvY3j3glv3k7WvLG4sbBa0FHMxFs2EFQASI3RWnreFZfSvyWK8fMfqraWoMrZw%3D%3D (Caused by SSLError(SSLEOFError(8, 'EOF occurred in violation of protocol (_ssl.c:1131)')))
2022-02-23 08:38:05,120 ERROR   Thread-18 :42224 [internal_api.py:upload_file():1576] upload_file request headers: {'User-Agent': 'python-requests/2.25.1', 'Accept-Encoding': 'gzip, deflate', 'Accept': '*/*', 'Connection': 'keep-alive', 'Content-Length': '160055'}
2022-02-23 08:38:05,120 ERROR   Thread-18 :42224 [internal_api.py:upload_file():1578] upload_file response body: 
2022-02-23 08:38:05,578 INFO    Thread-12 :42224 [dir_watcher.py:_on_file_modified():230] file/dir modified: E:\learn\github_project\yolov5-face\wandb\run-20220223_083603-3tcp0bt2\files\output.log
2022-02-23 08:38:07,583 INFO    Thread-12 :42224 [dir_watcher.py:_on_file_modified():230] file/dir modified: E:\learn\github_project\yolov5-face\wandb\run-20220223_083603-3tcp0bt2\files\output.log
2022-02-23 08:38:09,588 INFO    Thread-12 :42224 [dir_watcher.py:_on_file_modified():230] file/dir modified: E:\learn\github_project\yolov5-face\wandb\run-20220223_083603-3tcp0bt2\files\output.log
2022-02-23 08:38:10,529 DEBUG   SenderThread:42224 [sender.py:send():234] send: stats
2022-02-23 08:38:11,592 INFO    Thread-12 :42224 [dir_watcher.py:_on_file_modified():230] file/dir modified: E:\learn\github_project\yolov5-face\wandb\run-20220223_083603-3tcp0bt2\files\output.log
2022-02-23 08:38:13,623 INFO    Thread-12 :42224 [dir_watcher.py:_on_file_modified():230] file/dir modified: E:\learn\github_project\yolov5-face\wandb\run-20220223_083603-3tcp0bt2\files\output.log
2022-02-23 08:38:14,998 DEBUG   HandlerThread:42224 [handler.py:handle_request():130] handle_request: stop_status
2022-02-23 08:38:14,998 DEBUG   SenderThread:42224 [sender.py:send_request():248] send_request: stop_status
2022-02-23 08:38:15,628 INFO    Thread-12 :42224 [dir_watcher.py:_on_file_modified():230] file/dir modified: E:\learn\github_project\yolov5-face\wandb\run-20220223_083603-3tcp0bt2\files\output.log
2022-02-23 08:38:17,631 INFO    Thread-12 :42224 [dir_watcher.py:_on_file_modified():230] file/dir modified: E:\learn\github_project\yolov5-face\wandb\run-20220223_083603-3tcp0bt2\files\output.log
2022-02-23 08:38:19,635 INFO    Thread-12 :42224 [dir_watcher.py:_on_file_modified():230] file/dir modified: E:\learn\github_project\yolov5-face\wandb\run-20220223_083603-3tcp0bt2\files\output.log
2022-02-23 08:38:21,638 INFO    Thread-12 :42224 [dir_watcher.py:_on_file_modified():230] file/dir modified: E:\learn\github_project\yolov5-face\wandb\run-20220223_083603-3tcp0bt2\files\output.log
2022-02-23 08:38:23,642 INFO    Thread-12 :42224 [dir_watcher.py:_on_file_modified():230] file/dir modified: E:\learn\github_project\yolov5-face\wandb\run-20220223_083603-3tcp0bt2\files\output.log
2022-02-23 08:38:25,645 INFO    Thread-12 :42224 [dir_watcher.py:_on_file_modified():230] file/dir modified: E:\learn\github_project\yolov5-face\wandb\run-20220223_083603-3tcp0bt2\files\output.log
2022-02-23 08:38:27,648 INFO    Thread-12 :42224 [dir_watcher.py:_on_file_modified():230] file/dir modified: E:\learn\github_project\yolov5-face\wandb\run-20220223_083603-3tcp0bt2\files\output.log
2022-02-23 08:38:29,654 INFO    Thread-12 :42224 [dir_watcher.py:_on_file_modified():230] file/dir modified: E:\learn\github_project\yolov5-face\wandb\run-20220223_083603-3tcp0bt2\files\output.log
2022-02-23 08:38:30,364 DEBUG   HandlerThread:42224 [handler.py:handle_request():130] handle_request: stop_status
2022-02-23 08:38:30,364 DEBUG   SenderThread:42224 [sender.py:send_request():248] send_request: stop_status
2022-02-23 08:38:31,182 ERROR   Thread-15 :42224 [internal_api.py:upload_file():1574] upload_file exception https://storage.googleapis.com/wandb-production.appspot.com/heene/YOLOv5/3tcp0bt2/wandb-metadata.json?Expires=1645662972&GoogleAccessId=wandb-production%40appspot.gserviceaccount.com&Signature=XeA%2BgqLQoeuBj0QwjFsj0mcGAiR38uHJL1E2xO34KbBGBKwfDmoRUj8u%2Bst0V%2Fvk6tFh75KKZx6WFiI8j%2FDhMnfMLxxBhZa6MpMdeXyRljP%2FJUPKJ9xKtgenYXyG19ZkCOHhhg%2F2tRPXSgYjsRrGCXvCOsxyEiJJR7frtSLWT2UKCppdImKJVmPDKzPhageOTfdL0iPLCSAc32c6%2BwYQRNIl%2BfAml4HpG0hULo0noKrCTGGjqMxZ9JMmx3zZfojNCoAHzNCObIWqkDiHkCoIE0hxdpmWP7asD4A1DjXGuxMeSk%2BkmQ44m06ah8EjjJeuZEbgOPo%2BvbRm4zM%2FE9ll4g%3D%3D: HTTPSConnectionPool(host='storage.googleapis.com', port=443): Max retries exceeded with url: /wandb-production.appspot.com/heene/YOLOv5/3tcp0bt2/wandb-metadata.json?Expires=1645662972&GoogleAccessId=wandb-production%40appspot.gserviceaccount.com&Signature=XeA%2BgqLQoeuBj0QwjFsj0mcGAiR38uHJL1E2xO34KbBGBKwfDmoRUj8u%2Bst0V%2Fvk6tFh75KKZx6WFiI8j%2FDhMnfMLxxBhZa6MpMdeXyRljP%2FJUPKJ9xKtgenYXyG19ZkCOHhhg%2F2tRPXSgYjsRrGCXvCOsxyEiJJR7frtSLWT2UKCppdImKJVmPDKzPhageOTfdL0iPLCSAc32c6%2BwYQRNIl%2BfAml4HpG0hULo0noKrCTGGjqMxZ9JMmx3zZfojNCoAHzNCObIWqkDiHkCoIE0hxdpmWP7asD4A1DjXGuxMeSk%2BkmQ44m06ah8EjjJeuZEbgOPo%2BvbRm4zM%2FE9ll4g%3D%3D (Caused by SSLError(SSLEOFError(8, 'EOF occurred in violation of protocol (_ssl.c:1131)')))
2022-02-23 08:38:31,183 ERROR   Thread-15 :42224 [internal_api.py:upload_file():1576] upload_file request headers: {'User-Agent': 'python-requests/2.25.1', 'Accept-Encoding': 'gzip, deflate', 'Accept': '*/*', 'Connection': 'keep-alive', 'Content-Length': '759'}
2022-02-23 08:38:31,183 ERROR   Thread-15 :42224 [internal_api.py:upload_file():1578] upload_file response body: 
2022-02-23 08:38:31,662 INFO    Thread-12 :42224 [dir_watcher.py:_on_file_modified():230] file/dir modified: E:\learn\github_project\yolov5-face\wandb\run-20220223_083603-3tcp0bt2\files\output.log
2022-02-23 08:38:33,667 INFO    Thread-12 :42224 [dir_watcher.py:_on_file_modified():230] file/dir modified: E:\learn\github_project\yolov5-face\wandb\run-20220223_083603-3tcp0bt2\files\output.log
2022-02-23 08:38:35,672 INFO    Thread-12 :42224 [dir_watcher.py:_on_file_modified():230] file/dir modified: E:\learn\github_project\yolov5-face\wandb\run-20220223_083603-3tcp0bt2\files\output.log
2022-02-23 08:38:37,735 INFO    Thread-12 :42224 [dir_watcher.py:_on_file_modified():230] file/dir modified: E:\learn\github_project\yolov5-face\wandb\run-20220223_083603-3tcp0bt2\files\output.log
2022-02-23 08:38:39,741 INFO    Thread-12 :42224 [dir_watcher.py:_on_file_modified():230] file/dir modified: E:\learn\github_project\yolov5-face\wandb\run-20220223_083603-3tcp0bt2\files\output.log
2022-02-23 08:38:41,748 INFO    Thread-12 :42224 [dir_watcher.py:_on_file_modified():230] file/dir modified: E:\learn\github_project\yolov5-face\wandb\run-20220223_083603-3tcp0bt2\files\output.log
2022-02-23 08:38:42,037 DEBUG   SenderThread:42224 [sender.py:send():234] send: stats
2022-02-23 08:38:43,752 INFO    Thread-12 :42224 [dir_watcher.py:_on_file_modified():230] file/dir modified: E:\learn\github_project\yolov5-face\wandb\run-20220223_083603-3tcp0bt2\files\output.log
2022-02-23 08:38:45,742 DEBUG   HandlerThread:42224 [handler.py:handle_request():130] handle_request: stop_status
2022-02-23 08:38:45,742 DEBUG   SenderThread:42224 [sender.py:send_request():248] send_request: stop_status
2022-02-23 08:38:45,755 INFO    Thread-12 :42224 [dir_watcher.py:_on_file_modified():230] file/dir modified: E:\learn\github_project\yolov5-face\wandb\run-20220223_083603-3tcp0bt2\files\output.log
2022-02-23 08:38:47,760 INFO    Thread-12 :42224 [dir_watcher.py:_on_file_modified():230] file/dir modified: E:\learn\github_project\yolov5-face\wandb\run-20220223_083603-3tcp0bt2\files\output.log
2022-02-23 08:38:49,765 INFO    Thread-12 :42224 [dir_watcher.py:_on_file_modified():230] file/dir modified: E:\learn\github_project\yolov5-face\wandb\run-20220223_083603-3tcp0bt2\files\output.log
2022-02-23 08:38:51,771 INFO    Thread-12 :42224 [dir_watcher.py:_on_file_modified():230] file/dir modified: E:\learn\github_project\yolov5-face\wandb\run-20220223_083603-3tcp0bt2\files\output.log
2022-02-23 08:38:53,784 INFO    Thread-12 :42224 [dir_watcher.py:_on_file_modified():230] file/dir modified: E:\learn\github_project\yolov5-face\wandb\run-20220223_083603-3tcp0bt2\files\output.log
2022-02-23 08:38:55,794 INFO    Thread-12 :42224 [dir_watcher.py:_on_file_modified():230] file/dir modified: E:\learn\github_project\yolov5-face\wandb\run-20220223_083603-3tcp0bt2\files\output.log
2022-02-23 08:38:57,815 INFO    Thread-12 :42224 [dir_watcher.py:_on_file_modified():230] file/dir modified: E:\learn\github_project\yolov5-face\wandb\run-20220223_083603-3tcp0bt2\files\output.log
2022-02-23 08:38:59,817 INFO    Thread-12 :42224 [dir_watcher.py:_on_file_modified():230] file/dir modified: E:\learn\github_project\yolov5-face\wandb\run-20220223_083603-3tcp0bt2\files\output.log
2022-02-23 08:39:01,099 DEBUG   HandlerThread:42224 [handler.py:handle_request():130] handle_request: stop_status
2022-02-23 08:39:01,100 DEBUG   SenderThread:42224 [sender.py:send_request():248] send_request: stop_status
2022-02-23 08:39:01,823 INFO    Thread-12 :42224 [dir_watcher.py:_on_file_modified():230] file/dir modified: E:\learn\github_project\yolov5-face\wandb\run-20220223_083603-3tcp0bt2\files\output.log
2022-02-23 08:39:03,827 INFO    Thread-12 :42224 [dir_watcher.py:_on_file_modified():230] file/dir modified: E:\learn\github_project\yolov5-face\wandb\run-20220223_083603-3tcp0bt2\files\output.log
2022-02-23 08:39:05,832 INFO    Thread-12 :42224 [dir_watcher.py:_on_file_modified():230] file/dir modified: E:\learn\github_project\yolov5-face\wandb\run-20220223_083603-3tcp0bt2\files\output.log
2022-02-23 08:39:07,164 ERROR   Thread-16 :42224 [internal_api.py:upload_file():1574] upload_file exception https://storage.googleapis.com/wandb-production.appspot.com/heene/YOLOv5/3tcp0bt2/media/images/Labels_0_0.jpg?Expires=1645663005&GoogleAccessId=wandb-production%40appspot.gserviceaccount.com&Signature=f3ECRNIRbab3KBbVLyRv3FqArRCcKLwU4H5JyoPjG8%2Bk6VdU1KRgOamoGvOxZd4YOMaOxoYb3y40%2B5qD2GQ%2BYeKKaTYK1DwV9YEO9JLx1zASy7JDSO86Hz2SHg9XGtM7ugti%2Bt7hX8qihaVuoUl1nUcsnNFybPged5wwVbIADU9uR2L46JcopeowKZrsC%2B0AEeVlWmkru%2FDruuRzSDI8Od96AaaOm9aQChSmhrETL2Sfr9ZenzLkaHMUOnzrvYUzMhPZb3JLFUgtmYIC2eSbUQAp3hTsr5GMjOfIANtIL%2F2L%2BDVIo4Hjie%2Bv3OwrqjGyjGsJLlfAXpX6cd38Rf3tFQ%3D%3D: HTTPSConnectionPool(host='storage.googleapis.com', port=443): Max retries exceeded with url: /wandb-production.appspot.com/heene/YOLOv5/3tcp0bt2/media/images/Labels_0_0.jpg?Expires=1645663005&GoogleAccessId=wandb-production%40appspot.gserviceaccount.com&Signature=f3ECRNIRbab3KBbVLyRv3FqArRCcKLwU4H5JyoPjG8%2Bk6VdU1KRgOamoGvOxZd4YOMaOxoYb3y40%2B5qD2GQ%2BYeKKaTYK1DwV9YEO9JLx1zASy7JDSO86Hz2SHg9XGtM7ugti%2Bt7hX8qihaVuoUl1nUcsnNFybPged5wwVbIADU9uR2L46JcopeowKZrsC%2B0AEeVlWmkru%2FDruuRzSDI8Od96AaaOm9aQChSmhrETL2Sfr9ZenzLkaHMUOnzrvYUzMhPZb3JLFUgtmYIC2eSbUQAp3hTsr5GMjOfIANtIL%2F2L%2BDVIo4Hjie%2Bv3OwrqjGyjGsJLlfAXpX6cd38Rf3tFQ%3D%3D (Caused by SSLError(SSLEOFError(8, 'EOF occurred in violation of protocol (_ssl.c:1131)')))
2022-02-23 08:39:07,164 ERROR   Thread-16 :42224 [internal_api.py:upload_file():1576] upload_file request headers: {'User-Agent': 'python-requests/2.25.1', 'Accept-Encoding': 'gzip, deflate', 'Accept': '*/*', 'Connection': 'keep-alive', 'Content-Length': '133922'}
2022-02-23 08:39:07,164 ERROR   Thread-16 :42224 [internal_api.py:upload_file():1578] upload_file response body: 
2022-02-23 08:39:07,837 INFO    Thread-12 :42224 [dir_watcher.py:_on_file_modified():230] file/dir modified: E:\learn\github_project\yolov5-face\wandb\run-20220223_083603-3tcp0bt2\files\output.log
2022-02-23 08:39:08,675 ERROR   Thread-19 :42224 [internal_api.py:upload_file():1574] upload_file exception https://storage.googleapis.com/wandb-production.appspot.com/heene/YOLOv5/3tcp0bt2/media/images/Mosaics_1_1.jpg?Expires=1645663010&GoogleAccessId=wandb-production%40appspot.gserviceaccount.com&Signature=mrkH9wAH6RIV1ELzWJFKBNCPYUN%2F5w%2F5Tc6jChaGMn6KnCE6lQVcFiSVwegcSsI%2B4qnX0y1WCtGYFfuTkyoxgBWoKjvROLztVgTNenYlMAY3n0LJcciNiKr0etvikX3lACRu9JVOUGAmviQY7tEkBoYBh0MQZHagfbu7YOI9fScfFYbhnyYAXVVYLfWI7LSCT%2Bc5uoj4dX15TPd2C9%2BXVVtX1eeEjDGC7pkhTLR6Lb7MtCeToTYjISQLd54MwJVLGsdea%2BAlx9iN%2FkeVv%2BDI7SDnTkv7AU0pfU4wsSTS1IPbh7rtp3WxS%2BQXzrI1cHGkDiqsOqxBFint%2BGs0Kd7QgA%3D%3D: HTTPSConnectionPool(host='storage.googleapis.com', port=443): Max retries exceeded with url: /wandb-production.appspot.com/heene/YOLOv5/3tcp0bt2/media/images/Mosaics_1_1.jpg?Expires=1645663010&GoogleAccessId=wandb-production%40appspot.gserviceaccount.com&Signature=mrkH9wAH6RIV1ELzWJFKBNCPYUN%2F5w%2F5Tc6jChaGMn6KnCE6lQVcFiSVwegcSsI%2B4qnX0y1WCtGYFfuTkyoxgBWoKjvROLztVgTNenYlMAY3n0LJcciNiKr0etvikX3lACRu9JVOUGAmviQY7tEkBoYBh0MQZHagfbu7YOI9fScfFYbhnyYAXVVYLfWI7LSCT%2Bc5uoj4dX15TPd2C9%2BXVVtX1eeEjDGC7pkhTLR6Lb7MtCeToTYjISQLd54MwJVLGsdea%2BAlx9iN%2FkeVv%2BDI7SDnTkv7AU0pfU4wsSTS1IPbh7rtp3WxS%2BQXzrI1cHGkDiqsOqxBFint%2BGs0Kd7QgA%3D%3D (Caused by SSLError(SSLEOFError(8, 'EOF occurred in violation of protocol (_ssl.c:1131)')))
2022-02-23 08:39:08,675 ERROR   Thread-19 :42224 [internal_api.py:upload_file():1576] upload_file request headers: {'User-Agent': 'python-requests/2.25.1', 'Accept-Encoding': 'gzip, deflate', 'Accept': '*/*', 'Connection': 'keep-alive', 'Content-Length': '187954'}
2022-02-23 08:39:08,675 ERROR   Thread-19 :42224 [internal_api.py:upload_file():1578] upload_file response body: 
2022-02-23 08:39:09,841 INFO    Thread-12 :42224 [dir_watcher.py:_on_file_modified():230] file/dir modified: E:\learn\github_project\yolov5-face\wandb\run-20220223_083603-3tcp0bt2\files\output.log
2022-02-23 08:39:11,867 INFO    Thread-12 :42224 [dir_watcher.py:_on_file_modified():230] file/dir modified: E:\learn\github_project\yolov5-face\wandb\run-20220223_083603-3tcp0bt2\files\output.log
2022-02-23 08:39:12,680 ERROR   Thread-20 :42224 [internal_api.py:upload_file():1574] upload_file exception https://storage.googleapis.com/wandb-production.appspot.com/heene/YOLOv5/3tcp0bt2/media/images/Mosaics_1_2.jpg?Expires=1645663010&GoogleAccessId=wandb-production%40appspot.gserviceaccount.com&Signature=RW7phCeTe3rIrsi4wCDWxU0QJEc1WT2rxVuEXV4s5c37nuJUVd80DbD77DvP%2B3mh5G3hYRUsftOFyXM%2F1%2Be2DOF1Jo3Fp%2BsUGzkax%2BdQ%2BxGdUnIZWpD8r%2Fy325KGNBAx2umipkpyluQd6I4s%2FdoRyV4dflPXIyWMwaPQVa3R%2F37xrI7SbhscpLovoZJGMmAl%2F1cjOF3YzHNedc51GemEyowhjIYekABvgA40k4HyaZnksoUZ5tPLk00l1kW%2F991qUo6peLmLoT53b6bJnTWAWtraiLO5WPCU8cBe0EnEAVGSyB85XOwKuoHiWRkRY5LimPgwHIdPcnpwqTamuUu07A%3D%3D: HTTPSConnectionPool(host='storage.googleapis.com', port=443): Max retries exceeded with url: /wandb-production.appspot.com/heene/YOLOv5/3tcp0bt2/media/images/Mosaics_1_2.jpg?Expires=1645663010&GoogleAccessId=wandb-production%40appspot.gserviceaccount.com&Signature=RW7phCeTe3rIrsi4wCDWxU0QJEc1WT2rxVuEXV4s5c37nuJUVd80DbD77DvP%2B3mh5G3hYRUsftOFyXM%2F1%2Be2DOF1Jo3Fp%2BsUGzkax%2BdQ%2BxGdUnIZWpD8r%2Fy325KGNBAx2umipkpyluQd6I4s%2FdoRyV4dflPXIyWMwaPQVa3R%2F37xrI7SbhscpLovoZJGMmAl%2F1cjOF3YzHNedc51GemEyowhjIYekABvgA40k4HyaZnksoUZ5tPLk00l1kW%2F991qUo6peLmLoT53b6bJnTWAWtraiLO5WPCU8cBe0EnEAVGSyB85XOwKuoHiWRkRY5LimPgwHIdPcnpwqTamuUu07A%3D%3D (Caused by SSLError(SSLEOFError(8, 'EOF occurred in violation of protocol (_ssl.c:1131)')))
2022-02-23 08:39:12,681 ERROR   Thread-20 :42224 [internal_api.py:upload_file():1576] upload_file request headers: {'User-Agent': 'python-requests/2.25.1', 'Accept-Encoding': 'gzip, deflate', 'Accept': '*/*', 'Connection': 'keep-alive', 'Content-Length': '151235'}
2022-02-23 08:39:12,681 ERROR   Thread-20 :42224 [internal_api.py:upload_file():1578] upload_file response body: 
2022-02-23 08:39:13,788 DEBUG   SenderThread:42224 [sender.py:send():234] send: stats
2022-02-23 08:39:13,853 INFO    Thread-12 :42224 [dir_watcher.py:_on_file_modified():230] file/dir modified: E:\learn\github_project\yolov5-face\wandb\run-20220223_083603-3tcp0bt2\files\output.log
2022-02-23 08:39:15,332 ERROR   Thread-17 :42224 [internal_api.py:upload_file():1574] upload_file exception https://storage.googleapis.com/wandb-production.appspot.com/heene/YOLOv5/3tcp0bt2/media/images/Labels_0_1.jpg?Expires=1645663005&GoogleAccessId=wandb-production%40appspot.gserviceaccount.com&Signature=Q2ib3RbtDSfPnh%2BlqrzeT%2BMWLRNVqMc2%2Bf52GfHcjGmXKt8XvSKmgNm%2BuNWv4ADFG9oljojCQLIJ6H3a4mO5X82oZEScL7Q8VDf%2BENJRPfzGjtA5ZICld10bFTM1EE8rvJx459aPkicABZEW77O2IaLrhzo5t9cAXgibH%2FLNNaRC%2B5JATGA9UJfatxzkdDGACreKTkMg71n4ZnH%2Ft6biwn3DifozmgpYF0zmjISbsctChPaVX2rWy8Xn2Te5TXnHrvRqijNK%2FRU%2BZ8iKvm6JuAoD7fzX%2FUSZqjvqFyHcW%2BonbUiBpJpsnZCmlxBnLDMV9y%2BCAuxEfQnfmnJRDmBGfA%3D%3D: HTTPSConnectionPool(host='storage.googleapis.com', port=443): Max retries exceeded with url: /wandb-production.appspot.com/heene/YOLOv5/3tcp0bt2/media/images/Labels_0_1.jpg?Expires=1645663005&GoogleAccessId=wandb-production%40appspot.gserviceaccount.com&Signature=Q2ib3RbtDSfPnh%2BlqrzeT%2BMWLRNVqMc2%2Bf52GfHcjGmXKt8XvSKmgNm%2BuNWv4ADFG9oljojCQLIJ6H3a4mO5X82oZEScL7Q8VDf%2BENJRPfzGjtA5ZICld10bFTM1EE8rvJx459aPkicABZEW77O2IaLrhzo5t9cAXgibH%2FLNNaRC%2B5JATGA9UJfatxzkdDGACreKTkMg71n4ZnH%2Ft6biwn3DifozmgpYF0zmjISbsctChPaVX2rWy8Xn2Te5TXnHrvRqijNK%2FRU%2BZ8iKvm6JuAoD7fzX%2FUSZqjvqFyHcW%2BonbUiBpJpsnZCmlxBnLDMV9y%2BCAuxEfQnfmnJRDmBGfA%3D%3D (Caused by SSLError(SSLEOFError(8, 'EOF occurred in violation of protocol (_ssl.c:1131)')))
2022-02-23 08:39:15,333 ERROR   Thread-17 :42224 [internal_api.py:upload_file():1576] upload_file request headers: {'User-Agent': 'python-requests/2.25.1', 'Accept-Encoding': 'gzip, deflate', 'Accept': '*/*', 'Connection': 'keep-alive', 'Content-Length': '299771'}
2022-02-23 08:39:15,333 ERROR   Thread-17 :42224 [internal_api.py:upload_file():1578] upload_file response body: 
2022-02-23 08:39:15,881 INFO    Thread-12 :42224 [dir_watcher.py:_on_file_modified():230] file/dir modified: E:\learn\github_project\yolov5-face\wandb\run-20220223_083603-3tcp0bt2\files\output.log
2022-02-23 08:39:16,457 DEBUG   HandlerThread:42224 [handler.py:handle_request():130] handle_request: stop_status
2022-02-23 08:39:16,458 DEBUG   SenderThread:42224 [sender.py:send_request():248] send_request: stop_status
2022-02-23 08:39:17,884 INFO    Thread-12 :42224 [dir_watcher.py:_on_file_modified():230] file/dir modified: E:\learn\github_project\yolov5-face\wandb\run-20220223_083603-3tcp0bt2\files\output.log
2022-02-23 08:39:17,998 ERROR   Thread-18 :42224 [internal_api.py:upload_file():1574] upload_file exception https://storage.googleapis.com/wandb-production.appspot.com/heene/YOLOv5/3tcp0bt2/media/images/Mosaics_1_0.jpg?Expires=1645663010&GoogleAccessId=wandb-production%40appspot.gserviceaccount.com&Signature=F4MQD4erSd98RDUwxCIOJJ%2Fqe8iL%2FFTTmgotx669Qr6m%2Bx5QiGgqDoY905a6HsQMWhOQh%2FXShACI3xdJdZehdhoWUkUz64OvZlu7J%2BSd7sCA5c6HCdhDM5h31vl%2BH1wexl5Jr%2BTraY%2BtR7edQEhTE3W24KK7ZjNN9T3%2BWuwx4O%2FqW3bfV9gjgsyCS0soKlTPBSK8WYI33mLDoiC04j1ZaLVVZFyoOEaW%2B9qFW7w7kkbJOFFj1xnComjy1UuC5ZmBJjNKbcIbaSkTkOy5MOkFHG2eYvY3j3glv3k7WvLG4sbBa0FHMxFs2EFQASI3RWnreFZfSvyWK8fMfqraWoMrZw%3D%3D: HTTPSConnectionPool(host='storage.googleapis.com', port=443): Max retries exceeded with url: /wandb-production.appspot.com/heene/YOLOv5/3tcp0bt2/media/images/Mosaics_1_0.jpg?Expires=1645663010&GoogleAccessId=wandb-production%40appspot.gserviceaccount.com&Signature=F4MQD4erSd98RDUwxCIOJJ%2Fqe8iL%2FFTTmgotx669Qr6m%2Bx5QiGgqDoY905a6HsQMWhOQh%2FXShACI3xdJdZehdhoWUkUz64OvZlu7J%2BSd7sCA5c6HCdhDM5h31vl%2BH1wexl5Jr%2BTraY%2BtR7edQEhTE3W24KK7ZjNN9T3%2BWuwx4O%2FqW3bfV9gjgsyCS0soKlTPBSK8WYI33mLDoiC04j1ZaLVVZFyoOEaW%2B9qFW7w7kkbJOFFj1xnComjy1UuC5ZmBJjNKbcIbaSkTkOy5MOkFHG2eYvY3j3glv3k7WvLG4sbBa0FHMxFs2EFQASI3RWnreFZfSvyWK8fMfqraWoMrZw%3D%3D (Caused by SSLError(SSLEOFError(8, 'EOF occurred in violation of protocol (_ssl.c:1131)')))
2022-02-23 08:39:17,998 ERROR   Thread-18 :42224 [internal_api.py:upload_file():1576] upload_file request headers: {'User-Agent': 'python-requests/2.25.1', 'Accept-Encoding': 'gzip, deflate', 'Accept': '*/*', 'Connection': 'keep-alive', 'Content-Length': '160055'}
2022-02-23 08:39:17,998 ERROR   Thread-18 :42224 [internal_api.py:upload_file():1578] upload_file response body: 
2022-02-23 08:39:19,889 INFO    Thread-12 :42224 [dir_watcher.py:_on_file_modified():230] file/dir modified: E:\learn\github_project\yolov5-face\wandb\run-20220223_083603-3tcp0bt2\files\output.log
2022-02-23 08:39:21,894 INFO    Thread-12 :42224 [dir_watcher.py:_on_file_modified():230] file/dir modified: E:\learn\github_project\yolov5-face\wandb\run-20220223_083603-3tcp0bt2\files\output.log
2022-02-23 08:39:23,900 INFO    Thread-12 :42224 [dir_watcher.py:_on_file_modified():230] file/dir modified: E:\learn\github_project\yolov5-face\wandb\run-20220223_083603-3tcp0bt2\files\output.log
2022-02-23 08:39:26,331 INFO    Thread-12 :42224 [dir_watcher.py:_on_file_modified():230] file/dir modified: E:\learn\github_project\yolov5-face\wandb\run-20220223_083603-3tcp0bt2\files\output.log
2022-02-23 08:39:28,338 INFO    Thread-12 :42224 [dir_watcher.py:_on_file_modified():230] file/dir modified: E:\learn\github_project\yolov5-face\wandb\run-20220223_083603-3tcp0bt2\files\output.log
2022-02-23 08:39:30,345 INFO    Thread-12 :42224 [dir_watcher.py:_on_file_modified():230] file/dir modified: E:\learn\github_project\yolov5-face\wandb\run-20220223_083603-3tcp0bt2\files\output.log
2022-02-23 08:39:31,858 DEBUG   HandlerThread:42224 [handler.py:handle_request():130] handle_request: stop_status
2022-02-23 08:39:31,866 DEBUG   SenderThread:42224 [sender.py:send_request():248] send_request: stop_status
2022-02-23 08:39:32,356 INFO    Thread-12 :42224 [dir_watcher.py:_on_file_modified():230] file/dir modified: E:\learn\github_project\yolov5-face\wandb\run-20220223_083603-3tcp0bt2\files\output.log
2022-02-23 08:39:34,367 INFO    Thread-12 :42224 [dir_watcher.py:_on_file_modified():230] file/dir modified: E:\learn\github_project\yolov5-face\wandb\run-20220223_083603-3tcp0bt2\files\output.log
2022-02-23 08:39:36,611 INFO    Thread-12 :42224 [dir_watcher.py:_on_file_modified():230] file/dir modified: E:\learn\github_project\yolov5-face\wandb\run-20220223_083603-3tcp0bt2\files\output.log
2022-02-23 08:39:38,572 INFO    Thread-12 :42224 [dir_watcher.py:_on_file_modified():230] file/dir modified: E:\learn\github_project\yolov5-face\wandb\run-20220223_083603-3tcp0bt2\files\output.log
2022-02-23 08:39:40,578 INFO    Thread-12 :42224 [dir_watcher.py:_on_file_modified():230] file/dir modified: E:\learn\github_project\yolov5-face\wandb\run-20220223_083603-3tcp0bt2\files\output.log
2022-02-23 08:39:42,581 INFO    Thread-12 :42224 [dir_watcher.py:_on_file_modified():230] file/dir modified: E:\learn\github_project\yolov5-face\wandb\run-20220223_083603-3tcp0bt2\files\output.log
2022-02-23 08:39:44,591 INFO    Thread-12 :42224 [dir_watcher.py:_on_file_modified():230] file/dir modified: E:\learn\github_project\yolov5-face\wandb\run-20220223_083603-3tcp0bt2\files\output.log
2022-02-23 08:39:46,617 INFO    Thread-12 :42224 [dir_watcher.py:_on_file_modified():230] file/dir modified: E:\learn\github_project\yolov5-face\wandb\run-20220223_083603-3tcp0bt2\files\output.log
2022-02-23 08:39:47,348 DEBUG   HandlerThread:42224 [handler.py:handle_request():130] handle_request: stop_status
2022-02-23 08:39:47,348 DEBUG   SenderThread:42224 [sender.py:send_request():248] send_request: stop_status
2022-02-23 08:39:47,815 DEBUG   SenderThread:42224 [sender.py:send():234] send: stats
2022-02-23 08:39:48,624 INFO    Thread-12 :42224 [dir_watcher.py:_on_file_modified():230] file/dir modified: E:\learn\github_project\yolov5-face\wandb\run-20220223_083603-3tcp0bt2\files\output.log
2022-02-23 08:39:50,626 INFO    Thread-12 :42224 [dir_watcher.py:_on_file_modified():230] file/dir modified: E:\learn\github_project\yolov5-face\wandb\run-20220223_083603-3tcp0bt2\files\output.log
2022-02-23 08:39:52,631 INFO    Thread-12 :42224 [dir_watcher.py:_on_file_modified():230] file/dir modified: E:\learn\github_project\yolov5-face\wandb\run-20220223_083603-3tcp0bt2\files\output.log
2022-02-23 08:39:54,634 INFO    Thread-12 :42224 [dir_watcher.py:_on_file_modified():230] file/dir modified: E:\learn\github_project\yolov5-face\wandb\run-20220223_083603-3tcp0bt2\files\output.log
2022-02-23 08:39:56,639 INFO    Thread-12 :42224 [dir_watcher.py:_on_file_modified():230] file/dir modified: E:\learn\github_project\yolov5-face\wandb\run-20220223_083603-3tcp0bt2\files\output.log
2022-02-23 08:39:58,643 INFO    Thread-12 :42224 [dir_watcher.py:_on_file_modified():230] file/dir modified: E:\learn\github_project\yolov5-face\wandb\run-20220223_083603-3tcp0bt2\files\output.log
2022-02-23 08:40:00,647 INFO    Thread-12 :42224 [dir_watcher.py:_on_file_modified():230] file/dir modified: E:\learn\github_project\yolov5-face\wandb\run-20220223_083603-3tcp0bt2\files\output.log
2022-02-23 08:40:02,654 INFO    Thread-12 :42224 [dir_watcher.py:_on_file_modified():230] file/dir modified: E:\learn\github_project\yolov5-face\wandb\run-20220223_083603-3tcp0bt2\files\output.log
2022-02-23 08:40:02,817 DEBUG   HandlerThread:42224 [handler.py:handle_request():130] handle_request: stop_status
2022-02-23 08:40:02,818 DEBUG   SenderThread:42224 [sender.py:send_request():248] send_request: stop_status
2022-02-23 08:40:04,658 INFO    Thread-12 :42224 [dir_watcher.py:_on_file_modified():230] file/dir modified: E:\learn\github_project\yolov5-face\wandb\run-20220223_083603-3tcp0bt2\files\output.log
2022-02-23 08:40:06,662 INFO    Thread-12 :42224 [dir_watcher.py:_on_file_modified():230] file/dir modified: E:\learn\github_project\yolov5-face\wandb\run-20220223_083603-3tcp0bt2\files\output.log
2022-02-23 08:40:08,667 INFO    Thread-12 :42224 [dir_watcher.py:_on_file_modified():230] file/dir modified: E:\learn\github_project\yolov5-face\wandb\run-20220223_083603-3tcp0bt2\files\output.log
2022-02-23 08:40:10,674 INFO    Thread-12 :42224 [dir_watcher.py:_on_file_modified():230] file/dir modified: E:\learn\github_project\yolov5-face\wandb\run-20220223_083603-3tcp0bt2\files\output.log
2022-02-23 08:40:12,697 INFO    Thread-12 :42224 [dir_watcher.py:_on_file_modified():230] file/dir modified: E:\learn\github_project\yolov5-face\wandb\run-20220223_083603-3tcp0bt2\files\output.log
2022-02-23 08:40:14,705 INFO    Thread-12 :42224 [dir_watcher.py:_on_file_modified():230] file/dir modified: E:\learn\github_project\yolov5-face\wandb\run-20220223_083603-3tcp0bt2\files\output.log
2022-02-23 08:40:16,711 INFO    Thread-12 :42224 [dir_watcher.py:_on_file_modified():230] file/dir modified: E:\learn\github_project\yolov5-face\wandb\run-20220223_083603-3tcp0bt2\files\output.log
2022-02-23 08:40:18,208 DEBUG   HandlerThread:42224 [handler.py:handle_request():130] handle_request: stop_status
2022-02-23 08:40:18,208 DEBUG   SenderThread:42224 [sender.py:send_request():248] send_request: stop_status
2022-02-23 08:40:18,718 INFO    Thread-12 :42224 [dir_watcher.py:_on_file_modified():230] file/dir modified: E:\learn\github_project\yolov5-face\wandb\run-20220223_083603-3tcp0bt2\files\output.log
2022-02-23 08:40:19,538 DEBUG   SenderThread:42224 [sender.py:send():234] send: stats
2022-02-23 08:40:20,724 INFO    Thread-12 :42224 [dir_watcher.py:_on_file_modified():230] file/dir modified: E:\learn\github_project\yolov5-face\wandb\run-20220223_083603-3tcp0bt2\files\output.log
2022-02-23 08:40:22,729 INFO    Thread-12 :42224 [dir_watcher.py:_on_file_modified():230] file/dir modified: E:\learn\github_project\yolov5-face\wandb\run-20220223_083603-3tcp0bt2\files\output.log
2022-02-23 08:40:24,734 INFO    Thread-12 :42224 [dir_watcher.py:_on_file_modified():230] file/dir modified: E:\learn\github_project\yolov5-face\wandb\run-20220223_083603-3tcp0bt2\files\output.log
2022-02-23 08:40:26,740 INFO    Thread-12 :42224 [dir_watcher.py:_on_file_modified():230] file/dir modified: E:\learn\github_project\yolov5-face\wandb\run-20220223_083603-3tcp0bt2\files\output.log
2022-02-23 08:40:28,748 INFO    Thread-12 :42224 [dir_watcher.py:_on_file_modified():230] file/dir modified: E:\learn\github_project\yolov5-face\wandb\run-20220223_083603-3tcp0bt2\files\output.log
2022-02-23 08:40:30,756 INFO    Thread-12 :42224 [dir_watcher.py:_on_file_modified():230] file/dir modified: E:\learn\github_project\yolov5-face\wandb\run-20220223_083603-3tcp0bt2\files\output.log
2022-02-23 08:40:32,011 WARNING FileStreamThread:42224 [file_stream.py:request_with_retry():594] requests_with_retry encountered retryable exception: HTTPSConnectionPool(host='api.wandb.ai', port=443): Max retries exceeded with url: /files/heene/YOLOv5/3tcp0bt2/file_stream (Caused by SSLError(SSLEOFError(8, 'EOF occurred in violation of protocol (_ssl.c:1131)'))). func: <bound method Session.post of <requests.sessions.Session object at 0x0000023359692610>>, args: ('https://api.wandb.ai/files/heene/YOLOv5/3tcp0bt2/file_stream',), kwargs: {'json': {'files': {'output.log': {'offset': 12, 'content': ['ERROR 2022-02-23T00:40:31.987833       1/20      1.4G   0.05495   0.01328         0    0.1216    0.1898         6       800:  91%|           | 363/400 [01:45<00:10,  3.38it/s]\n']}}, 'dropped': 0}}
2022-02-23 08:40:32,763 INFO    Thread-12 :42224 [dir_watcher.py:_on_file_modified():230] file/dir modified: E:\learn\github_project\yolov5-face\wandb\run-20220223_083603-3tcp0bt2\files\output.log
2022-02-23 08:40:33,576 DEBUG   HandlerThread:42224 [handler.py:handle_request():130] handle_request: stop_status
2022-02-23 08:40:33,576 DEBUG   SenderThread:42224 [sender.py:send_request():248] send_request: stop_status
2022-02-23 08:40:34,096 WARNING FileStreamThread:42224 [file_stream.py:request_with_retry():594] requests_with_retry encountered retryable exception: HTTPSConnectionPool(host='api.wandb.ai', port=443): Max retries exceeded with url: /files/heene/YOLOv5/3tcp0bt2/file_stream (Caused by SSLError(SSLEOFError(8, 'EOF occurred in violation of protocol (_ssl.c:1131)'))). func: <bound method Session.post of <requests.sessions.Session object at 0x0000023359692610>>, args: ('https://api.wandb.ai/files/heene/YOLOv5/3tcp0bt2/file_stream',), kwargs: {'json': {'files': {'output.log': {'offset': 12, 'content': ['ERROR 2022-02-23T00:40:31.987833       1/20      1.4G   0.05495   0.01328         0    0.1216    0.1898         6       800:  91%|           | 363/400 [01:45<00:10,  3.38it/s]\n']}}, 'dropped': 0}}
2022-02-23 08:40:34,815 INFO    Thread-12 :42224 [dir_watcher.py:_on_file_modified():230] file/dir modified: E:\learn\github_project\yolov5-face\wandb\run-20220223_083603-3tcp0bt2\files\output.log
2022-02-23 08:40:36,824 INFO    Thread-12 :42224 [dir_watcher.py:_on_file_modified():230] file/dir modified: E:\learn\github_project\yolov5-face\wandb\run-20220223_083603-3tcp0bt2\files\output.log
2022-02-23 08:40:37,192 ERROR   SenderThread:42224 [retry.py:__call__():126] Retry attempt failed:
Traceback (most recent call last):
  File "C:\ProgramData\Anaconda3\envs\pytorch171\lib\site-packages\urllib3\connectionpool.py", line 696, in urlopen
    self._prepare_proxy(conn)
  File "C:\ProgramData\Anaconda3\envs\pytorch171\lib\site-packages\urllib3\connectionpool.py", line 964, in _prepare_proxy
    conn.connect()
  File "C:\ProgramData\Anaconda3\envs\pytorch171\lib\site-packages\urllib3\connection.py", line 364, in connect
    conn = self._connect_tls_proxy(hostname, conn)
  File "C:\ProgramData\Anaconda3\envs\pytorch171\lib\site-packages\urllib3\connection.py", line 501, in _connect_tls_proxy
    socket = ssl_wrap_socket(
  File "C:\ProgramData\Anaconda3\envs\pytorch171\lib\site-packages\urllib3\util\ssl_.py", line 453, in ssl_wrap_socket
    ssl_sock = _ssl_wrap_socket_impl(sock, context, tls_in_tls)
  File "C:\ProgramData\Anaconda3\envs\pytorch171\lib\site-packages\urllib3\util\ssl_.py", line 495, in _ssl_wrap_socket_impl
    return ssl_context.wrap_socket(sock)
  File "C:\ProgramData\Anaconda3\envs\pytorch171\lib\ssl.py", line 500, in wrap_socket
    return self.sslsocket_class._create(
  File "C:\ProgramData\Anaconda3\envs\pytorch171\lib\ssl.py", line 1040, in _create
    self.do_handshake()
  File "C:\ProgramData\Anaconda3\envs\pytorch171\lib\ssl.py", line 1309, in do_handshake
    self._sslobj.do_handshake()
ssl.SSLEOFError: EOF occurred in violation of protocol (_ssl.c:1131)

During handling of the above exception, another exception occurred:

Traceback (most recent call last):
  File "C:\ProgramData\Anaconda3\envs\pytorch171\lib\site-packages\requests\adapters.py", line 439, in send
    resp = conn.urlopen(
  File "C:\ProgramData\Anaconda3\envs\pytorch171\lib\site-packages\urllib3\connectionpool.py", line 755, in urlopen
    retries = retries.increment(
  File "C:\ProgramData\Anaconda3\envs\pytorch171\lib\site-packages\urllib3\util\retry.py", line 574, in increment
    raise MaxRetryError(_pool, url, error or ResponseError(cause))
urllib3.exceptions.MaxRetryError: HTTPSConnectionPool(host='api.wandb.ai', port=443): Max retries exceeded with url: /graphql (Caused by SSLError(SSLEOFError(8, 'EOF occurred in violation of protocol (_ssl.c:1131)')))

During handling of the above exception, another exception occurred:

Traceback (most recent call last):
  File "C:\ProgramData\Anaconda3\envs\pytorch171\lib\site-packages\wandb\sdk\lib\retry.py", line 102, in __call__
    result = self._call_fn(*args, **kwargs)
  File "C:\ProgramData\Anaconda3\envs\pytorch171\lib\site-packages\wandb\sdk\internal\internal_api.py", line 141, in execute
    return self.client.execute(*args, **kwargs)
  File "C:\ProgramData\Anaconda3\envs\pytorch171\lib\site-packages\wandb\vendor\gql-0.2.0\gql\client.py", line 52, in execute
    result = self._get_result(document, *args, **kwargs)
  File "C:\ProgramData\Anaconda3\envs\pytorch171\lib\site-packages\wandb\vendor\gql-0.2.0\gql\client.py", line 60, in _get_result
    return self.transport.execute(document, *args, **kwargs)
  File "C:\ProgramData\Anaconda3\envs\pytorch171\lib\site-packages\wandb\vendor\gql-0.2.0\gql\transport\requests.py", line 38, in execute
    request = requests.post(self.url, **post_args)
  File "C:\ProgramData\Anaconda3\envs\pytorch171\lib\site-packages\requests\api.py", line 119, in post
    return request('post', url, data=data, json=json, **kwargs)
  File "C:\ProgramData\Anaconda3\envs\pytorch171\lib\site-packages\requests\api.py", line 61, in request
    return session.request(method=method, url=url, **kwargs)
  File "C:\ProgramData\Anaconda3\envs\pytorch171\lib\site-packages\requests\sessions.py", line 542, in request
    resp = self.send(prep, **send_kwargs)
  File "C:\ProgramData\Anaconda3\envs\pytorch171\lib\site-packages\requests\sessions.py", line 655, in send
    r = adapter.send(request, **kwargs)
  File "C:\ProgramData\Anaconda3\envs\pytorch171\lib\site-packages\requests\adapters.py", line 514, in send
    raise SSLError(e, request=request)
requests.exceptions.SSLError: HTTPSConnectionPool(host='api.wandb.ai', port=443): Max retries exceeded with url: /graphql (Caused by SSLError(SSLEOFError(8, 'EOF occurred in violation of protocol (_ssl.c:1131)')))
2022-02-23 08:40:38,415 WARNING FileStreamThread:42224 [file_stream.py:request_with_retry():594] requests_with_retry encountered retryable exception: HTTPSConnectionPool(host='api.wandb.ai', port=443): Max retries exceeded with url: /files/heene/YOLOv5/3tcp0bt2/file_stream (Caused by SSLError(SSLEOFError(8, 'EOF occurred in violation of protocol (_ssl.c:1131)'))). func: <bound method Session.post of <requests.sessions.Session object at 0x0000023359692610>>, args: ('https://api.wandb.ai/files/heene/YOLOv5/3tcp0bt2/file_stream',), kwargs: {'json': {'files': {'output.log': {'offset': 12, 'content': ['ERROR 2022-02-23T00:40:31.987833       1/20      1.4G   0.05495   0.01328         0    0.1216    0.1898         6       800:  91%|           | 363/400 [01:45<00:10,  3.38it/s]\n']}}, 'dropped': 0}}
2022-02-23 08:40:38,828 INFO    Thread-12 :42224 [dir_watcher.py:_on_file_modified():230] file/dir modified: E:\learn\github_project\yolov5-face\wandb\run-20220223_083603-3tcp0bt2\files\output.log
2022-02-23 08:40:40,843 INFO    Thread-12 :42224 [dir_watcher.py:_on_file_modified():230] file/dir modified: E:\learn\github_project\yolov5-face\wandb\run-20220223_083603-3tcp0bt2\files\output.log
2022-02-23 08:40:42,849 INFO    Thread-12 :42224 [dir_watcher.py:_on_file_modified():230] file/dir modified: E:\learn\github_project\yolov5-face\wandb\run-20220223_083603-3tcp0bt2\files\output.log
2022-02-23 08:40:44,853 INFO    Thread-12 :42224 [dir_watcher.py:_on_file_modified():230] file/dir modified: E:\learn\github_project\yolov5-face\wandb\run-20220223_083603-3tcp0bt2\files\output.log
2022-02-23 08:40:46,616 WARNING FileStreamThread:42224 [file_stream.py:request_with_retry():594] requests_with_retry encountered retryable exception: HTTPSConnectionPool(host='api.wandb.ai', port=443): Max retries exceeded with url: /files/heene/YOLOv5/3tcp0bt2/file_stream (Caused by SSLError(SSLEOFError(8, 'EOF occurred in violation of protocol (_ssl.c:1131)'))). func: <bound method Session.post of <requests.sessions.Session object at 0x0000023359692610>>, args: ('https://api.wandb.ai/files/heene/YOLOv5/3tcp0bt2/file_stream',), kwargs: {'json': {'files': {'output.log': {'offset': 12, 'content': ['ERROR 2022-02-23T00:40:31.987833       1/20      1.4G   0.05495   0.01328         0    0.1216    0.1898         6       800:  91%|           | 363/400 [01:45<00:10,  3.38it/s]\n']}}, 'dropped': 0}}
2022-02-23 08:40:46,857 INFO    Thread-12 :42224 [dir_watcher.py:_on_file_modified():230] file/dir modified: E:\learn\github_project\yolov5-face\wandb\run-20220223_083603-3tcp0bt2\files\output.log
2022-02-23 08:40:47,833 ERROR   Thread-15 :42224 [internal_api.py:upload_file():1574] upload_file exception https://storage.googleapis.com/wandb-production.appspot.com/heene/YOLOv5/3tcp0bt2/wandb-metadata.json?Expires=1645662972&GoogleAccessId=wandb-production%40appspot.gserviceaccount.com&Signature=XeA%2BgqLQoeuBj0QwjFsj0mcGAiR38uHJL1E2xO34KbBGBKwfDmoRUj8u%2Bst0V%2Fvk6tFh75KKZx6WFiI8j%2FDhMnfMLxxBhZa6MpMdeXyRljP%2FJUPKJ9xKtgenYXyG19ZkCOHhhg%2F2tRPXSgYjsRrGCXvCOsxyEiJJR7frtSLWT2UKCppdImKJVmPDKzPhageOTfdL0iPLCSAc32c6%2BwYQRNIl%2BfAml4HpG0hULo0noKrCTGGjqMxZ9JMmx3zZfojNCoAHzNCObIWqkDiHkCoIE0hxdpmWP7asD4A1DjXGuxMeSk%2BkmQ44m06ah8EjjJeuZEbgOPo%2BvbRm4zM%2FE9ll4g%3D%3D: HTTPSConnectionPool(host='storage.googleapis.com', port=443): Max retries exceeded with url: /wandb-production.appspot.com/heene/YOLOv5/3tcp0bt2/wandb-metadata.json?Expires=1645662972&GoogleAccessId=wandb-production%40appspot.gserviceaccount.com&Signature=XeA%2BgqLQoeuBj0QwjFsj0mcGAiR38uHJL1E2xO34KbBGBKwfDmoRUj8u%2Bst0V%2Fvk6tFh75KKZx6WFiI8j%2FDhMnfMLxxBhZa6MpMdeXyRljP%2FJUPKJ9xKtgenYXyG19ZkCOHhhg%2F2tRPXSgYjsRrGCXvCOsxyEiJJR7frtSLWT2UKCppdImKJVmPDKzPhageOTfdL0iPLCSAc32c6%2BwYQRNIl%2BfAml4HpG0hULo0noKrCTGGjqMxZ9JMmx3zZfojNCoAHzNCObIWqkDiHkCoIE0hxdpmWP7asD4A1DjXGuxMeSk%2BkmQ44m06ah8EjjJeuZEbgOPo%2BvbRm4zM%2FE9ll4g%3D%3D (Caused by SSLError(SSLEOFError(8, 'EOF occurred in violation of protocol (_ssl.c:1131)')))
2022-02-23 08:40:47,833 ERROR   Thread-15 :42224 [internal_api.py:upload_file():1576] upload_file request headers: {'User-Agent': 'python-requests/2.25.1', 'Accept-Encoding': 'gzip, deflate', 'Accept': '*/*', 'Connection': 'keep-alive', 'Content-Length': '759'}
2022-02-23 08:40:47,834 ERROR   Thread-15 :42224 [internal_api.py:upload_file():1578] upload_file response body: 
2022-02-23 08:40:48,859 INFO    Thread-12 :42224 [dir_watcher.py:_on_file_modified():230] file/dir modified: E:\learn\github_project\yolov5-face\wandb\run-20220223_083603-3tcp0bt2\files\output.log
2022-02-23 08:40:50,866 INFO    Thread-12 :42224 [dir_watcher.py:_on_file_modified():230] file/dir modified: E:\learn\github_project\yolov5-face\wandb\run-20220223_083603-3tcp0bt2\files\output.log
2022-02-23 08:40:52,872 INFO    Thread-12 :42224 [dir_watcher.py:_on_file_modified():230] file/dir modified: E:\learn\github_project\yolov5-face\wandb\run-20220223_083603-3tcp0bt2\files\output.log
2022-02-23 08:40:53,603 DEBUG   HandlerThread:42224 [handler.py:handle_request():130] handle_request: stop_status
2022-02-23 08:40:54,878 INFO    Thread-12 :42224 [dir_watcher.py:_on_file_modified():230] file/dir modified: E:\learn\github_project\yolov5-face\wandb\run-20220223_083603-3tcp0bt2\files\output.log
2022-02-23 08:40:56,881 INFO    Thread-12 :42224 [dir_watcher.py:_on_file_modified():230] file/dir modified: E:\learn\github_project\yolov5-face\wandb\run-20220223_083603-3tcp0bt2\files\output.log
2022-02-23 08:40:58,889 INFO    Thread-12 :42224 [dir_watcher.py:_on_file_modified():230] file/dir modified: E:\learn\github_project\yolov5-face\wandb\run-20220223_083603-3tcp0bt2\files\output.log
2022-02-23 08:41:00,929 INFO    Thread-12 :42224 [dir_watcher.py:_on_file_modified():230] file/dir modified: E:\learn\github_project\yolov5-face\wandb\run-20220223_083603-3tcp0bt2\files\output.log
2022-02-23 08:41:02,934 INFO    Thread-12 :42224 [dir_watcher.py:_on_file_modified():230] file/dir modified: E:\learn\github_project\yolov5-face\wandb\run-20220223_083603-3tcp0bt2\files\output.log
2022-02-23 08:41:04,939 INFO    Thread-12 :42224 [dir_watcher.py:_on_file_modified():230] file/dir modified: E:\learn\github_project\yolov5-face\wandb\run-20220223_083603-3tcp0bt2\files\output.log
2022-02-23 08:41:04,947 WARNING FileStreamThread:42224 [file_stream.py:request_with_retry():594] requests_with_retry encountered retryable exception: HTTPSConnectionPool(host='api.wandb.ai', port=443): Max retries exceeded with url: /files/heene/YOLOv5/3tcp0bt2/file_stream (Caused by SSLError(SSLEOFError(8, 'EOF occurred in violation of protocol (_ssl.c:1131)'))). func: <bound method Session.post of <requests.sessions.Session object at 0x0000023359692610>>, args: ('https://api.wandb.ai/files/heene/YOLOv5/3tcp0bt2/file_stream',), kwargs: {'json': {'files': {'output.log': {'offset': 12, 'content': ['ERROR 2022-02-23T00:40:31.987833       1/20      1.4G   0.05495   0.01328         0    0.1216    0.1898         6       800:  91%|           | 363/400 [01:45<00:10,  3.38it/s]\n']}}, 'dropped': 0}}
2022-02-23 08:41:06,944 INFO    Thread-12 :42224 [dir_watcher.py:_on_file_modified():230] file/dir modified: E:\learn\github_project\yolov5-face\wandb\run-20220223_083603-3tcp0bt2\files\output.log
2022-02-23 08:41:08,950 INFO    Thread-12 :42224 [dir_watcher.py:_on_file_modified():230] file/dir modified: E:\learn\github_project\yolov5-face\wandb\run-20220223_083603-3tcp0bt2\files\output.log
2022-02-23 08:41:10,955 INFO    Thread-12 :42224 [dir_watcher.py:_on_file_modified():230] file/dir modified: E:\learn\github_project\yolov5-face\wandb\run-20220223_083603-3tcp0bt2\files\output.log
2022-02-23 08:41:12,961 INFO    Thread-12 :42224 [dir_watcher.py:_on_file_modified():230] file/dir modified: E:\learn\github_project\yolov5-face\wandb\run-20220223_083603-3tcp0bt2\files\output.log
2022-02-23 08:41:13,579 DEBUG   HandlerThread:42224 [handler.py:handle_request():130] handle_request: stop_status
2022-02-23 08:41:14,965 INFO    Thread-12 :42224 [dir_watcher.py:_on_file_modified():230] file/dir modified: E:\learn\github_project\yolov5-face\wandb\run-20220223_083603-3tcp0bt2\files\output.log
2022-02-23 08:41:16,980 INFO    Thread-12 :42224 [dir_watcher.py:_on_file_modified():230] file/dir modified: E:\learn\github_project\yolov5-face\wandb\run-20220223_083603-3tcp0bt2\files\output.log
2022-02-23 08:41:18,987 INFO    Thread-12 :42224 [dir_watcher.py:_on_file_modified():230] file/dir modified: E:\learn\github_project\yolov5-face\wandb\run-20220223_083603-3tcp0bt2\files\output.log
2022-02-23 08:41:20,991 INFO    Thread-12 :42224 [dir_watcher.py:_on_file_modified():230] file/dir modified: E:\learn\github_project\yolov5-face\wandb\run-20220223_083603-3tcp0bt2\files\output.log
2022-02-23 08:41:23,028 INFO    Thread-12 :42224 [dir_watcher.py:_on_file_modified():230] file/dir modified: E:\learn\github_project\yolov5-face\wandb\run-20220223_083603-3tcp0bt2\files\output.log
2022-02-23 08:41:25,031 INFO    Thread-12 :42224 [dir_watcher.py:_on_file_modified():230] file/dir modified: E:\learn\github_project\yolov5-face\wandb\run-20220223_083603-3tcp0bt2\files\output.log
2022-02-23 08:41:27,036 INFO    Thread-12 :42224 [dir_watcher.py:_on_file_modified():230] file/dir modified: E:\learn\github_project\yolov5-face\wandb\run-20220223_083603-3tcp0bt2\files\output.log
2022-02-23 08:41:29,043 INFO    Thread-12 :42224 [dir_watcher.py:_on_file_modified():230] file/dir modified: E:\learn\github_project\yolov5-face\wandb\run-20220223_083603-3tcp0bt2\files\output.log
2022-02-23 08:41:31,046 INFO    Thread-12 :42224 [dir_watcher.py:_on_file_modified():230] file/dir modified: E:\learn\github_project\yolov5-face\wandb\run-20220223_083603-3tcp0bt2\files\output.log
2022-02-23 08:41:33,050 INFO    Thread-12 :42224 [dir_watcher.py:_on_file_modified():230] file/dir modified: E:\learn\github_project\yolov5-face\wandb\run-20220223_083603-3tcp0bt2\files\output.log
2022-02-23 08:41:33,579 DEBUG   HandlerThread:42224 [handler.py:handle_request():130] handle_request: stop_status
2022-02-23 08:41:33,997 ERROR   Thread-16 :42224 [internal_api.py:upload_file():1574] upload_file exception https://storage.googleapis.com/wandb-production.appspot.com/heene/YOLOv5/3tcp0bt2/media/images/Labels_0_0.jpg?Expires=1645663005&GoogleAccessId=wandb-production%40appspot.gserviceaccount.com&Signature=f3ECRNIRbab3KBbVLyRv3FqArRCcKLwU4H5JyoPjG8%2Bk6VdU1KRgOamoGvOxZd4YOMaOxoYb3y40%2B5qD2GQ%2BYeKKaTYK1DwV9YEO9JLx1zASy7JDSO86Hz2SHg9XGtM7ugti%2Bt7hX8qihaVuoUl1nUcsnNFybPged5wwVbIADU9uR2L46JcopeowKZrsC%2B0AEeVlWmkru%2FDruuRzSDI8Od96AaaOm9aQChSmhrETL2Sfr9ZenzLkaHMUOnzrvYUzMhPZb3JLFUgtmYIC2eSbUQAp3hTsr5GMjOfIANtIL%2F2L%2BDVIo4Hjie%2Bv3OwrqjGyjGsJLlfAXpX6cd38Rf3tFQ%3D%3D: HTTPSConnectionPool(host='storage.googleapis.com', port=443): Max retries exceeded with url: /wandb-production.appspot.com/heene/YOLOv5/3tcp0bt2/media/images/Labels_0_0.jpg?Expires=1645663005&GoogleAccessId=wandb-production%40appspot.gserviceaccount.com&Signature=f3ECRNIRbab3KBbVLyRv3FqArRCcKLwU4H5JyoPjG8%2Bk6VdU1KRgOamoGvOxZd4YOMaOxoYb3y40%2B5qD2GQ%2BYeKKaTYK1DwV9YEO9JLx1zASy7JDSO86Hz2SHg9XGtM7ugti%2Bt7hX8qihaVuoUl1nUcsnNFybPged5wwVbIADU9uR2L46JcopeowKZrsC%2B0AEeVlWmkru%2FDruuRzSDI8Od96AaaOm9aQChSmhrETL2Sfr9ZenzLkaHMUOnzrvYUzMhPZb3JLFUgtmYIC2eSbUQAp3hTsr5GMjOfIANtIL%2F2L%2BDVIo4Hjie%2Bv3OwrqjGyjGsJLlfAXpX6cd38Rf3tFQ%3D%3D (Caused by SSLError(SSLEOFError(8, 'EOF occurred in violation of protocol (_ssl.c:1131)')))
2022-02-23 08:41:33,997 ERROR   Thread-16 :42224 [internal_api.py:upload_file():1576] upload_file request headers: {'User-Agent': 'python-requests/2.25.1', 'Accept-Encoding': 'gzip, deflate', 'Accept': '*/*', 'Connection': 'keep-alive', 'Content-Length': '133922'}
2022-02-23 08:41:33,997 ERROR   Thread-16 :42224 [internal_api.py:upload_file():1578] upload_file response body: 
2022-02-23 08:41:35,056 INFO    Thread-12 :42224 [dir_watcher.py:_on_file_modified():230] file/dir modified: E:\learn\github_project\yolov5-face\wandb\run-20220223_083603-3tcp0bt2\files\output.log
2022-02-23 08:41:35,230 ERROR   Thread-19 :42224 [internal_api.py:upload_file():1574] upload_file exception https://storage.googleapis.com/wandb-production.appspot.com/heene/YOLOv5/3tcp0bt2/media/images/Mosaics_1_1.jpg?Expires=1645663010&GoogleAccessId=wandb-production%40appspot.gserviceaccount.com&Signature=mrkH9wAH6RIV1ELzWJFKBNCPYUN%2F5w%2F5Tc6jChaGMn6KnCE6lQVcFiSVwegcSsI%2B4qnX0y1WCtGYFfuTkyoxgBWoKjvROLztVgTNenYlMAY3n0LJcciNiKr0etvikX3lACRu9JVOUGAmviQY7tEkBoYBh0MQZHagfbu7YOI9fScfFYbhnyYAXVVYLfWI7LSCT%2Bc5uoj4dX15TPd2C9%2BXVVtX1eeEjDGC7pkhTLR6Lb7MtCeToTYjISQLd54MwJVLGsdea%2BAlx9iN%2FkeVv%2BDI7SDnTkv7AU0pfU4wsSTS1IPbh7rtp3WxS%2BQXzrI1cHGkDiqsOqxBFint%2BGs0Kd7QgA%3D%3D: HTTPSConnectionPool(host='storage.googleapis.com', port=443): Max retries exceeded with url: /wandb-production.appspot.com/heene/YOLOv5/3tcp0bt2/media/images/Mosaics_1_1.jpg?Expires=1645663010&GoogleAccessId=wandb-production%40appspot.gserviceaccount.com&Signature=mrkH9wAH6RIV1ELzWJFKBNCPYUN%2F5w%2F5Tc6jChaGMn6KnCE6lQVcFiSVwegcSsI%2B4qnX0y1WCtGYFfuTkyoxgBWoKjvROLztVgTNenYlMAY3n0LJcciNiKr0etvikX3lACRu9JVOUGAmviQY7tEkBoYBh0MQZHagfbu7YOI9fScfFYbhnyYAXVVYLfWI7LSCT%2Bc5uoj4dX15TPd2C9%2BXVVtX1eeEjDGC7pkhTLR6Lb7MtCeToTYjISQLd54MwJVLGsdea%2BAlx9iN%2FkeVv%2BDI7SDnTkv7AU0pfU4wsSTS1IPbh7rtp3WxS%2BQXzrI1cHGkDiqsOqxBFint%2BGs0Kd7QgA%3D%3D (Caused by SSLError(SSLEOFError(8, 'EOF occurred in violation of protocol (_ssl.c:1131)')))
2022-02-23 08:41:35,231 ERROR   Thread-19 :42224 [internal_api.py:upload_file():1576] upload_file request headers: {'User-Agent': 'python-requests/2.25.1', 'Accept-Encoding': 'gzip, deflate', 'Accept': '*/*', 'Connection': 'keep-alive', 'Content-Length': '187954'}
2022-02-23 08:41:35,231 ERROR   Thread-19 :42224 [internal_api.py:upload_file():1578] upload_file response body: 
2022-02-23 08:41:37,061 INFO    Thread-12 :42224 [dir_watcher.py:_on_file_modified():230] file/dir modified: E:\learn\github_project\yolov5-face\wandb\run-20220223_083603-3tcp0bt2\files\output.log
2022-02-23 08:41:37,756 WARNING FileStreamThread:42224 [file_stream.py:request_with_retry():594] requests_with_retry encountered retryable exception: HTTPSConnectionPool(host='api.wandb.ai', port=443): Max retries exceeded with url: /files/heene/YOLOv5/3tcp0bt2/file_stream (Caused by SSLError(SSLEOFError(8, 'EOF occurred in violation of protocol (_ssl.c:1131)'))). func: <bound method Session.post of <requests.sessions.Session object at 0x0000023359692610>>, args: ('https://api.wandb.ai/files/heene/YOLOv5/3tcp0bt2/file_stream',), kwargs: {'json': {'files': {'output.log': {'offset': 12, 'content': ['ERROR 2022-02-23T00:40:31.987833       1/20      1.4G   0.05495   0.01328         0    0.1216    0.1898         6       800:  91%|           | 363/400 [01:45<00:10,  3.38it/s]\n']}}, 'dropped': 0}}
2022-02-23 08:41:38,464 ERROR   Thread-18 :42224 [internal_api.py:upload_file():1574] upload_file exception https://storage.googleapis.com/wandb-production.appspot.com/heene/YOLOv5/3tcp0bt2/media/images/Mosaics_1_0.jpg?Expires=1645663010&GoogleAccessId=wandb-production%40appspot.gserviceaccount.com&Signature=F4MQD4erSd98RDUwxCIOJJ%2Fqe8iL%2FFTTmgotx669Qr6m%2Bx5QiGgqDoY905a6HsQMWhOQh%2FXShACI3xdJdZehdhoWUkUz64OvZlu7J%2BSd7sCA5c6HCdhDM5h31vl%2BH1wexl5Jr%2BTraY%2BtR7edQEhTE3W24KK7ZjNN9T3%2BWuwx4O%2FqW3bfV9gjgsyCS0soKlTPBSK8WYI33mLDoiC04j1ZaLVVZFyoOEaW%2B9qFW7w7kkbJOFFj1xnComjy1UuC5ZmBJjNKbcIbaSkTkOy5MOkFHG2eYvY3j3glv3k7WvLG4sbBa0FHMxFs2EFQASI3RWnreFZfSvyWK8fMfqraWoMrZw%3D%3D: HTTPSConnectionPool(host='storage.googleapis.com', port=443): Max retries exceeded with url: /wandb-production.appspot.com/heene/YOLOv5/3tcp0bt2/media/images/Mosaics_1_0.jpg?Expires=1645663010&GoogleAccessId=wandb-production%40appspot.gserviceaccount.com&Signature=F4MQD4erSd98RDUwxCIOJJ%2Fqe8iL%2FFTTmgotx669Qr6m%2Bx5QiGgqDoY905a6HsQMWhOQh%2FXShACI3xdJdZehdhoWUkUz64OvZlu7J%2BSd7sCA5c6HCdhDM5h31vl%2BH1wexl5Jr%2BTraY%2BtR7edQEhTE3W24KK7ZjNN9T3%2BWuwx4O%2FqW3bfV9gjgsyCS0soKlTPBSK8WYI33mLDoiC04j1ZaLVVZFyoOEaW%2B9qFW7w7kkbJOFFj1xnComjy1UuC5ZmBJjNKbcIbaSkTkOy5MOkFHG2eYvY3j3glv3k7WvLG4sbBa0FHMxFs2EFQASI3RWnreFZfSvyWK8fMfqraWoMrZw%3D%3D (Caused by SSLError(SSLEOFError(8, 'EOF occurred in violation of protocol (_ssl.c:1131)')))
2022-02-23 08:41:38,465 ERROR   Thread-18 :42224 [internal_api.py:upload_file():1576] upload_file request headers: {'User-Agent': 'python-requests/2.25.1', 'Accept-Encoding': 'gzip, deflate', 'Accept': '*/*', 'Connection': 'keep-alive', 'Content-Length': '160055'}
2022-02-23 08:41:38,465 ERROR   Thread-18 :42224 [internal_api.py:upload_file():1578] upload_file response body: 
2022-02-23 08:41:39,066 INFO    Thread-12 :42224 [dir_watcher.py:_on_file_modified():230] file/dir modified: E:\learn\github_project\yolov5-face\wandb\run-20220223_083603-3tcp0bt2\files\output.log
2022-02-23 08:41:41,072 INFO    Thread-12 :42224 [dir_watcher.py:_on_file_modified():230] file/dir modified: E:\learn\github_project\yolov5-face\wandb\run-20220223_083603-3tcp0bt2\files\output.log
2022-02-23 08:41:43,077 INFO    Thread-12 :42224 [dir_watcher.py:_on_file_modified():230] file/dir modified: E:\learn\github_project\yolov5-face\wandb\run-20220223_083603-3tcp0bt2\files\output.log
2022-02-23 08:41:45,083 INFO    Thread-12 :42224 [dir_watcher.py:_on_file_modified():230] file/dir modified: E:\learn\github_project\yolov5-face\wandb\run-20220223_083603-3tcp0bt2\files\output.log
2022-02-23 08:41:46,243 ERROR   Thread-17 :42224 [internal_api.py:upload_file():1574] upload_file exception https://storage.googleapis.com/wandb-production.appspot.com/heene/YOLOv5/3tcp0bt2/media/images/Labels_0_1.jpg?Expires=1645663005&GoogleAccessId=wandb-production%40appspot.gserviceaccount.com&Signature=Q2ib3RbtDSfPnh%2BlqrzeT%2BMWLRNVqMc2%2Bf52GfHcjGmXKt8XvSKmgNm%2BuNWv4ADFG9oljojCQLIJ6H3a4mO5X82oZEScL7Q8VDf%2BENJRPfzGjtA5ZICld10bFTM1EE8rvJx459aPkicABZEW77O2IaLrhzo5t9cAXgibH%2FLNNaRC%2B5JATGA9UJfatxzkdDGACreKTkMg71n4ZnH%2Ft6biwn3DifozmgpYF0zmjISbsctChPaVX2rWy8Xn2Te5TXnHrvRqijNK%2FRU%2BZ8iKvm6JuAoD7fzX%2FUSZqjvqFyHcW%2BonbUiBpJpsnZCmlxBnLDMV9y%2BCAuxEfQnfmnJRDmBGfA%3D%3D: HTTPSConnectionPool(host='storage.googleapis.com', port=443): Max retries exceeded with url: /wandb-production.appspot.com/heene/YOLOv5/3tcp0bt2/media/images/Labels_0_1.jpg?Expires=1645663005&GoogleAccessId=wandb-production%40appspot.gserviceaccount.com&Signature=Q2ib3RbtDSfPnh%2BlqrzeT%2BMWLRNVqMc2%2Bf52GfHcjGmXKt8XvSKmgNm%2BuNWv4ADFG9oljojCQLIJ6H3a4mO5X82oZEScL7Q8VDf%2BENJRPfzGjtA5ZICld10bFTM1EE8rvJx459aPkicABZEW77O2IaLrhzo5t9cAXgibH%2FLNNaRC%2B5JATGA9UJfatxzkdDGACreKTkMg71n4ZnH%2Ft6biwn3DifozmgpYF0zmjISbsctChPaVX2rWy8Xn2Te5TXnHrvRqijNK%2FRU%2BZ8iKvm6JuAoD7fzX%2FUSZqjvqFyHcW%2BonbUiBpJpsnZCmlxBnLDMV9y%2BCAuxEfQnfmnJRDmBGfA%3D%3D (Caused by SSLError(SSLEOFError(8, 'EOF occurred in violation of protocol (_ssl.c:1131)')))
2022-02-23 08:41:46,244 ERROR   Thread-17 :42224 [internal_api.py:upload_file():1576] upload_file request headers: {'User-Agent': 'python-requests/2.25.1', 'Accept-Encoding': 'gzip, deflate', 'Accept': '*/*', 'Connection': 'keep-alive', 'Content-Length': '299771'}
2022-02-23 08:41:46,244 ERROR   Thread-17 :42224 [internal_api.py:upload_file():1578] upload_file response body: 
2022-02-23 08:41:47,094 INFO    Thread-12 :42224 [dir_watcher.py:_on_file_modified():230] file/dir modified: E:\learn\github_project\yolov5-face\wandb\run-20220223_083603-3tcp0bt2\files\output.log
2022-02-23 08:41:49,096 INFO    Thread-12 :42224 [dir_watcher.py:_on_file_modified():230] file/dir modified: E:\learn\github_project\yolov5-face\wandb\run-20220223_083603-3tcp0bt2\files\output.log
2022-02-23 08:41:49,475 ERROR   Thread-20 :42224 [internal_api.py:upload_file():1574] upload_file exception https://storage.googleapis.com/wandb-production.appspot.com/heene/YOLOv5/3tcp0bt2/media/images/Mosaics_1_2.jpg?Expires=1645663010&GoogleAccessId=wandb-production%40appspot.gserviceaccount.com&Signature=RW7phCeTe3rIrsi4wCDWxU0QJEc1WT2rxVuEXV4s5c37nuJUVd80DbD77DvP%2B3mh5G3hYRUsftOFyXM%2F1%2Be2DOF1Jo3Fp%2BsUGzkax%2BdQ%2BxGdUnIZWpD8r%2Fy325KGNBAx2umipkpyluQd6I4s%2FdoRyV4dflPXIyWMwaPQVa3R%2F37xrI7SbhscpLovoZJGMmAl%2F1cjOF3YzHNedc51GemEyowhjIYekABvgA40k4HyaZnksoUZ5tPLk00l1kW%2F991qUo6peLmLoT53b6bJnTWAWtraiLO5WPCU8cBe0EnEAVGSyB85XOwKuoHiWRkRY5LimPgwHIdPcnpwqTamuUu07A%3D%3D: HTTPSConnectionPool(host='storage.googleapis.com', port=443): Max retries exceeded with url: /wandb-production.appspot.com/heene/YOLOv5/3tcp0bt2/media/images/Mosaics_1_2.jpg?Expires=1645663010&GoogleAccessId=wandb-production%40appspot.gserviceaccount.com&Signature=RW7phCeTe3rIrsi4wCDWxU0QJEc1WT2rxVuEXV4s5c37nuJUVd80DbD77DvP%2B3mh5G3hYRUsftOFyXM%2F1%2Be2DOF1Jo3Fp%2BsUGzkax%2BdQ%2BxGdUnIZWpD8r%2Fy325KGNBAx2umipkpyluQd6I4s%2FdoRyV4dflPXIyWMwaPQVa3R%2F37xrI7SbhscpLovoZJGMmAl%2F1cjOF3YzHNedc51GemEyowhjIYekABvgA40k4HyaZnksoUZ5tPLk00l1kW%2F991qUo6peLmLoT53b6bJnTWAWtraiLO5WPCU8cBe0EnEAVGSyB85XOwKuoHiWRkRY5LimPgwHIdPcnpwqTamuUu07A%3D%3D (Caused by SSLError(SSLEOFError(8, 'EOF occurred in violation of protocol (_ssl.c:1131)')))
2022-02-23 08:41:49,475 ERROR   Thread-20 :42224 [internal_api.py:upload_file():1576] upload_file request headers: {'User-Agent': 'python-requests/2.25.1', 'Accept-Encoding': 'gzip, deflate', 'Accept': '*/*', 'Connection': 'keep-alive', 'Content-Length': '151235'}
2022-02-23 08:41:49,475 ERROR   Thread-20 :42224 [internal_api.py:upload_file():1578] upload_file response body: 
2022-02-23 08:41:51,102 INFO    Thread-12 :42224 [dir_watcher.py:_on_file_modified():230] file/dir modified: E:\learn\github_project\yolov5-face\wandb\run-20220223_083603-3tcp0bt2\files\output.log
2022-02-23 08:41:53,106 INFO    Thread-12 :42224 [dir_watcher.py:_on_file_modified():230] file/dir modified: E:\learn\github_project\yolov5-face\wandb\run-20220223_083603-3tcp0bt2\files\output.log
2022-02-23 08:41:53,581 DEBUG   HandlerThread:42224 [handler.py:handle_request():130] handle_request: stop_status
2022-02-23 08:41:55,109 INFO    Thread-12 :42224 [dir_watcher.py:_on_file_modified():230] file/dir modified: E:\learn\github_project\yolov5-face\wandb\run-20220223_083603-3tcp0bt2\files\output.log
2022-02-23 08:41:57,113 INFO    Thread-12 :42224 [dir_watcher.py:_on_file_modified():230] file/dir modified: E:\learn\github_project\yolov5-face\wandb\run-20220223_083603-3tcp0bt2\files\output.log
2022-02-23 08:41:59,118 INFO    Thread-12 :42224 [dir_watcher.py:_on_file_modified():230] file/dir modified: E:\learn\github_project\yolov5-face\wandb\run-20220223_083603-3tcp0bt2\files\output.log
2022-02-23 08:42:01,124 INFO    Thread-12 :42224 [dir_watcher.py:_on_file_modified():230] file/dir modified: E:\learn\github_project\yolov5-face\wandb\run-20220223_083603-3tcp0bt2\files\output.log
2022-02-23 08:42:03,129 INFO    Thread-12 :42224 [dir_watcher.py:_on_file_modified():230] file/dir modified: E:\learn\github_project\yolov5-face\wandb\run-20220223_083603-3tcp0bt2\files\output.log
2022-02-23 08:42:05,133 INFO    Thread-12 :42224 [dir_watcher.py:_on_file_modified():230] file/dir modified: E:\learn\github_project\yolov5-face\wandb\run-20220223_083603-3tcp0bt2\files\output.log
2022-02-23 08:42:07,137 INFO    Thread-12 :42224 [dir_watcher.py:_on_file_modified():230] file/dir modified: E:\learn\github_project\yolov5-face\wandb\run-20220223_083603-3tcp0bt2\files\output.log
2022-02-23 08:42:09,163 INFO    Thread-12 :42224 [dir_watcher.py:_on_file_modified():230] file/dir modified: E:\learn\github_project\yolov5-face\wandb\run-20220223_083603-3tcp0bt2\files\output.log
2022-02-23 08:42:11,167 INFO    Thread-12 :42224 [dir_watcher.py:_on_file_modified():230] file/dir modified: E:\learn\github_project\yolov5-face\wandb\run-20220223_083603-3tcp0bt2\files\output.log
2022-02-23 08:42:13,172 INFO    Thread-12 :42224 [dir_watcher.py:_on_file_modified():230] file/dir modified: E:\learn\github_project\yolov5-face\wandb\run-20220223_083603-3tcp0bt2\files\output.log
2022-02-23 08:42:13,580 DEBUG   HandlerThread:42224 [handler.py:handle_request():130] handle_request: stop_status
2022-02-23 08:42:15,176 INFO    Thread-12 :42224 [dir_watcher.py:_on_file_modified():230] file/dir modified: E:\learn\github_project\yolov5-face\wandb\run-20220223_083603-3tcp0bt2\files\output.log
2022-02-23 08:42:17,179 INFO    Thread-12 :42224 [dir_watcher.py:_on_file_modified():230] file/dir modified: E:\learn\github_project\yolov5-face\wandb\run-20220223_083603-3tcp0bt2\files\output.log
2022-02-23 08:42:19,182 INFO    Thread-12 :42224 [dir_watcher.py:_on_file_modified():230] file/dir modified: E:\learn\github_project\yolov5-face\wandb\run-20220223_083603-3tcp0bt2\files\output.log
2022-02-23 08:42:21,187 INFO    Thread-12 :42224 [dir_watcher.py:_on_file_modified():230] file/dir modified: E:\learn\github_project\yolov5-face\wandb\run-20220223_083603-3tcp0bt2\files\output.log
2022-02-23 08:42:23,192 INFO    Thread-12 :42224 [dir_watcher.py:_on_file_modified():230] file/dir modified: E:\learn\github_project\yolov5-face\wandb\run-20220223_083603-3tcp0bt2\files\output.log
2022-02-23 08:42:25,200 INFO    Thread-12 :42224 [dir_watcher.py:_on_file_modified():230] file/dir modified: E:\learn\github_project\yolov5-face\wandb\run-20220223_083603-3tcp0bt2\files\output.log
2022-02-23 08:42:27,204 INFO    Thread-12 :42224 [dir_watcher.py:_on_file_modified():230] file/dir modified: E:\learn\github_project\yolov5-face\wandb\run-20220223_083603-3tcp0bt2\files\output.log
2022-02-23 08:42:29,208 INFO    Thread-12 :42224 [dir_watcher.py:_on_file_modified():230] file/dir modified: E:\learn\github_project\yolov5-face\wandb\run-20220223_083603-3tcp0bt2\files\output.log
2022-02-23 08:42:31,216 INFO    Thread-12 :42224 [dir_watcher.py:_on_file_modified():230] file/dir modified: E:\learn\github_project\yolov5-face\wandb\run-20220223_083603-3tcp0bt2\files\output.log
2022-02-23 08:42:33,220 INFO    Thread-12 :42224 [dir_watcher.py:_on_file_modified():230] file/dir modified: E:\learn\github_project\yolov5-face\wandb\run-20220223_083603-3tcp0bt2\files\output.log
2022-02-23 08:42:33,581 DEBUG   HandlerThread:42224 [handler.py:handle_request():130] handle_request: stop_status
2022-02-23 08:42:35,280 INFO    Thread-12 :42224 [dir_watcher.py:_on_file_modified():230] file/dir modified: E:\learn\github_project\yolov5-face\wandb\run-20220223_083603-3tcp0bt2\files\output.log
2022-02-23 08:42:36,283 INFO    Thread-12 :42224 [dir_watcher.py:_on_file_modified():230] file/dir modified: E:\learn\github_project\yolov5-face\wandb\run-20220223_083603-3tcp0bt2\files\output.log
2022-02-23 08:42:38,323 INFO    Thread-12 :42224 [dir_watcher.py:_on_file_modified():230] file/dir modified: E:\learn\github_project\yolov5-face\wandb\run-20220223_083603-3tcp0bt2\files\output.log
2022-02-23 08:42:40,333 INFO    Thread-12 :42224 [dir_watcher.py:_on_file_modified():230] file/dir modified: E:\learn\github_project\yolov5-face\wandb\run-20220223_083603-3tcp0bt2\files\output.log
2022-02-23 08:42:42,340 INFO    Thread-12 :42224 [dir_watcher.py:_on_file_modified():230] file/dir modified: E:\learn\github_project\yolov5-face\wandb\run-20220223_083603-3tcp0bt2\files\output.log
2022-02-23 08:42:44,345 INFO    Thread-12 :42224 [dir_watcher.py:_on_file_modified():230] file/dir modified: E:\learn\github_project\yolov5-face\wandb\run-20220223_083603-3tcp0bt2\files\output.log
2022-02-23 08:42:46,350 INFO    Thread-12 :42224 [dir_watcher.py:_on_file_modified():230] file/dir modified: E:\learn\github_project\yolov5-face\wandb\run-20220223_083603-3tcp0bt2\files\output.log
2022-02-23 08:42:48,355 INFO    Thread-12 :42224 [dir_watcher.py:_on_file_modified():230] file/dir modified: E:\learn\github_project\yolov5-face\wandb\run-20220223_083603-3tcp0bt2\files\output.log
2022-02-23 08:42:50,363 INFO    Thread-12 :42224 [dir_watcher.py:_on_file_modified():230] file/dir modified: E:\learn\github_project\yolov5-face\wandb\run-20220223_083603-3tcp0bt2\files\output.log
2022-02-23 08:42:52,400 INFO    Thread-12 :42224 [dir_watcher.py:_on_file_modified():230] file/dir modified: E:\learn\github_project\yolov5-face\wandb\run-20220223_083603-3tcp0bt2\files\output.log
2022-02-23 08:42:53,584 DEBUG   HandlerThread:42224 [handler.py:handle_request():130] handle_request: stop_status
2022-02-23 08:42:54,406 INFO    Thread-12 :42224 [dir_watcher.py:_on_file_modified():230] file/dir modified: E:\learn\github_project\yolov5-face\wandb\run-20220223_083603-3tcp0bt2\files\output.log
2022-02-23 08:42:54,696 WARNING FileStreamThread:42224 [file_stream.py:request_with_retry():594] requests_with_retry encountered retryable exception: HTTPSConnectionPool(host='api.wandb.ai', port=443): Max retries exceeded with url: /files/heene/YOLOv5/3tcp0bt2/file_stream (Caused by SSLError(SSLEOFError(8, 'EOF occurred in violation of protocol (_ssl.c:1131)'))). func: <bound method Session.post of <requests.sessions.Session object at 0x0000023359692610>>, args: ('https://api.wandb.ai/files/heene/YOLOv5/3tcp0bt2/file_stream',), kwargs: {'json': {'files': {'output.log': {'offset': 12, 'content': ['ERROR 2022-02-23T00:40:31.987833       1/20      1.4G   0.05495   0.01328         0    0.1216    0.1898         6       800:  91%|           | 363/400 [01:45<00:10,  3.38it/s]\n']}}, 'dropped': 0}}
2022-02-23 08:42:56,413 INFO    Thread-12 :42224 [dir_watcher.py:_on_file_modified():230] file/dir modified: E:\learn\github_project\yolov5-face\wandb\run-20220223_083603-3tcp0bt2\files\output.log
2022-02-23 08:42:58,418 INFO    Thread-12 :42224 [dir_watcher.py:_on_file_modified():230] file/dir modified: E:\learn\github_project\yolov5-face\wandb\run-20220223_083603-3tcp0bt2\files\output.log
2022-02-23 08:43:00,421 INFO    Thread-12 :42224 [dir_watcher.py:_on_file_modified():230] file/dir modified: E:\learn\github_project\yolov5-face\wandb\run-20220223_083603-3tcp0bt2\files\output.log
2022-02-23 08:43:02,428 INFO    Thread-12 :42224 [dir_watcher.py:_on_file_modified():230] file/dir modified: E:\learn\github_project\yolov5-face\wandb\run-20220223_083603-3tcp0bt2\files\output.log
2022-02-23 08:43:04,433 INFO    Thread-12 :42224 [dir_watcher.py:_on_file_modified():230] file/dir modified: E:\learn\github_project\yolov5-face\wandb\run-20220223_083603-3tcp0bt2\files\output.log
2022-02-23 08:43:06,437 INFO    Thread-12 :42224 [dir_watcher.py:_on_file_modified():230] file/dir modified: E:\learn\github_project\yolov5-face\wandb\run-20220223_083603-3tcp0bt2\files\output.log
2022-02-23 08:43:08,440 INFO    Thread-12 :42224 [dir_watcher.py:_on_file_modified():230] file/dir modified: E:\learn\github_project\yolov5-face\wandb\run-20220223_083603-3tcp0bt2\files\output.log
2022-02-23 08:43:10,444 INFO    Thread-12 :42224 [dir_watcher.py:_on_file_modified():230] file/dir modified: E:\learn\github_project\yolov5-face\wandb\run-20220223_083603-3tcp0bt2\files\output.log
2022-02-23 08:43:12,448 INFO    Thread-12 :42224 [dir_watcher.py:_on_file_modified():230] file/dir modified: E:\learn\github_project\yolov5-face\wandb\run-20220223_083603-3tcp0bt2\files\output.log
2022-02-23 08:43:13,586 DEBUG   HandlerThread:42224 [handler.py:handle_request():130] handle_request: stop_status
2022-02-23 08:43:14,454 INFO    Thread-12 :42224 [dir_watcher.py:_on_file_modified():230] file/dir modified: E:\learn\github_project\yolov5-face\wandb\run-20220223_083603-3tcp0bt2\files\output.log
2022-02-23 08:43:16,459 INFO    Thread-12 :42224 [dir_watcher.py:_on_file_modified():230] file/dir modified: E:\learn\github_project\yolov5-face\wandb\run-20220223_083603-3tcp0bt2\files\output.log
2022-02-23 08:43:18,462 INFO    Thread-12 :42224 [dir_watcher.py:_on_file_modified():230] file/dir modified: E:\learn\github_project\yolov5-face\wandb\run-20220223_083603-3tcp0bt2\files\output.log
2022-02-23 08:43:20,466 INFO    Thread-12 :42224 [dir_watcher.py:_on_file_modified():230] file/dir modified: E:\learn\github_project\yolov5-face\wandb\run-20220223_083603-3tcp0bt2\files\output.log
2022-02-23 08:43:22,471 INFO    Thread-12 :42224 [dir_watcher.py:_on_file_modified():230] file/dir modified: E:\learn\github_project\yolov5-face\wandb\run-20220223_083603-3tcp0bt2\files\output.log
2022-02-23 08:43:24,474 INFO    Thread-12 :42224 [dir_watcher.py:_on_file_modified():230] file/dir modified: E:\learn\github_project\yolov5-face\wandb\run-20220223_083603-3tcp0bt2\files\output.log
2022-02-23 08:43:26,480 INFO    Thread-12 :42224 [dir_watcher.py:_on_file_modified():230] file/dir modified: E:\learn\github_project\yolov5-face\wandb\run-20220223_083603-3tcp0bt2\files\output.log
2022-02-23 08:43:28,483 INFO    Thread-12 :42224 [dir_watcher.py:_on_file_modified():230] file/dir modified: E:\learn\github_project\yolov5-face\wandb\run-20220223_083603-3tcp0bt2\files\output.log
2022-02-23 08:43:30,487 INFO    Thread-12 :42224 [dir_watcher.py:_on_file_modified():230] file/dir modified: E:\learn\github_project\yolov5-face\wandb\run-20220223_083603-3tcp0bt2\files\output.log
2022-02-23 08:43:32,491 INFO    Thread-12 :42224 [dir_watcher.py:_on_file_modified():230] file/dir modified: E:\learn\github_project\yolov5-face\wandb\run-20220223_083603-3tcp0bt2\files\output.log
2022-02-23 08:43:33,587 DEBUG   HandlerThread:42224 [handler.py:handle_request():130] handle_request: stop_status
2022-02-23 08:43:34,496 INFO    Thread-12 :42224 [dir_watcher.py:_on_file_modified():230] file/dir modified: E:\learn\github_project\yolov5-face\wandb\run-20220223_083603-3tcp0bt2\files\output.log
2022-02-23 08:43:36,521 INFO    Thread-12 :42224 [dir_watcher.py:_on_file_modified():230] file/dir modified: E:\learn\github_project\yolov5-face\wandb\run-20220223_083603-3tcp0bt2\files\output.log
2022-02-23 08:43:38,525 INFO    Thread-12 :42224 [dir_watcher.py:_on_file_modified():230] file/dir modified: E:\learn\github_project\yolov5-face\wandb\run-20220223_083603-3tcp0bt2\files\output.log
2022-02-23 08:43:40,528 INFO    Thread-12 :42224 [dir_watcher.py:_on_file_modified():230] file/dir modified: E:\learn\github_project\yolov5-face\wandb\run-20220223_083603-3tcp0bt2\files\output.log
2022-02-23 08:43:42,531 INFO    Thread-12 :42224 [dir_watcher.py:_on_file_modified():230] file/dir modified: E:\learn\github_project\yolov5-face\wandb\run-20220223_083603-3tcp0bt2\files\output.log
2022-02-23 08:43:44,535 INFO    Thread-12 :42224 [dir_watcher.py:_on_file_modified():230] file/dir modified: E:\learn\github_project\yolov5-face\wandb\run-20220223_083603-3tcp0bt2\files\output.log
2022-02-23 08:43:46,540 INFO    Thread-12 :42224 [dir_watcher.py:_on_file_modified():230] file/dir modified: E:\learn\github_project\yolov5-face\wandb\run-20220223_083603-3tcp0bt2\files\output.log
2022-02-23 08:43:48,543 INFO    Thread-12 :42224 [dir_watcher.py:_on_file_modified():230] file/dir modified: E:\learn\github_project\yolov5-face\wandb\run-20220223_083603-3tcp0bt2\files\output.log
2022-02-23 08:43:50,548 INFO    Thread-12 :42224 [dir_watcher.py:_on_file_modified():230] file/dir modified: E:\learn\github_project\yolov5-face\wandb\run-20220223_083603-3tcp0bt2\files\output.log
2022-02-23 08:43:52,552 INFO    Thread-12 :42224 [dir_watcher.py:_on_file_modified():230] file/dir modified: E:\learn\github_project\yolov5-face\wandb\run-20220223_083603-3tcp0bt2\files\output.log
2022-02-23 08:43:53,588 DEBUG   HandlerThread:42224 [handler.py:handle_request():130] handle_request: stop_status
2022-02-23 08:43:55,353 WARNING MainThread:42224 [internal.py:wandb_internal():146] Internal process interrupt: 1
2022-02-23 08:43:56,559 INFO    Thread-12 :42224 [dir_watcher.py:_on_file_modified():230] file/dir modified: E:\learn\github_project\yolov5-face\wandb\run-20220223_083603-3tcp0bt2\files\output.log
2022-02-23 08:43:57,724 INFO    Thread-12 :42224 [dir_watcher.py:_on_file_modified():230] file/dir modified: E:\learn\github_project\yolov5-face\wandb\run-20220223_083603-3tcp0bt2\files\output.log
2022-02-23 08:43:59,488 WARNING MainThread:42224 [internal.py:is_dead():366] Internal process exiting, parent pid 41692 disappeared
2022-02-23 08:43:59,488 ERROR   MainThread:42224 [internal.py:wandb_internal():142] Internal process shutdown.
2022-02-23 08:43:59,700 INFO    HandlerThread:42224 [handler.py:finish():731] shutting down handler
2022-02-23 08:43:59,762 INFO    WriterThread:42224 [datastore.py:close():281] close: E:\learn\github_project\yolov5-face\wandb\run-20220223_083603-3tcp0bt2\run-3tcp0bt2.wandb
